<testsuites tests="611" failures="48" disabled="45" time="10855.699937">


    (?i)integration


    <testsuite tests="18" time="36.873161" errors="17" failures="0" skipped="0" timestamp="2017-12-05 13:04:46Z"
               name="Join.Form.Customer.Selenium.dll.Join.Form.Customer.Selenium.Features._01_IntroductionPageFeature.">
        <testcase name="INTRO_09_VerifyIntroductionPageForCleverKash" assertions="23" time="36.377318" status="Passed"
                  classname="Join.Form.Customer.Selenium.Features._01_IntroductionPageFeature">

            <system-out>Given I start my Streamline application
                Navigating to URL: https://webappisamdev.asbbank.co.nz/public/join/asb/?grcDisabled=true
                -&gt; done: CommonSteps.GivenIStartMyStreamlineApplication() (0.7s)
                Given I am in the Clever Kash Introduction page
                Navigating to URL: https://webappisamdev.asbbank.co.nz/public/join/cleverkash/?grcDisabled=true
                -&gt; done: CommonSteps.GivenIAmInTheCleverKashIntroductionPage() (0.4s)
                And I am in the Introduction page
                12/6/2017 2:04:50 AMWaitForFeaturesPageLoad: Executing WaitForFrameAndSwitch
                12/6/2017 2:04:51 AMWaitForFeaturesPageLoad: Done executing WaitForFrameAndSwitch
                -&gt; done: IntroductionPageSteps.GivenIAmInTheIntroductionPage() (20.2s)
                Then the header image is displayed
                -&gt; done: IntroductionPageSteps.ThenTheHeaderImageIsDisplayed() (0.1s)
                And the Introduction heading and info text is displayed
                -&gt; done: IntroductionPageSteps.ThenTheIntroductionHeadingAndInfoTextIsDisplayed() (0.1s)
                And the It's easy to join section for Clever Kash is not displayed
                -&gt; done: IntroductionPageSteps.ThenTheItSEasyToJoinSectionForCleverKashIsNotDisplayed() (10.2s)
                And the Before you start section is displayed
                -&gt; done: IntroductionPageSteps.ThenTheBeforeYouStartSectionIsDisplayed() (0.2s)
                And the 'Over 18' tri-state controls has no default selection
                -&gt; done: IntroductionPageSteps.ThenTheTriStateControlsHasNoDefaultSelection("Over 18") (0.1s)
                And the 'NZ Resident' tri-state controls has no default selection
                -&gt; done: IntroductionPageSteps.ThenTheTriStateControlsHasNoDefaultSelection("NZ Resident") (0.1s)
                And the footer elements are displayed
                -&gt; done: IntroductionPageSteps.ThenTheFooterElementsAreDisplayed() (0.3s)
            </system-out>
        </testcase>
    </testsuite>
    <testsuite tests="8" time="21.298182" errors="7" failures="0" skipped="0" timestamp="2017-12-05 13:05:23Z"
               name="Join.Form.Customer.Selenium.dll.Join.Form.Customer.Selenium.Features._02_ProductsPageFeature.">
        <testcase name="PRODUCTS_01_VerifyUI_SelectProductsPage" assertions="18" time="21.294836" status="Passed"
                  classname="Join.Form.Customer.Selenium.Features._02_ProductsPageFeature">

            <system-out>Given I start my Streamline application
                Navigating to URL: https://webappisamdev.asbbank.co.nz/public/join/asb/?grcDisabled=true
                -&gt; done: CommonSteps.GivenIStartMyStreamlineApplication() (0.5s)
                Given I am in the Select Products page
                12/6/2017 2:05:35 AMWaitForFeaturesPageLoad: Executing WaitForFrameAndSwitch
                12/6/2017 2:05:35 AMWaitForFeaturesPageLoad: Done executing WaitForFrameAndSwitch
                -&gt; done: ProductsPageSteps.GivenIAmInTheSelectProductsPage() (14.7s)
                Then the Streamline transaction account details are displayed
                -&gt; done: ProductsPageSteps.ThenTheStreamlineTransactionAccountDetailsAreDisplayed() (0.2s)
                And the 'ASB Visa Debit Streamline Intro' details are displayed with preselected checkbox
                -&gt; done: ProductsPageSteps.ThenTheIsPreselected("ASB Visa Debit St...") (0.2s)
                And the 'FastSaver' account details are displayed with an unselected checkbox
                Unable to find product 'FastSaver' in page or product 'FastSaver' is not selected
                -&gt; done: ProductsPageSteps.ThenTheAccountDetailsAreDisplayedWithAnUnselectedCheckbox("FastSaver")
                (1.2s)
                And the 'Savings On Call' account details are displayed with an unselected checkbox
                Unable to find product 'Savings On Call' in page or product 'Savings On Call' is not selected
                -&gt; done: ProductsPageSteps.ThenTheAccountDetailsAreDisplayedWithAnUnselectedCheckbox("Savings On
                Call") (1.2s)
                And the products disclaimer is displayed
                -&gt; done: ProductsPageSteps.ThenTheProductsDisclaimerIsDisplayed() (0.1s)
            </system-out>
        </testcase>
    </testsuite>
    <testsuite tests="35" time="65.181189" errors="33" failures="0" skipped="0" timestamp="2017-12-05 13:05:44Z"
               name="Join.Form.Customer.Selenium.dll.Join.Form.Customer.Selenium.Features._03_PersonalDetailsFeature.">
        <testcase name="PDETAILS_14_SearchAndSelectStandardAddress" assertions="2" time="36.098346" status="Passed"
                  classname="Join.Form.Customer.Selenium.Features._03_PersonalDetailsFeature">

            <system-out>Given I start my Streamline application
                Navigating to URL: https://webappisamdev.asbbank.co.nz/public/join/asb/?grcDisabled=true
                -&gt; done: CommonSteps.GivenIStartMyStreamlineApplication() (0.8s)
                Given I am in the Personal Details page
                12/6/2017 2:05:56 AMWaitForFeaturesPageLoad: Executing WaitForFrameAndSwitch
                12/6/2017 2:05:56 AMWaitForFeaturesPageLoad: Done executing WaitForFrameAndSwitch
                Unable to find product 'Savings On Call' in page or product 'Savings On Call' is not selected
                Unable to find product 'FastSaver' in page or product 'FastSaver' is not selected
                -&gt; done: PersonalDetailsSteps.GivenIAmInThePersonalDetailsPage() (13.1s)
                When I search and select '12 Lake Road, Kaitaia' as 'Standard' address
                -&gt; done: PersonalDetailsSteps.WhenISearchAndSelectAsAddress("12 Lake Road, Kai...", "Standard")
                (18.4s)
                Then my 'Standard' address is displayed
                -&gt; done: PersonalDetailsSteps.ThenMyAddressIsDisplayed("Standard") (0.3s)
            </system-out>
        </testcase>
        <testcase name="PDETAILS_15_SearchAndSelectRuralDeliveryAddress" assertions="2" time="29.043784" status="Passed"
                  classname="Join.Form.Customer.Selenium.Features._03_PersonalDetailsFeature">

            <system-out>Given I start my Streamline application
                Navigating to URL: https://webappisamdev.asbbank.co.nz/public/join/asb/?grcDisabled=true
                -&gt; done: CommonSteps.GivenIStartMyStreamlineApplication() (0.5s)
                Given I am in the Personal Details page
                12/6/2017 2:06:32 AMWaitForFeaturesPageLoad: Executing WaitForFrameAndSwitch
                12/6/2017 2:06:32 AMWaitForFeaturesPageLoad: Done executing WaitForFrameAndSwitch
                Unable to find product 'Savings On Call' in page or product 'Savings On Call' is not selected
                Unable to find product 'FastSaver' in page or product 'FastSaver' is not selected
                -&gt; done: PersonalDetailsSteps.GivenIAmInThePersonalDetailsPage() (13.2s)
                When I search and select '21 Greens Road, RD 1, Kaiapoi' as 'Rural Delivery' address
                -&gt; done: PersonalDetailsSteps.WhenISearchAndSelectAsAddress("21 Greens Road, R...", "Rural Delivery")
                (14.0s)
                Then my 'Rural Delivery' address is displayed
                -&gt; done: PersonalDetailsSteps.ThenMyAddressIsDisplayed("Rural Delivery") (0.2s)
            </system-out>
        </testcase>
    </testsuite>
    <testsuite tests="95" time="43.767088" errors="94" failures="0" skipped="0" timestamp="2017-12-05 13:06:50Z"
               name="Join.Form.Customer.Selenium.dll.Join.Form.Customer.Selenium.Features._04_TaxDetailsFeature.">
        <testcase name="TAXINFO_27_TINNumberAddCoTR" assertions="30" time="43.756889" status="Passed"
                  classname="Join.Form.Customer.Selenium.Features._04_TaxDetailsFeature">

            <system-out>Given I start my Streamline application
                Navigating to URL: https://webappisamdev.asbbank.co.nz/public/join/asb/?grcDisabled=true
                -&gt; done: CommonSteps.GivenIStartMyStreamlineApplication() (0.7s)
                And I am in the Personal Details page
                12/6/2017 2:07:01 AMWaitForFeaturesPageLoad: Executing WaitForFrameAndSwitch
                12/6/2017 2:07:02 AMWaitForFeaturesPageLoad: Done executing WaitForFrameAndSwitch
                Unable to find product 'Savings On Call' in page or product 'Savings On Call' is not selected
                Unable to find product 'FastSaver' in page or product 'FastSaver' is not selected
                -&gt; done: PersonalDetailsSteps.GivenIAmInThePersonalDetailsPage() (13.3s)
                Given I enter all required details in the Personal details page and clicks on Next button:
                --- table step argument ---
                | Title | FirstName | MiddleName | LastName | DateOfBirth | Email | MobileNumber | CountriesCitizenship
                | PreferredIdType |
                | Miss | Automation | | FYICOB | 16 March 1978 | cob2016@asb.co.nz | 021-1234567890 | New Zealand |
                Other |
                -&gt; done: PersonalDetailsSteps.WhenIEnterAllRequiredDetailsForPersonalDetailsPage(&lt;table&gt;)
                (17.8s)
                Then the Tax Details page is displayed
                -&gt; done: AdditionalPersonalDetailsSteps.GivenIAmInTheTaxInformationPage() (0.0s)
                When I select 'Yes' in the Are you currently a New Zealand tax resident question
                -&gt; done: AdditionalPersonalDetailsSteps.WhenISelectInTheAreYouANewZealandTaxResidentQuestion("Yes")
                (0.2s)
                And I select 'Yes' in the Foreign tax resident question
                -&gt; done: AdditionalPersonalDetailsSteps.WhenISelectInTheForeignTaxResidentQuestion("Yes") (0.2s)
                And I click Add a country button
                -&gt; done: AdditionalPersonalDetailsSteps.WhenIClickAddACountryButton() (0.2s)
                Then the add CoTR takeover 'is' displayed
                -&gt; done: AdditionalPersonalDetailsSteps.ThenTheAddCoTRTakeoverDisplayed("is") (0.2s)
                When I select the country 'Australia' in the Countries where you have Foreign Tax Residence dropdown
                -&gt; done:
                AdditionalPersonalDetailsSteps.WhenISelectTheCountryInTheCountriesWhereYouHaveForeignTaxResidenceDropdown("Australia")
                (0.3s)
                Then the Foreign Tax Number field 'is' displayed
                -&gt; done: AdditionalPersonalDetailsSteps.ThenTheForeignTaxNumberFieldDisplayed("is") (0.1s)
                And the Where can I find this number? link opens in a new window
                -&gt; done: AdditionalPersonalDetailsSteps.ThenTheWhereCanIFindThisNumberLinkOpensInANewWindow() (1.6s)
                And the following blacklisted TINs are not accepted in Foreign Tax Number field
                --- table step argument ---
                | tin |
                | n/a |
                | na |
                | n.a |
                | n.a. |
                | n a |
                | tbd |
                | t.b.d |
                | t.b.d. |
                | t b d |
                | tbc |
                | t.b.c |
                | t.b.c. |
                | t b c |
                | unknown |
                | - |
                | -- |
                | --- |
                | ---- |
                | ----- |
                | none |
                | non |
                | don't know |
                | do not know |
                | &lt;&gt; |
                -&gt; done:
                AdditionalPersonalDetailsSteps.ThenTheFollowingBlacklistedTINsAreNotAcceptedInForeignTaxNumberField(&lt;table&gt;)
                (5.9s)
            </system-out>
        </testcase>
    </testsuite>


    <testsuite tests="4" time="125.639586" errors="0" failures="0" skipped="0" timestamp="2017-12-05 13:07:33Z"
               name="Join.Form.Customer.Selenium.dll.Join.Form.Customer.Selenium.Features._05_ASBLoginPageFeature.LOGIN_02_VerifyUsernameGeneration.">
        <testcase
                name="LOGIN_02_VerifyUsernameGeneration(&quot;Update all&quot;,&quot;new First&quot;,&quot;new Last&quot;,&quot;true&quot;,null)"
                assertions="7" time="33.797700" status="Passed"
                classname="Join.Form.Customer.Selenium.Features._05_ASBLoginPageFeature">

            <system-out>Given I start my Streamline application
                Navigating to URL: https://webappisamdev.asbbank.co.nz/public/join/asb/?grcDisabled=true
                -&gt; done: CommonSteps.GivenIStartMyStreamlineApplication() (0.9s)
                And I am in the Personal Details page
                12/6/2017 2:07:45 AMWaitForFeaturesPageLoad: Executing WaitForFrameAndSwitch
                12/6/2017 2:07:45 AMWaitForFeaturesPageLoad: Done executing WaitForFrameAndSwitch
                Unable to find product 'Savings On Call' in page or product 'Savings On Call' is not selected
                Unable to find product 'FastSaver' in page or product 'FastSaver' is not selected
                -&gt; done: PersonalDetailsSteps.GivenIAmInThePersonalDetailsPage() (13.1s)
                And I enter all required details in the Personal details page and clicks on Next button:
                --- table step argument ---
                | Title | FirstName | MiddleName | LastName | DateOfBirth | Email | MobileNumber | CountriesCitizenship
                | PreferredIdType |
                | Miss | Mary | Middle | Thomas | 16 March 1978 | cob2016@asb.co.nz | 021-1234567890 | New Zealand |
                Other |
                -&gt; done: PersonalDetailsSteps.WhenIEnterAllRequiredDetailsForPersonalDetailsPage(&lt;table&gt;)
                (12.4s)
                And I enter mandatory Tax Information for NZ citizen and clicks on Next button
                -&gt; done: AdditionalPersonalDetailsSteps.GivenIEnterMandatoryTaxInformationForNZCitizen() (0.6s)
                Given I am in the ASB Login page
                -&gt; done: ASBLoginPageSteps.GivenIAmInTheASBLoginPage() (0.8s)
                And the generated username is displayed
                -&gt; done: ASBLoginPageSteps.GivenTheGeneratedUsernameIsDisplayed() (0.5s)
                When I click on 'Previous' button
                -&gt; done: CommonSteps.WhenIClickOnButton("Previous") (0.1s)
                And I click on 'Previous' button
                -&gt; done: CommonSteps.WhenIClickOnButton("Previous") (0.2s)
                And the 'Personal Details' screen of Join ASB page is displayed
                -&gt; done: CommonSteps.ThenTheScreenOfJoinASBPageIsDisplayed("Personal Details") (0.1s)
                And I enter my Firstname as 'new First' and Lastname as 'new Last'
                -&gt; done: PersonalDetailsSteps.WhenIEnterMyFirstnameAsAndLastnameAs("new First", "new Last") (1.6s)
                And I click on 'Next' button
                -&gt; done: CommonSteps.WhenIClickOnButton("Next") (0.1s)
                And I click on 'Next' button
                -&gt; done: CommonSteps.WhenIClickOnButton("Next") (0.1s)
                And the 'ASB Login' screen of Join ASB page is displayed
                -&gt; done: CommonSteps.ThenTheScreenOfJoinASBPageIsDisplayed("ASB Login") (0.1s)
                Then I expect my username to be 'true'
                -&gt; done: ASBLoginPageSteps.ThenIExpectMyUsernameToBe(True) (0.3s)
            </system-out>
        </testcase>
        <testcase
                name="LOGIN_02_VerifyUsernameGeneration(&quot;No change&quot;,&quot;same&quot;,&quot;same&quot;,&quot;false&quot;,null)"
                assertions="5" time="28.387725" status="Passed"
                classname="Join.Form.Customer.Selenium.Features._05_ASBLoginPageFeature">

            <system-out>Given I start my Streamline application
                Navigating to URL: https://webappisamdev.asbbank.co.nz/public/join/asb/?grcDisabled=true
                -&gt; done: CommonSteps.GivenIStartMyStreamlineApplication() (0.5s)
                And I am in the Personal Details page
                12/6/2017 2:08:19 AMWaitForFeaturesPageLoad: Executing WaitForFrameAndSwitch
                12/6/2017 2:08:19 AMWaitForFeaturesPageLoad: Done executing WaitForFrameAndSwitch
                Unable to find product 'Savings On Call' in page or product 'Savings On Call' is not selected
                Unable to find product 'FastSaver' in page or product 'FastSaver' is not selected
                -&gt; done: PersonalDetailsSteps.GivenIAmInThePersonalDetailsPage() (13.1s)
                And I enter all required details in the Personal details page and clicks on Next button:
                --- table step argument ---
                | Title | FirstName | MiddleName | LastName | DateOfBirth | Email | MobileNumber | CountriesCitizenship
                | PreferredIdType |
                | Miss | Mary | Middle | Thomas | 16 March 1978 | cob2016@asb.co.nz | 021-1234567890 | New Zealand |
                Other |
                -&gt; done: PersonalDetailsSteps.WhenIEnterAllRequiredDetailsForPersonalDetailsPage(&lt;table&gt;)
                (11.9s)
                And I enter mandatory Tax Information for NZ citizen and clicks on Next button
                -&gt; done: AdditionalPersonalDetailsSteps.GivenIEnterMandatoryTaxInformationForNZCitizen() (0.5s)
                Given I am in the ASB Login page
                -&gt; done: ASBLoginPageSteps.GivenIAmInTheASBLoginPage() (0.3s)
                And the generated username is displayed
                -&gt; done: ASBLoginPageSteps.GivenTheGeneratedUsernameIsDisplayed() (0.3s)
                When I click on 'Previous' button
                -&gt; done: CommonSteps.WhenIClickOnButton("Previous") (0.1s)
                And I click on 'Previous' button
                -&gt; done: CommonSteps.WhenIClickOnButton("Previous") (0.2s)
                And the 'Personal Details' screen of Join ASB page is displayed
                -&gt; done: CommonSteps.ThenTheScreenOfJoinASBPageIsDisplayed("Personal Details") (0.0s)
                And I enter my Firstname as 'same' and Lastname as 'same'
                -&gt; done: PersonalDetailsSteps.WhenIEnterMyFirstnameAsAndLastnameAs("same", "same") (0.0s)
                And I click on 'Next' button
                -&gt; done: CommonSteps.WhenIClickOnButton("Next") (0.1s)
                And I click on 'Next' button
                -&gt; done: CommonSteps.WhenIClickOnButton("Next") (0.1s)
                And the 'ASB Login' screen of Join ASB page is displayed
                -&gt; done: CommonSteps.ThenTheScreenOfJoinASBPageIsDisplayed("ASB Login") (0.0s)
                Then I expect my username to be 'false'
                -&gt; done: ASBLoginPageSteps.ThenIExpectMyUsernameToBe(False) (0.1s)
            </system-out>
        </testcase>
        <testcase
                name="LOGIN_02_VerifyUsernameGeneration(&quot;Update Firstname&quot;,&quot;new First&quot;,&quot;same&quot;,&quot;true&quot;,null)"
                assertions="7" time="31.917775" status="Passed"
                classname="Join.Form.Customer.Selenium.Features._05_ASBLoginPageFeature">

            <system-out>Given I start my Streamline application
                Navigating to URL: https://webappisamdev.asbbank.co.nz/public/join/asb/?grcDisabled=true
                -&gt; done: CommonSteps.GivenIStartMyStreamlineApplication() (0.7s)
                And I am in the Personal Details page
                12/6/2017 2:08:47 AMWaitForFeaturesPageLoad: Executing WaitForFrameAndSwitch
                12/6/2017 2:08:47 AMWaitForFeaturesPageLoad: Done executing WaitForFrameAndSwitch
                Unable to find product 'Savings On Call' in page or product 'Savings On Call' is not selected
                Unable to find product 'FastSaver' in page or product 'FastSaver' is not selected
                -&gt; done: PersonalDetailsSteps.GivenIAmInThePersonalDetailsPage() (13.1s)
                And I enter all required details in the Personal details page and clicks on Next button:
                --- table step argument ---
                | Title | FirstName | MiddleName | LastName | DateOfBirth | Email | MobileNumber | CountriesCitizenship
                | PreferredIdType |
                | Miss | Mary | Middle | Thomas | 16 March 1978 | cob2016@asb.co.nz | 021-1234567890 | New Zealand |
                Other |
                -&gt; done: PersonalDetailsSteps.WhenIEnterAllRequiredDetailsForPersonalDetailsPage(&lt;table&gt;)
                (12.0s)
                And I enter mandatory Tax Information for NZ citizen and clicks on Next button
                -&gt; done: AdditionalPersonalDetailsSteps.GivenIEnterMandatoryTaxInformationForNZCitizen() (0.6s)
                Given I am in the ASB Login page
                -&gt; done: ASBLoginPageSteps.GivenIAmInTheASBLoginPage() (0.2s)
                And the generated username is displayed
                -&gt; done: ASBLoginPageSteps.GivenTheGeneratedUsernameIsDisplayed() (0.2s)
                When I click on 'Previous' button
                -&gt; done: CommonSteps.WhenIClickOnButton("Previous") (0.1s)
                And I click on 'Previous' button
                -&gt; done: CommonSteps.WhenIClickOnButton("Previous") (0.2s)
                And the 'Personal Details' screen of Join ASB page is displayed
                -&gt; done: CommonSteps.ThenTheScreenOfJoinASBPageIsDisplayed("Personal Details") (0.1s)
                And I enter my Firstname as 'new First' and Lastname as 'same'
                -&gt; done: PersonalDetailsSteps.WhenIEnterMyFirstnameAsAndLastnameAs("new First", "same") (0.9s)
                And I click on 'Next' button
                -&gt; done: CommonSteps.WhenIClickOnButton("Next") (0.1s)
                And I click on 'Next' button
                -&gt; done: CommonSteps.WhenIClickOnButton("Next") (0.1s)
                And the 'ASB Login' screen of Join ASB page is displayed
                -&gt; done: CommonSteps.ThenTheScreenOfJoinASBPageIsDisplayed("ASB Login") (0.1s)
                Then I expect my username to be 'true'
                -&gt; done: ASBLoginPageSteps.ThenIExpectMyUsernameToBe(True) (0.2s)
            </system-out>
        </testcase>
        <testcase
                name="LOGIN_02_VerifyUsernameGeneration(&quot;Update Lastname&quot;,&quot;same&quot;,&quot;new Last&quot;,&quot;true&quot;,null)"
                assertions="7" time="31.492808" status="Passed"
                classname="Join.Form.Customer.Selenium.Features._05_ASBLoginPageFeature">

            <system-out>Given I start my Streamline application
                Navigating to URL: https://webappisamdev.asbbank.co.nz/public/join/asb/?grcDisabled=true
                -&gt; done: CommonSteps.GivenIStartMyStreamlineApplication() (0.6s)
                And I am in the Personal Details page
                12/6/2017 2:09:19 AMWaitForFeaturesPageLoad: Executing WaitForFrameAndSwitch
                12/6/2017 2:09:19 AMWaitForFeaturesPageLoad: Done executing WaitForFrameAndSwitch
                Unable to find product 'Savings On Call' in page or product 'Savings On Call' is not selected
                Unable to find product 'FastSaver' in page or product 'FastSaver' is not selected
                -&gt; done: PersonalDetailsSteps.GivenIAmInThePersonalDetailsPage() (13.0s)
                And I enter all required details in the Personal details page and clicks on Next button:
                --- table step argument ---
                | Title | FirstName | MiddleName | LastName | DateOfBirth | Email | MobileNumber | CountriesCitizenship
                | PreferredIdType |
                | Miss | Mary | Middle | Thomas | 16 March 1978 | cob2016@asb.co.nz | 021-1234567890 | New Zealand |
                Other |
                -&gt; done: PersonalDetailsSteps.WhenIEnterAllRequiredDetailsForPersonalDetailsPage(&lt;table&gt;)
                (11.8s)
                And I enter mandatory Tax Information for NZ citizen and clicks on Next button
                -&gt; done: AdditionalPersonalDetailsSteps.GivenIEnterMandatoryTaxInformationForNZCitizen() (0.6s)
                Given I am in the ASB Login page
                -&gt; done: ASBLoginPageSteps.GivenIAmInTheASBLoginPage() (0.2s)
                And the generated username is displayed
                -&gt; done: ASBLoginPageSteps.GivenTheGeneratedUsernameIsDisplayed() (0.2s)
                When I click on 'Previous' button
                -&gt; done: CommonSteps.WhenIClickOnButton("Previous") (0.1s)
                And I click on 'Previous' button
                -&gt; done: CommonSteps.WhenIClickOnButton("Previous") (0.2s)
                And the 'Personal Details' screen of Join ASB page is displayed
                -&gt; done: CommonSteps.ThenTheScreenOfJoinASBPageIsDisplayed("Personal Details") (0.1s)
                And I enter my Firstname as 'same' and Lastname as 'new Last'
                -&gt; done: PersonalDetailsSteps.WhenIEnterMyFirstnameAsAndLastnameAs("same", "new Last") (1.1s)
                And I click on 'Next' button
                -&gt; done: CommonSteps.WhenIClickOnButton("Next") (0.1s)
                And I click on 'Next' button
                -&gt; done: CommonSteps.WhenIClickOnButton("Next") (0.1s)
                And the 'ASB Login' screen of Join ASB page is displayed
                -&gt; done: CommonSteps.ThenTheScreenOfJoinASBPageIsDisplayed("ASB Login") (0.2s)
                Then I expect my username to be 'true'
                -&gt; done: ASBLoginPageSteps.ThenIExpectMyUsernameToBe(True) (0.3s)
            </system-out>
        </testcase>
    </testsuite>

    <testsuite tests="42" time="368.912917" errors="41" failures="1" skipped="0" timestamp="2017-12-05 13:09:39Z"
               name="Join.Form.Customer.Selenium.dll.Join.Form.Customer.Selenium.Features._06_SummaryPageFeature.">
        <testcase name="SUMMARY_09_VerifyThePageBehaviourWhenTheUserClicksOnConfirmButton" assertions="2"
                  time="368.893912" status="Failed"
                  classname="Join.Form.Customer.Selenium.Features._06_SummaryPageFeature">

            <failure
                    message="System.Exception : no such element: Unable to locate element: {&quot;method&quot;:&quot;css selector&quot;,&quot;selector&quot;:&quot;#loggingYouIn&quot;}&#10;  (Session info: chrome=60.0.3112.78)&#10;  (Driver info: chromedriver=2.29.461591 (62ebf098771772160f391d75e589dc567915b233),platform=Windows NT 6.3.9600 x86_64)&#10;  ----&gt; OpenQA.Selenium.NoSuchElementException : no such element: Unable to locate element: {&quot;method&quot;:&quot;css selector&quot;,&quot;selector&quot;:&quot;#loggingYouIn&quot;}&#10;  (Session info: chrome=60.0.3112.78)&#10;  (Driver info: chromedriver=2.29.461591 (62ebf098771772160f391d75e589dc567915b233),platform=Windows NT 6.3.9600 x86_64)">
                at ASB.Test.Automation.Utils.Retry.Retry.Execute(Func`1 function, Int32 retryInterval, Int32 retryCount,
                String exceptionMessage)
                at
                Join.Form.Customer.Selenium.StepDefinitions.ConfirmationPageSteps.ThenTheLoggingYouInProgressPageIsDisplayed()
                at TechTalk.SpecFlow.Bindings.BindingInvoker.InvokeBinding(IBinding binding, IContextManager
                contextManager, Object[] arguments, ITestTracer testTracer, TimeSpan&amp; duration)
                at TechTalk.SpecFlow.Infrastructure.TestExecutionEngine.ExecuteStepMatch(BindingMatch match, Object[]
                arguments)
                at TechTalk.SpecFlow.Infrastructure.TestExecutionEngine.ExecuteStep(StepInstance stepInstance)
                at TechTalk.SpecFlow.Infrastructure.TestExecutionEngine.OnAfterLastStep()
                at Join.Form.Customer.Selenium.Features._06_SummaryPageFeature.ScenarioCleanup()
                at
                Join.Form.Customer.Selenium.Features._06_SummaryPageFeature.SUMMARY_09_VerifyThePageBehaviourWhenTheUserClicksOnConfirmButton()
                --NoSuchElementException
                at OpenQA.Selenium.Remote.RemoteWebDriver.UnpackAndThrowOnError(Response errorResponse)
                at OpenQA.Selenium.Remote.RemoteWebDriver.Execute(String driverCommandToExecute, Dictionary`2
                parameters)
                at OpenQA.Selenium.Remote.RemoteWebDriver.FindElement(String mechanism, String value)
                at Join.Form.Customer.Selenium.Pages.FeaturesPage.IsPageActive(String pageName, IWebDriver driver)
                at Join.Form.Customer.Selenium.StepDefinitions.ConfirmationPageSteps.&lt;ThenTheLoggingYouInProgressPageIsDisplayed&gt;b__9_0()
                at ASB.Test.Automation.Utils.Retry.Retry.Execute(Func`1 function, Int32 retryInterval, Int32 retryCount,
                String exceptionMessage)
            </failure>
            <system-out>Given I start my Streamline application
                Navigating to URL: https://webappisamdev.asbbank.co.nz/public/join/asb/?grcDisabled=true
                -&gt; done: CommonSteps.GivenIStartMyStreamlineApplication() (0.6s)
                And I am in the Personal Details page
                12/6/2017 2:09:51 AMWaitForFeaturesPageLoad: Executing WaitForFrameAndSwitch
                12/6/2017 2:09:51 AMWaitForFeaturesPageLoad: Done executing WaitForFrameAndSwitch
                Unable to find product 'Savings On Call' in page or product 'Savings On Call' is not selected
                Unable to find product 'FastSaver' in page or product 'FastSaver' is not selected
                -&gt; done: PersonalDetailsSteps.GivenIAmInThePersonalDetailsPage() (13.1s)
                And I enter all required details in the Personal details page and clicks on Next button:
                --- table step argument ---
                | Title | FirstName | MiddleName | LastName | DateOfBirth | Email | MobileNumber | CountriesCitizenship
                | PreferredIdType |
                | Miss | Automation | Middle | RANDOM | 16 March 1978 | cob2016@asb.co.nz | 021-1234567890 | New Zealand
                | Other |
                -&gt; done: PersonalDetailsSteps.WhenIEnterAllRequiredDetailsForPersonalDetailsPage(&lt;table&gt;)
                (12.8s)
                And I enter mandatory Tax Information for NZ citizen and clicks on Next button
                -&gt; done: AdditionalPersonalDetailsSteps.GivenIEnterMandatoryTaxInformationForNZCitizen() (0.5s)
                And I enter 'Kiwi77nz' password and 'MyCode01' verbal password in the ASB Login page and clicks on Next
                button
                -&gt; done:
                ASBLoginPageSteps.WhenIEnterPasswordAndVerbalPasswordInTheASBLoginPageAndClicksOnNextButton("Kiwi77nz",
                "MyCode01") (1.2s)
                Given I am in the Summary page
                -&gt; done: SummaryPageSteps.GivenIAmInTheSummaryPage() (0.1s)
                When I 'mark' the I agree to the Terms and Conditions checkbox
                -&gt; done: SummaryPageSteps.WhenITheIAgreeCheckbox("mark") (1.1s)
                And I 'mark' the I agree to the Background Address verification checkbox
                -&gt; done: SummaryPageSteps.WhenITheIAgreeToTheBackgroundAddressVerificationCheckbox("mark") (1.1s)
                And I click on 'Confirm' button
                -&gt; done: CommonSteps.WhenIClickOnButton("Confirm") (0.1s)
                Then the 'Processing' screen of Join ASB page is displayed
                -&gt; done: CommonSteps.ThenTheScreenOfJoinASBPageIsDisplayed("Processing") (0.0s)
                And the Logging you in progress page is displayed
                -&gt; error: no such element: Unable to locate element: {"method":"css
                selector","selector":"#loggingYouIn"}
                (Session info: chrome=60.0.3112.78)
                (Driver info: chromedriver=2.29.461591 (62ebf098771772160f391d75e589dc567915b233),platform=Windows NT
                6.3.9600 x86_64)
                And the Activation page is displayed
                -&gt; skipped because of previous errors
            </system-out>
        </testcase>
    </testsuite>
    <testsuite tests="12" time="295.639593" errors="6" failures="1" skipped="0" timestamp="2017-12-05 13:15:48Z"
               name="Join.Form.Customer.Selenium.dll.Join.Form.Customer.Selenium.Features._07_ConfirmationFeature.">
        <testcase name="CNFM_01_VerifyConfirmationScreen_BadCustomerCheckBlock" assertions="19" time="44.275422"
                  status="Passed" classname="Join.Form.Customer.Selenium.Features._07_ConfirmationFeature">

            <system-out>Given I start my Streamline application
                Navigating to URL: https://webappisamdev.asbbank.co.nz/public/join/asb/?grcDisabled=true
                -&gt; done: CommonSteps.GivenIStartMyStreamlineApplication() (0.6s)
                Given I select the following products: 'Streamline intro, ASB Visa Debit Streamline Intro'
                12/6/2017 2:16:00 AMWaitForFeaturesPageLoad: Executing WaitForFrameAndSwitch
                12/6/2017 2:16:00 AMWaitForFeaturesPageLoad: Done executing WaitForFrameAndSwitch
                Unable to find product 'FastSaver' in page or product 'FastSaver' is not selected
                Unable to find product 'Savings On Call' in page or product 'Savings On Call' is not selected
                Unable to find product 'Savings On Call' in page or product 'Savings On Call' is not selected
                Unable to find product 'FastSaver' in page or product 'FastSaver' is not selected
                -&gt; done: ProductsPageSteps.WhenIChangeMySelectedProductsTo("Streamline intro,...") (15.1s)
                And I enter all required details and navigate to Summary page
                --- table step argument ---
                | Title | FirstName | MiddleName | LastName | DateOfBirth | Email | MobileNumber | CountriesCitizenship
                | PreferredIdType | Password | VerbalPassword |
                | Mr | Michael | Sam | Wayne | 1 June 1983 | cob2016@asb.co.nz | 021-RANDOM | New Zealand | Other |
                Kiwi77nz | MyCode01 |
                Given I enter mandatory Tax Information for NZ citizen and clicks on Next button
                -&gt; done: AdditionalPersonalDetailsSteps.GivenIEnterMandatoryTaxInformationForNZCitizen() (0.6s)
                -&gt; done: PersonalDetailsSteps.GivenIEnterAllRequiredDetailsAndNavigateToSummaryPage(&lt;table&gt;)
                (15.7s)
                When I confirm details on the Summary page
                UniqueId:
                Title: Mr
                FirstName: Michael
                MiddleName: Sam
                LastName: Wayne
                Email: cob2016@asb.co.nz
                Gender:
                DateOfBirth: 6/1/1983 12:00:00 AM
                DateCreated:
                LastReviewDate:
                Cals:
                IsIndividual:
                NzCitizen:
                NzResidence:
                HighValueCustomer:
                StaffMember:
                AmlVerified:
                VipCustomer:
                Addresses: System.Collections.Generic.List`1[ASB.Selenium.DataModel.Customer.Address]
                AddressInformation: ASB.Selenium.DataModel.Customer.AddressInformation
                CompanyName:
                CompanyType:
                CompanySubType:
                CustomerTypeCode:
                IrdNumber:
                TaxClass:
                TaxClassDate:
                IsNzTaxResident: True
                NonResidentCountryCode:
                IsForeignTaxResident: False
                ForeignTaxResidencyStatus:
                IsProfileEnhanced:
                Phones: System.Collections.Generic.List`1[ASB.Selenium.DataModel.Customer.Phone]
                NextOfKin:
                EmploymentDetails:
                LinkedCustomers:
                AccountRelationships:
                IdType:
                Fatca: ASB.Selenium.DataModel.Customer.Fatca
                CitizenshipCountryCodes:
                CitizenshipCountryNames: System.Collections.Generic.List`1[System.String]
                ForeignTaxResidenceTypes:
                System.Collections.Generic.List`1[ASB.Selenium.DataModel.Customer.ForeignTaxResidenceTypes]
                OnboardingDetail: ASB.Selenium.DataModel.Customer.OnboardingDetail
                AddressVerificationStatus:
                IdVerificationStatus:
                PreferredIdType: Other
                IsProfileComplete: True
                DaysRemaining: 0
                OnboardingStatus:
                NewAccounts: System.Collections.Generic.List`1[ASB.Selenium.DataModel.Customer.Accounts]
                FailedAccounts: System.Collections.Generic.List`1[ASB.Selenium.DataModel.Customer.Accounts]
                OnboardingSource: JoinASB
                CustomerCreated:
                LoginCreated:
                RegisteredForNetcode:
                AccountsCreated:
                CustomerAccessToken:
                VerificationPassword: MyCode01
                LoginDetail: ASB.Selenium.DataModel.Customer.Login
                CustomerType:
                Cif:
                Username: mway04899
                UsernameApi:
                Password: Kiwi77nz&#57348;
                PublicKey:
                AcceptedTermsAndConditions:
                BackgroundCheckConsent:
                PreferredIdType:
                -&gt; done: SummaryPageSteps.WhenIConfirmDetailsOnTheSummaryPage() (2.9s)
                Then System Unavailable screen is displayed
                -&gt; done: ConfirmationPageSteps.ThenSystemUnavailableScreenIsDisplayed("is") (1.6s)
                And a message advising me of difficulties signing me up online and to contact ASB is displayed
                -&gt; done:
                ConfirmationPageSteps.ThenAMessageAdvisingMeOfDifficultiesSigningMeUpOnlineAndToContactASBIsDisplayed("is")
                (0.0s)
                And the Confirmation page for duplicate 'bad' customer with open products is displayed
                Unable to find FNC Login section!
                -&gt; done: ConfirmationPageSteps.ThenTheConfirmationPageForCustomerIsDisplayed("bad") (2.2s)
                And the 'Find a branch' button opens in a new window
                -&gt; done: CommonSteps.ThenTheButtonOpensInANewWindow("Find a branch") (2.6s)
            </system-out>
        </testcase>
        <testcase name="CNFM_04_ExistingCustomerCheck_FNCOpenApplyRedirect" assertions="28" time="79.765700"
                  status="Failed" classname="Join.Form.Customer.Selenium.Features._07_ConfirmationFeature">

            <failure
                    message="System.Exception : no such element: Unable to locate element: {&quot;method&quot;:&quot;xpath&quot;,&quot;selector&quot;:&quot;//div[@class='noOutline' and contains(text(),'Open an Account')]&quot;}&#10;  (Session info: chrome=60.0.3112.78)&#10;  (Driver info: chromedriver=2.29.461591 (62ebf098771772160f391d75e589dc567915b233),platform=Windows NT 6.3.9600 x86_64)&#10;  ----&gt; OpenQA.Selenium.NoSuchElementException : no such element: Unable to locate element: {&quot;method&quot;:&quot;xpath&quot;,&quot;selector&quot;:&quot;//div[@class='noOutline' and contains(text(),'Open an Account')]&quot;}&#10;  (Session info: chrome=60.0.3112.78)&#10;  (Driver info: chromedriver=2.29.461591 (62ebf098771772160f391d75e589dc567915b233),platform=Windows NT 6.3.9600 x86_64)">
                at ASB.Test.Automation.Utils.Retry.Retry.Execute(Func`1 function, Int32 retryInterval, Int32 retryCount,
                String exceptionMessage)
                at
                Join.Form.Customer.Selenium.StepDefinitions.ConfirmationPageSteps.ThenFNCOpenApplyPageIsDisplayedOnClickOfLoginButton()
                at TechTalk.SpecFlow.Bindings.BindingInvoker.InvokeBinding(IBinding binding, IContextManager
                contextManager, Object[] arguments, ITestTracer testTracer, TimeSpan&amp; duration)
                at TechTalk.SpecFlow.Infrastructure.TestExecutionEngine.ExecuteStepMatch(BindingMatch match, Object[]
                arguments)
                at TechTalk.SpecFlow.Infrastructure.TestExecutionEngine.ExecuteStep(StepInstance stepInstance)
                at TechTalk.SpecFlow.Infrastructure.TestExecutionEngine.OnAfterLastStep()
                at Join.Form.Customer.Selenium.Features._07_ConfirmationFeature.ScenarioCleanup()
                at
                Join.Form.Customer.Selenium.Features._07_ConfirmationFeature.CNFM_04_ExistingCustomerCheck_FNCOpenApplyRedirect()
                --NoSuchElementException
                at OpenQA.Selenium.Remote.RemoteWebDriver.UnpackAndThrowOnError(Response errorResponse)
                at OpenQA.Selenium.Remote.RemoteWebDriver.Execute(String driverCommandToExecute, Dictionary`2
                parameters)
                at OpenQA.Selenium.Remote.RemoteWebDriver.FindElement(String mechanism, String value)
                at Join.Form.Customer.Selenium.StepDefinitions.ConfirmationPageSteps.&lt;ThenFNCOpenApplyPageIsDisplayedOnClickOfLoginButton&gt;b__14_0()
                at ASB.Test.Automation.Utils.Retry.Retry.Execute(Func`1 function, Int32 retryInterval, Int32 retryCount,
                String exceptionMessage)
            </failure>
            <system-out>Given I start my Streamline application
                Navigating to URL: https://webappisamdev.asbbank.co.nz/public/join/asb/?grcDisabled=true
                -&gt; done: CommonSteps.GivenIStartMyStreamlineApplication() (0.7s)
                Given I am an existing ASB customer
                Navigating to URL: https://webappisamdev.asbbank.co.nz/public/join/asb/?grcDisabled=true&amp;fncJunctionNumber=104
                -&gt; done: CommonSteps.GivenIAmAnExistingASBCustomer() (0.4s)
                And I select the following products: 'Streamline intro,ASB Visa Debit Streamline Intro,Savings On
                Call,FastSaver'
                12/6/2017 2:19:36 AMWaitForFeaturesPageLoad: Executing WaitForFrameAndSwitch
                12/6/2017 2:19:36 AMWaitForFeaturesPageLoad: Done executing WaitForFrameAndSwitch
                Unable to find product 'Savings On Call' in page or product 'Savings On Call' is not selected
                Unable to find product 'FastSaver' in page or product 'FastSaver' is not selected
                -&gt; done: ProductsPageSteps.WhenIChangeMySelectedProductsTo("Streamline intro,...") (19.2s)
                And I enter all required details and navigate to Summary page
                --- table step argument ---
                | Title | FirstName | MiddleName | LastName | DateOfBirth | Email | MobileNumber | CountriesCitizenship
                | PreferredIdType | Password | VerbalPassword |
                | Miss | Butcher | Close | Wolf | 1 January 1980 | cob2016@asb.co.nz | 021-RANDOM | New Zealand | Other
                | Kiwi77nz | MyCode01 |
                Given I enter mandatory Tax Information for NZ citizen and clicks on Next button
                -&gt; done: AdditionalPersonalDetailsSteps.GivenIEnterMandatoryTaxInformationForNZCitizen() (0.5s)
                -&gt; done: PersonalDetailsSteps.GivenIEnterAllRequiredDetailsAndNavigateToSummaryPage(&lt;table&gt;)
                (15.2s)
                When I confirm details on the Summary page
                UniqueId:
                Title: Miss
                FirstName: Butcher
                MiddleName: Close
                LastName: Wolf
                Email: cob2016@asb.co.nz
                Gender:
                DateOfBirth: 1/1/1980 12:00:00 AM
                DateCreated:
                LastReviewDate:
                Cals:
                IsIndividual:
                NzCitizen:
                NzResidence:
                HighValueCustomer:
                StaffMember:
                AmlVerified:
                VipCustomer:
                Addresses: System.Collections.Generic.List`1[ASB.Selenium.DataModel.Customer.Address]
                AddressInformation: ASB.Selenium.DataModel.Customer.AddressInformation
                CompanyName:
                CompanyType:
                CompanySubType:
                CustomerTypeCode:
                IrdNumber:
                TaxClass:
                TaxClassDate:
                IsNzTaxResident: True
                NonResidentCountryCode:
                IsForeignTaxResident: False
                ForeignTaxResidencyStatus:
                IsProfileEnhanced:
                Phones: System.Collections.Generic.List`1[ASB.Selenium.DataModel.Customer.Phone]
                NextOfKin:
                EmploymentDetails:
                LinkedCustomers:
                AccountRelationships:
                IdType:
                Fatca: ASB.Selenium.DataModel.Customer.Fatca
                CitizenshipCountryCodes:
                CitizenshipCountryNames: System.Collections.Generic.List`1[System.String]
                ForeignTaxResidenceTypes:
                System.Collections.Generic.List`1[ASB.Selenium.DataModel.Customer.ForeignTaxResidenceTypes]
                OnboardingDetail: ASB.Selenium.DataModel.Customer.OnboardingDetail
                AddressVerificationStatus:
                IdVerificationStatus:
                PreferredIdType: Other
                IsProfileComplete: True
                DaysRemaining: 0
                OnboardingStatus:
                NewAccounts: System.Collections.Generic.List`1[ASB.Selenium.DataModel.Customer.Accounts]
                FailedAccounts: System.Collections.Generic.List`1[ASB.Selenium.DataModel.Customer.Accounts]
                OnboardingSource: JoinASB
                CustomerCreated:
                LoginCreated:
                RegisteredForNetcode:
                AccountsCreated:
                CustomerAccessToken:
                VerificationPassword: MyCode01
                LoginDetail: ASB.Selenium.DataModel.Customer.Login
                CustomerType:
                Cif:
                Username: bwol86927
                UsernameApi:
                Password: Kiwi77nz&#57348;
                PublicKey:
                AcceptedTermsAndConditions:
                BackgroundCheckConsent:
                PreferredIdType:
                -&gt; done: SummaryPageSteps.WhenIConfirmDetailsOnTheSummaryPage() (2.9s)
                Then the Confirmation page for duplicate 'good' customer with open products is displayed
                -&gt; done: ConfirmationPageSteps.ThenTheConfirmationPageForCustomerIsDisplayed("good") (1.0s)
                And the FNC Login section is displayed
                -&gt; done: ConfirmationPageSteps.ThenTheFNCLoginSectionIsDisplayed() (0.3s)
                And the 'Having trouble logging in?' button opens in a new window
                -&gt; done: CommonSteps.ThenTheButtonOpensInANewWindow("Having trouble lo...") (2.7s)
                And the 'register for internet banking' link opens in a new window
                -&gt; done: CommonSteps.ThenTheLinkOpensInANewWindow("register for inte...") (3.7s)
                And the 'Find a branch' button opens in a new window
                -&gt; done: CommonSteps.ThenTheButtonOpensInANewWindow("Find a branch") (3.0s)
                And FNC Open &amp; Apply page is displayed after login
                -&gt; error: no such element: Unable to locate element:
                {"method":"xpath","selector":"//div[@class='noOutline' and contains(text(),'Open an Account')]"}
                (Session info: chrome=60.0.3112.78)
                (Driver info: chromedriver=2.29.461591 (62ebf098771772160f391d75e589dc567915b233),platform=Windows NT
                6.3.9600 x86_64)
            </system-out>
        </testcase>
    </testsuite>
    <testsuite tests="4" time="171.524849" errors="0" failures="0" skipped="0" timestamp="2017-12-05 13:16:32Z"
               name="Join.Form.Customer.Selenium.dll.Join.Form.Customer.Selenium.Features._07_ConfirmationFeature.CNFM_02_ExistingCustomerCheck_DifferentOpenProducts.">
        <testcase
                name="CNFM_02_ExistingCustomerCheck_DifferentOpenProducts(&quot;Open Good&quot;,&quot;Mr&quot;,&quot;Good&quot;,&quot;Sam&quot;,&quot;Man&quot;,&quot;1 January 1980&quot;,System.String[])"
                assertions="15" time="39.893371" status="Passed"
                classname="Join.Form.Customer.Selenium.Features._07_ConfirmationFeature">

            <system-out>Given I start my Streamline application
                Navigating to URL: https://webappisamdev.asbbank.co.nz/public/join/asb/?grcDisabled=true
                -&gt; done: CommonSteps.GivenIStartMyStreamlineApplication() (1.1s)
                Given I select the following products: 'Streamline intro,ASB Visa Debit Streamline Intro'
                12/6/2017 2:16:45 AMWaitForFeaturesPageLoad: Executing WaitForFrameAndSwitch
                12/6/2017 2:16:45 AMWaitForFeaturesPageLoad: Done executing WaitForFrameAndSwitch
                Unable to find product 'FastSaver' in page or product 'FastSaver' is not selected
                Unable to find product 'Savings On Call' in page or product 'Savings On Call' is not selected
                Unable to find product 'Savings On Call' in page or product 'Savings On Call' is not selected
                Unable to find product 'FastSaver' in page or product 'FastSaver' is not selected
                -&gt; done: ProductsPageSteps.WhenIChangeMySelectedProductsTo("Streamline intro,...") (15.1s)
                And I enter personal and login details Mr,Good,Sam,Man,1 January 1980,cob2016@asb.co.nz,021-RANDOM,New
                Zealand,Other,Kiwi77nz,verbal123,false
                Given I enter mandatory Tax Information for NZ citizen and clicks on Next button
                -&gt; done: AdditionalPersonalDetailsSteps.GivenIEnterMandatoryTaxInformationForNZCitizen() (0.6s)
                -&gt; done: PersonalDetailsSteps.GivenIEnterPersonalAndLoginDetails("Mr", "Good", "Sam", "Man", "1
                January 1980", "cob2016@asb.co.nz", "021-RANDOM", "New Zealand", "Other", "Kiwi77nz", "verbal123",
                "false") (16.1s)
                When I confirm details on the Summary page
                UniqueId:
                Title: Mr
                FirstName: Good
                MiddleName: Sam
                LastName: Man
                Email: cob2016@asb.co.nz
                Gender:
                DateOfBirth: 1/1/1980 12:00:00 AM
                DateCreated:
                LastReviewDate:
                Cals:
                IsIndividual:
                NzCitizen:
                NzResidence:
                HighValueCustomer:
                StaffMember:
                AmlVerified:
                VipCustomer:
                Addresses: System.Collections.Generic.List`1[ASB.Selenium.DataModel.Customer.Address]
                AddressInformation: ASB.Selenium.DataModel.Customer.AddressInformation
                CompanyName:
                CompanyType:
                CompanySubType:
                CustomerTypeCode:
                IrdNumber:
                TaxClass:
                TaxClassDate:
                IsNzTaxResident: True
                NonResidentCountryCode:
                IsForeignTaxResident: False
                ForeignTaxResidencyStatus:
                IsProfileEnhanced:
                Phones: System.Collections.Generic.List`1[ASB.Selenium.DataModel.Customer.Phone]
                NextOfKin:
                EmploymentDetails:
                LinkedCustomers:
                AccountRelationships:
                IdType:
                Fatca: ASB.Selenium.DataModel.Customer.Fatca
                CitizenshipCountryCodes:
                CitizenshipCountryNames: System.Collections.Generic.List`1[System.String]
                ForeignTaxResidenceTypes:
                System.Collections.Generic.List`1[ASB.Selenium.DataModel.Customer.ForeignTaxResidenceTypes]
                OnboardingDetail: ASB.Selenium.DataModel.Customer.OnboardingDetail
                AddressVerificationStatus:
                IdVerificationStatus:
                PreferredIdType: Other
                IsProfileComplete: True
                DaysRemaining: 0
                OnboardingStatus:
                NewAccounts: System.Collections.Generic.List`1[ASB.Selenium.DataModel.Customer.Accounts]
                FailedAccounts: System.Collections.Generic.List`1[ASB.Selenium.DataModel.Customer.Accounts]
                OnboardingSource: JoinASB
                CustomerCreated:
                LoginCreated:
                RegisteredForNetcode:
                AccountsCreated:
                CustomerAccessToken:
                VerificationPassword: verbal123
                LoginDetail: ASB.Selenium.DataModel.Customer.Login
                CustomerType:
                Cif:
                Username: gman59781
                UsernameApi:
                Password: Kiwi77nz&#57348;
                PublicKey:
                AcceptedTermsAndConditions:
                BackgroundCheckConsent:
                PreferredIdType:
                -&gt; done: SummaryPageSteps.WhenIConfirmDetailsOnTheSummaryPage() (2.9s)
                Then the Confirmation page for duplicate 'good' customer with open products is displayed
                -&gt; done: ConfirmationPageSteps.ThenTheConfirmationPageForCustomerIsDisplayed("good") (1.5s)
            </system-out>
        </testcase>
        <testcase
                name="CNFM_02_ExistingCustomerCheck_DifferentOpenProducts(&quot;Closed Bad&quot;,&quot;Mrs&quot;,&quot;Butcher&quot;,&quot;Close&quot;,&quot;Wolf&quot;,&quot;1 January 1980&quot;,System.String[])"
                assertions="15" time="46.352003" status="Passed"
                classname="Join.Form.Customer.Selenium.Features._07_ConfirmationFeature">

            <system-out>Given I start my Streamline application
                Navigating to URL: https://webappisamdev.asbbank.co.nz/public/join/asb/?grcDisabled=true
                -&gt; done: CommonSteps.GivenIStartMyStreamlineApplication() (1.0s)
                Given I select the following products: 'Streamline intro,ASB Visa Debit Streamline Intro'
                12/6/2017 2:17:24 AMWaitForFeaturesPageLoad: Executing WaitForFrameAndSwitch
                12/6/2017 2:17:24 AMWaitForFeaturesPageLoad: Done executing WaitForFrameAndSwitch
                Unable to find product 'FastSaver' in page or product 'FastSaver' is not selected
                Unable to find product 'Savings On Call' in page or product 'Savings On Call' is not selected
                Unable to find product 'Savings On Call' in page or product 'Savings On Call' is not selected
                Unable to find product 'FastSaver' in page or product 'FastSaver' is not selected
                -&gt; done: ProductsPageSteps.WhenIChangeMySelectedProductsTo("Streamline intro,...") (15.1s)
                And I enter personal and login details Mrs,Butcher,Close,Wolf,1 January
                1980,cob2016@asb.co.nz,021-RANDOM,New Zealand,Other,Kiwi77nz,verbal123,false
                Given I enter mandatory Tax Information for NZ citizen and clicks on Next button
                -&gt; done: AdditionalPersonalDetailsSteps.GivenIEnterMandatoryTaxInformationForNZCitizen() (0.6s)
                -&gt; done: PersonalDetailsSteps.GivenIEnterPersonalAndLoginDetails("Mrs", "Butcher", "Close", "Wolf",
                "1 January 1980", "cob2016@asb.co.nz", "021-RANDOM", "New Zealand", "Other", "Kiwi77nz", "verbal123",
                "false") (21.6s)
                When I confirm details on the Summary page
                UniqueId:
                Title: Mrs
                FirstName: Butcher
                MiddleName: Close
                LastName: Wolf
                Email: cob2016@asb.co.nz
                Gender:
                DateOfBirth: 1/1/1980 12:00:00 AM
                DateCreated:
                LastReviewDate:
                Cals:
                IsIndividual:
                NzCitizen:
                NzResidence:
                HighValueCustomer:
                StaffMember:
                AmlVerified:
                VipCustomer:
                Addresses: System.Collections.Generic.List`1[ASB.Selenium.DataModel.Customer.Address]
                AddressInformation: ASB.Selenium.DataModel.Customer.AddressInformation
                CompanyName:
                CompanyType:
                CompanySubType:
                CustomerTypeCode:
                IrdNumber:
                TaxClass:
                TaxClassDate:
                IsNzTaxResident: True
                NonResidentCountryCode:
                IsForeignTaxResident: False
                ForeignTaxResidencyStatus:
                IsProfileEnhanced:
                Phones: System.Collections.Generic.List`1[ASB.Selenium.DataModel.Customer.Phone]
                NextOfKin:
                EmploymentDetails:
                LinkedCustomers:
                AccountRelationships:
                IdType:
                Fatca: ASB.Selenium.DataModel.Customer.Fatca
                CitizenshipCountryCodes:
                CitizenshipCountryNames: System.Collections.Generic.List`1[System.String]
                ForeignTaxResidenceTypes:
                System.Collections.Generic.List`1[ASB.Selenium.DataModel.Customer.ForeignTaxResidenceTypes]
                OnboardingDetail: ASB.Selenium.DataModel.Customer.OnboardingDetail
                AddressVerificationStatus:
                IdVerificationStatus:
                PreferredIdType: Other
                IsProfileComplete: True
                DaysRemaining: 0
                OnboardingStatus:
                NewAccounts: System.Collections.Generic.List`1[ASB.Selenium.DataModel.Customer.Accounts]
                FailedAccounts: System.Collections.Generic.List`1[ASB.Selenium.DataModel.Customer.Accounts]
                OnboardingSource: JoinASB
                CustomerCreated:
                LoginCreated:
                RegisteredForNetcode:
                AccountsCreated:
                CustomerAccessToken:
                VerificationPassword: verbal123
                LoginDetail: ASB.Selenium.DataModel.Customer.Login
                CustomerType:
                Cif:
                Username: bwol42678
                UsernameApi:
                Password: Kiwi77nz&#57348;
                PublicKey:
                AcceptedTermsAndConditions:
                BackgroundCheckConsent:
                PreferredIdType:
                -&gt; done: SummaryPageSteps.WhenIConfirmDetailsOnTheSummaryPage() (2.8s)
                Then the Confirmation page for duplicate 'good' customer with open products is displayed
                -&gt; done: ConfirmationPageSteps.ThenTheConfirmationPageForCustomerIsDisplayed("good") (2.3s)
            </system-out>
        </testcase>
        <testcase
                name="CNFM_02_ExistingCustomerCheck_DifferentOpenProducts(&quot;Transactional Only&quot;,&quot;Ms&quot;,&quot;Hamel&quot;,&quot;Ineunt&quot;,&quot;GIPSYWEED&quot;,&quot;29 October 1958&quot;,System.String[])"
                assertions="15" time="46.985783" status="Passed"
                classname="Join.Form.Customer.Selenium.Features._07_ConfirmationFeature">

            <system-out>Given I start my Streamline application
                Navigating to URL: https://webappisamdev.asbbank.co.nz/public/join/asb/?grcDisabled=true
                -&gt; done: CommonSteps.GivenIStartMyStreamlineApplication() (0.8s)
                Given I select the following products: 'Streamline intro,ASB Visa Debit Streamline Intro'
                12/6/2017 2:18:10 AMWaitForFeaturesPageLoad: Executing WaitForFrameAndSwitch
                12/6/2017 2:18:10 AMWaitForFeaturesPageLoad: Done executing WaitForFrameAndSwitch
                Unable to find product 'FastSaver' in page or product 'FastSaver' is not selected
                Unable to find product 'Savings On Call' in page or product 'Savings On Call' is not selected
                Unable to find product 'Savings On Call' in page or product 'Savings On Call' is not selected
                Unable to find product 'FastSaver' in page or product 'FastSaver' is not selected
                -&gt; done: ProductsPageSteps.WhenIChangeMySelectedProductsTo("Streamline intro,...") (15.1s)
                And I enter personal and login details Ms,Hamel,Ineunt,GIPSYWEED,29 October
                1958,cob2016@asb.co.nz,021-RANDOM,New Zealand,Other,Kiwi77nz,verbal123,false
                Given I enter mandatory Tax Information for NZ citizen and clicks on Next button
                -&gt; done: AdditionalPersonalDetailsSteps.GivenIEnterMandatoryTaxInformationForNZCitizen() (0.7s)
                -&gt; done: PersonalDetailsSteps.GivenIEnterPersonalAndLoginDetails("Ms", "Hamel", "Ineunt",
                "GIPSYWEED", "29 October 1958", "cob2016@asb.co.nz", "021-RANDOM", "New Zealand", "Other", "Kiwi77nz",
                "verbal123", "false") (23.8s)
                When I confirm details on the Summary page
                UniqueId:
                Title: Ms
                FirstName: Hamel
                MiddleName: Ineunt
                LastName: GIPSYWEED
                Email: cob2016@asb.co.nz
                Gender:
                DateOfBirth: 10/29/1958 12:00:00 AM
                DateCreated:
                LastReviewDate:
                Cals:
                IsIndividual:
                NzCitizen:
                NzResidence:
                HighValueCustomer:
                StaffMember:
                AmlVerified:
                VipCustomer:
                Addresses: System.Collections.Generic.List`1[ASB.Selenium.DataModel.Customer.Address]
                AddressInformation: ASB.Selenium.DataModel.Customer.AddressInformation
                CompanyName:
                CompanyType:
                CompanySubType:
                CustomerTypeCode:
                IrdNumber:
                TaxClass:
                TaxClassDate:
                IsNzTaxResident: True
                NonResidentCountryCode:
                IsForeignTaxResident: False
                ForeignTaxResidencyStatus:
                IsProfileEnhanced:
                Phones: System.Collections.Generic.List`1[ASB.Selenium.DataModel.Customer.Phone]
                NextOfKin:
                EmploymentDetails:
                LinkedCustomers:
                AccountRelationships:
                IdType:
                Fatca: ASB.Selenium.DataModel.Customer.Fatca
                CitizenshipCountryCodes:
                CitizenshipCountryNames: System.Collections.Generic.List`1[System.String]
                ForeignTaxResidenceTypes:
                System.Collections.Generic.List`1[ASB.Selenium.DataModel.Customer.ForeignTaxResidenceTypes]
                OnboardingDetail: ASB.Selenium.DataModel.Customer.OnboardingDetail
                AddressVerificationStatus:
                IdVerificationStatus:
                PreferredIdType: Other
                IsProfileComplete: True
                DaysRemaining: 0
                OnboardingStatus:
                NewAccounts: System.Collections.Generic.List`1[ASB.Selenium.DataModel.Customer.Accounts]
                FailedAccounts: System.Collections.Generic.List`1[ASB.Selenium.DataModel.Customer.Accounts]
                OnboardingSource: JoinASB
                CustomerCreated:
                LoginCreated:
                RegisteredForNetcode:
                AccountsCreated:
                CustomerAccessToken:
                VerificationPassword: verbal123
                LoginDetail: ASB.Selenium.DataModel.Customer.Login
                CustomerType:
                Cif:
                Username: hgip78046
                UsernameApi:
                Password: Kiwi77nz&#57348;
                PublicKey:
                AcceptedTermsAndConditions:
                BackgroundCheckConsent:
                PreferredIdType:
                -&gt; done: SummaryPageSteps.WhenIConfirmDetailsOnTheSummaryPage() (2.8s)
                Then the Confirmation page for duplicate 'good' customer with open products is displayed
                -&gt; done: ConfirmationPageSteps.ThenTheConfirmationPageForCustomerIsDisplayed("good") (1.3s)
            </system-out>
        </testcase>
        <testcase
                name="CNFM_02_ExistingCustomerCheck_DifferentOpenProducts(&quot;KiwiSaver Only&quot;,&quot;Miss&quot;,&quot;RANDOM&quot;,&quot;&quot;,&quot;Kiwisaver&quot;,&quot;4 July 1985&quot;,System.String[])"
                assertions="15" time="38.232799" status="Passed"
                classname="Join.Form.Customer.Selenium.Features._07_ConfirmationFeature">

            <system-out>Given I start my Streamline application
                Navigating to URL: https://webappisamdev.asbbank.co.nz/public/join/asb/?grcDisabled=true
                -&gt; done: CommonSteps.GivenIStartMyStreamlineApplication() (0.6s)
                Given I select the following products: 'Streamline intro,ASB Visa Debit Streamline Intro'
                12/6/2017 2:18:58 AMWaitForFeaturesPageLoad: Executing WaitForFrameAndSwitch
                12/6/2017 2:18:58 AMWaitForFeaturesPageLoad: Done executing WaitForFrameAndSwitch
                Unable to find product 'FastSaver' in page or product 'FastSaver' is not selected
                Unable to find product 'Savings On Call' in page or product 'Savings On Call' is not selected
                Unable to find product 'Savings On Call' in page or product 'Savings On Call' is not selected
                Unable to find product 'FastSaver' in page or product 'FastSaver' is not selected
                -&gt; done: ProductsPageSteps.WhenIChangeMySelectedProductsTo("Streamline intro,...") (15.2s)
                And I enter personal and login details Miss,RANDOM,,Kiwisaver,4 July
                1985,cob2016@asb.co.nz,021-RANDOM,New Zealand,Other,Kiwi77nz,verbal123,false
                Given I enter mandatory Tax Information for NZ citizen and clicks on Next button
                -&gt; done: AdditionalPersonalDetailsSteps.GivenIEnterMandatoryTaxInformationForNZCitizen() (0.5s)
                -&gt; done: PersonalDetailsSteps.GivenIEnterPersonalAndLoginDetails("Miss", "RANDOM", "", "Kiwisaver",
                "4 July 1985", "cob2016@asb.co.nz", "021-RANDOM", "New Zealand", "Other", "Kiwi77nz", "verbal123",
                "false") (15.1s)
                When I confirm details on the Summary page
                UniqueId:
                Title: Miss
                FirstName: RANDOM
                MiddleName:
                LastName: Kiwisaver
                Email: cob2016@asb.co.nz
                Gender:
                DateOfBirth: 7/4/1985 12:00:00 AM
                DateCreated:
                LastReviewDate:
                Cals:
                IsIndividual:
                NzCitizen:
                NzResidence:
                HighValueCustomer:
                StaffMember:
                AmlVerified:
                VipCustomer:
                Addresses: System.Collections.Generic.List`1[ASB.Selenium.DataModel.Customer.Address]
                AddressInformation: ASB.Selenium.DataModel.Customer.AddressInformation
                CompanyName:
                CompanyType:
                CompanySubType:
                CustomerTypeCode:
                IrdNumber:
                TaxClass:
                TaxClassDate:
                IsNzTaxResident: True
                NonResidentCountryCode:
                IsForeignTaxResident: False
                ForeignTaxResidencyStatus:
                IsProfileEnhanced:
                Phones: System.Collections.Generic.List`1[ASB.Selenium.DataModel.Customer.Phone]
                NextOfKin:
                EmploymentDetails:
                LinkedCustomers:
                AccountRelationships:
                IdType:
                Fatca: ASB.Selenium.DataModel.Customer.Fatca
                CitizenshipCountryCodes:
                CitizenshipCountryNames: System.Collections.Generic.List`1[System.String]
                ForeignTaxResidenceTypes:
                System.Collections.Generic.List`1[ASB.Selenium.DataModel.Customer.ForeignTaxResidenceTypes]
                OnboardingDetail: ASB.Selenium.DataModel.Customer.OnboardingDetail
                AddressVerificationStatus:
                IdVerificationStatus:
                PreferredIdType: Other
                IsProfileComplete: True
                DaysRemaining: 0
                OnboardingStatus:
                NewAccounts: System.Collections.Generic.List`1[ASB.Selenium.DataModel.Customer.Accounts]
                FailedAccounts: System.Collections.Generic.List`1[ASB.Selenium.DataModel.Customer.Accounts]
                OnboardingSource: JoinASB
                CustomerCreated:
                LoginCreated:
                RegisteredForNetcode:
                AccountsCreated:
                CustomerAccessToken:
                VerificationPassword: verbal123
                LoginDetail: ASB.Selenium.DataModel.Customer.Login
                CustomerType:
                Cif:
                Username: mkiw25093
                UsernameApi:
                Password: Kiwi77nz&#57348;
                PublicKey:
                AcceptedTermsAndConditions:
                BackgroundCheckConsent:
                PreferredIdType:
                -&gt; done: SummaryPageSteps.WhenIConfirmDetailsOnTheSummaryPage() (2.9s)
                Then the Confirmation page for duplicate 'good' customer with open products is displayed
                -&gt; done: ConfirmationPageSteps.ThenTheConfirmationPageForCustomerIsDisplayed("good") (0.9s)
            </system-out>
        </testcase>
    </testsuite>
    <testsuite tests="51" time="5990.129365" errors="3" failures="22" skipped="0" timestamp="2017-12-05 13:20:44Z"
               name="Join.Form.Customer.Selenium.dll.Join.Form.Customer.Selenium.Features._08_ActivateSummaryFeature.">
        <testcase name="ACTSUM_01_VerifyThatCustomerSetupSubmissionIsSuccessful_WelcomeMessage" assertions="16"
                  time="109.474667" status="Passed"
                  classname="Join.Form.Customer.Selenium.Features._08_ActivateSummaryFeature">

            <system-out>Given I start my Streamline application
                Navigating to URL: https://webappisamdev.asbbank.co.nz/public/join/asb/?grcDisabled=true
                -&gt; done: CommonSteps.GivenIStartMyStreamlineApplication() (0.7s)
                Given I select the following products: 'Streamline intro'
                12/6/2017 2:20:55 AMWaitForFeaturesPageLoad: Executing WaitForFrameAndSwitch
                12/6/2017 2:20:55 AMWaitForFeaturesPageLoad: Done executing WaitForFrameAndSwitch
                Unable to find product 'FastSaver' in page or product 'FastSaver' is not selected
                Unable to find product 'Savings On Call' in page or product 'Savings On Call' is not selected
                Unable to find product 'ASB Visa Debit Streamline Intro' in page or product 'ASB Visa Debit Streamline
                Intro' is not selected
                Unable to find product 'Savings On Call' in page or product 'Savings On Call' is not selected
                Unable to find product 'FastSaver' in page or product 'FastSaver' is not selected
                -&gt; done: ProductsPageSteps.WhenIChangeMySelectedProductsTo("Streamline intro") (17.2s)
                And I enter all required details and navigate to Summary page
                --- table step argument ---
                | Title | FirstName | MiddleName | LastName | DateOfBirth | Email | MobileNumber | CountriesCitizenship
                | PreferredIdType | Password | VerbalPassword |
                | Miss | Automation | RANDOM | FYICOB | RANDOM | cob2016@asb.co.nz | 021-RANDOM | New Zealand | Other |
                Kiwi77nz | MyCode01 |
                Given I enter mandatory Tax Information for NZ citizen and clicks on Next button
                -&gt; done: AdditionalPersonalDetailsSteps.GivenIEnterMandatoryTaxInformationForNZCitizen() (0.5s)
                -&gt; done: PersonalDetailsSteps.GivenIEnterAllRequiredDetailsAndNavigateToSummaryPage(&lt;table&gt;)
                (18.9s)
                When I confirm details on the Summary page
                UniqueId:
                Title: Miss
                FirstName: Automation
                MiddleName: COB-fwaol
                LastName: FYICOB
                Email: cob2016@asb.co.nz
                Gender:
                DateOfBirth: 10/7/1976 12:00:00 AM
                DateCreated:
                LastReviewDate:
                Cals:
                IsIndividual:
                NzCitizen:
                NzResidence:
                HighValueCustomer:
                StaffMember:
                AmlVerified:
                VipCustomer:
                Addresses: System.Collections.Generic.List`1[ASB.Selenium.DataModel.Customer.Address]
                AddressInformation: ASB.Selenium.DataModel.Customer.AddressInformation
                CompanyName:
                CompanyType:
                CompanySubType:
                CustomerTypeCode:
                IrdNumber:
                TaxClass:
                TaxClassDate:
                IsNzTaxResident: True
                NonResidentCountryCode:
                IsForeignTaxResident: False
                ForeignTaxResidencyStatus:
                IsProfileEnhanced:
                Phones: System.Collections.Generic.List`1[ASB.Selenium.DataModel.Customer.Phone]
                NextOfKin:
                EmploymentDetails:
                LinkedCustomers:
                AccountRelationships:
                IdType:
                Fatca: ASB.Selenium.DataModel.Customer.Fatca
                CitizenshipCountryCodes:
                CitizenshipCountryNames: System.Collections.Generic.List`1[System.String]
                ForeignTaxResidenceTypes:
                System.Collections.Generic.List`1[ASB.Selenium.DataModel.Customer.ForeignTaxResidenceTypes]
                OnboardingDetail: ASB.Selenium.DataModel.Customer.OnboardingDetail
                AddressVerificationStatus:
                IdVerificationStatus:
                PreferredIdType: Other
                IsProfileComplete: True
                DaysRemaining: 0
                OnboardingStatus:
                NewAccounts: System.Collections.Generic.List`1[ASB.Selenium.DataModel.Customer.Accounts]
                FailedAccounts: System.Collections.Generic.List`1[ASB.Selenium.DataModel.Customer.Accounts]
                OnboardingSource: JoinASB
                CustomerCreated:
                LoginCreated:
                RegisteredForNetcode:
                AccountsCreated:
                CustomerAccessToken:
                VerificationPassword: MyCode01
                LoginDetail: ASB.Selenium.DataModel.Customer.Login
                CustomerType:
                Cif:
                Username: afyi04221
                UsernameApi:
                Password: Kiwi77nz&#57348;
                PublicKey:
                AcceptedTermsAndConditions:
                BackgroundCheckConsent:
                PreferredIdType:
                -&gt; done: SummaryPageSteps.WhenIConfirmDetailsOnTheSummaryPage() (2.8s)
                Then the Logging you in progress page is displayed
                -&gt; done: ConfirmationPageSteps.ThenTheLoggingYouInProgressPageIsDisplayed() (19.0s)
                And the Activation page is displayed
                12/6/2017 2:21:52 AMThenTheActivationPageIsDisplayed: IsActivationPageDisplayed STARTED
                12/6/2017 2:21:52 AMThenTheActivationPageIsDisplayed: IsActivationPageDisplayed DONE
                12/6/2017 2:21:52 AMThenTheActivationPageIsDisplayed: IsSectionDisplayed STARTED
                12/6/2017 2:22:01 AMThenTheActivationPageIsDisplayed: IsSectionDisplayed DONE
                -&gt; done: ActivationSummarySteps.ThenTheActivationPageIsDisplayed() (20.6s)
                And the welcome message is displayed
                -&gt; done: ActivationSummarySteps.ThenWelcomeMessageIsDisplayed() (0.1s)
                And the activation text is displayed
                -&gt; done: ActivationSummarySteps.ThenTheActivationTextIsDisplayed() (0.1s)
                And the activation information text is displayed
                -&gt; done: ActivationSummarySteps.ThenTheActivationInformationTextIsDisplayed() (0.1s)
                And the account number and product name is displayed for the selected products
                ==&gt; Successfully created: Streamline transaction account:
                12-3629-0385327-00
                -&gt; done: ActivationSummarySteps.ThenTheAccountNumberAndProductNameIsDisplayedForTheSelectedProducts()
                (26.8s)
            </system-out>
        </testcase>
        <testcase name="ACTSUM_02_VerifyActivateSummaryPageAccountSetupSection" assertions="16" time="100.080054"
                  status="Passed" classname="Join.Form.Customer.Selenium.Features._08_ActivateSummaryFeature">

            <system-out>Given I start my Streamline application
                Navigating to URL: https://webappisamdev.asbbank.co.nz/public/join/asb/?grcDisabled=true
                -&gt; done: CommonSteps.GivenIStartMyStreamlineApplication() (0.7s)
                Given I select the following products: 'Streamline intro,ASB Visa Debit Streamline Intro,Savings On
                Call,FastSaver'
                12/6/2017 2:22:45 AMWaitForFeaturesPageLoad: Executing WaitForFrameAndSwitch
                12/6/2017 2:22:45 AMWaitForFeaturesPageLoad: Done executing WaitForFrameAndSwitch
                Unable to find product 'Savings On Call' in page or product 'Savings On Call' is not selected
                Unable to find product 'FastSaver' in page or product 'FastSaver' is not selected
                -&gt; done: ProductsPageSteps.WhenIChangeMySelectedProductsTo("Streamline intro,...") (19.1s)
                And I enter all required details and navigate to Summary page
                --- table step argument ---
                | Title | FirstName | MiddleName | LastName | DateOfBirth | Email | MobileNumber | CountriesCitizenship
                | PreferredIdType | Password | VerbalPassword |
                | Miss | Automation | RANDOM | FYICOB | RANDOM | cob2016@asb.co.nz | 021-RANDOM | New Zealand | Other |
                Kiwi77nz | MyCode01 |
                Given I enter mandatory Tax Information for NZ citizen and clicks on Next button
                -&gt; done: AdditionalPersonalDetailsSteps.GivenIEnterMandatoryTaxInformationForNZCitizen() (0.5s)
                -&gt; done: PersonalDetailsSteps.GivenIEnterAllRequiredDetailsAndNavigateToSummaryPage(&lt;table&gt;)
                (19.3s)
                When I confirm details on the Summary page
                UniqueId:
                Title: Miss
                FirstName: Automation
                MiddleName: COB-RLHsR
                LastName: FYICOB
[...]
                assertions="0" time="0.000000" status="Skipped"
                classname="Join.Form.Customer.Selenium.Features._99_ActivateProfileDetailsFeature">

            <skipped message="OneTimeSetUp: Ignored scenario"/>
        </testcase>
        <testcase
                name="ACTPROF_01_VerifyCOBDataInActivate(&quot;No-Non-resident Withholding tax rate and profile incomplete&quot;,&quot;Streamline intro&quot;,&quot;No&quot;,&quot;Non-resident Withholding tax rate&quot;,&quot;49-091-850&quot;,&quot;Skip&quot;,&quot;Australia - X123GH78&quot;,&quot;No&quot;,&quot;Exempt from withholding tax&quot;,&quot;49-091-850&quot;,&quot;Skip&quot;,&quot;Australia - X123GH78&quot;,&quot;FALSE&quot;,null)"
                assertions="0" time="0.000000" status="Skipped"
                classname="Join.Form.Customer.Selenium.Features._99_ActivateProfileDetailsFeature">

            <skipped message="OneTimeSetUp: Ignored scenario"/>
        </testcase>
    </testsuite>
    <testsuite tests="10" time="0.156268" errors="0" failures="0" skipped="10" timestamp="2017-12-05 16:05:41Z"
               name="Join.Form.Customer.Selenium.dll.Join.Form.Customer.Selenium.Features._99_ActivateProfileDetailsFeature.ACTPROF_02_UpdateCOBDataInActivate.">
        <testcase
                name="ACTPROF_02_UpdateCOBDataInActivate(&quot;NZTaxResident and profile incomplete&quot;,&quot;Streamline intro&quot;,&quot;Yes&quot;,&quot;Skip&quot;,&quot;Skip&quot;,&quot;Skip&quot;,&quot;Skip&quot;,&quot;Yes&quot;,&quot;33%&quot;,&quot;111-111-111&quot;,&quot;New Zealand&quot;,&quot;No&quot;,&quot;TRUE&quot;,System.String[])"
                assertions="0" time="0.000000" status="Skipped"
                classname="Join.Form.Customer.Selenium.Features._99_ActivateProfileDetailsFeature">

            <skipped message="OneTimeSetUp: Ignored scenario"/>
        </testcase>
        <testcase
                name="ACTPROF_02_UpdateCOBDataInActivate(&quot;NZTaxResident - 17.5% and profile incomplete&quot;,&quot;Streamline intro&quot;,&quot;Yes&quot;,&quot;17.5%&quot;,&quot;49-091-850&quot;,&quot;Skip&quot;,&quot;Skip&quot;,&quot;Yes&quot;,&quot;10.5%&quot;,&quot;35-901-981&quot;,&quot;New Zealand, Australia, India, Svalbard and Jan Mayen Islands&quot;,&quot;Singapore&quot;,&quot;TRUE&quot;,System.String[])"
                assertions="0" time="0.000000" status="Skipped"
                classname="Join.Form.Customer.Selenium.Features._99_ActivateProfileDetailsFeature">

            <skipped message="OneTimeSetUp: Ignored scenario"/>
        </testcase>
        <testcase
                name="ACTPROF_02_UpdateCOBDataInActivate(&quot;NZTaxResident, FTR and profile incomplete&quot;,&quot;Streamline intro,ASB Visa Debit&quot;,&quot;Yes&quot;,&quot;Skip&quot;,&quot;Skip&quot;,&quot;Skip&quot;,&quot;Australia - X123GH78, India - 9856GFT8, Argentina - X123GH78, Svalbard and Jan Mayen Islands - GT7646HG&quot;,&quot;Yes&quot;,&quot;Skip&quot;,&quot;Skip&quot;,&quot;United States&quot;,&quot;Australia&quot;,&quot;TRUE&quot;,System.String[])"
                assertions="0" time="0.000000" status="Skipped"
                classname="Join.Form.Customer.Selenium.Features._99_ActivateProfileDetailsFeature">

            <skipped message="OneTimeSetUp: Ignored scenario"/>
        </testcase>
        <testcase
                name="ACTPROF_02_UpdateCOBDataInActivate(&quot;No-Approved Issuer Levy at 2% and profile complete on submit&quot;,&quot;Streamline intro,ASB Visa Debit&quot;,&quot;No&quot;,&quot;Approved Issuer Levy at 2%&quot;,&quot;Skip&quot;,&quot;Skip&quot;,&quot;Australia&quot;,&quot;No&quot;,&quot;Approved Issuer Levy at 2%&quot;,&quot;Skip&quot;,&quot;New Zealand&quot;,&quot;Australia - X123GH78&quot;,&quot;TRUE&quot;,System.String[])"
                assertions="0" time="0.000000" status="Skipped"
                classname="Join.Form.Customer.Selenium.Features._99_ActivateProfileDetailsFeature">

            <skipped message="OneTimeSetUp: Ignored scenario"/>
        </testcase>
        <testcase
                name="ACTPROF_02_UpdateCOBDataInActivate(&quot;No-Non-resident Withholding tax rate and profile incomplete&quot;,&quot;Streamline intro&quot;,&quot;No&quot;,&quot;Non-resident Withholding tax rate&quot;,&quot;49-091-850&quot;,&quot;Skip&quot;,&quot;Australia - X123GH78&quot;,&quot;No&quot;,&quot;Exempt from withholding tax&quot;,&quot;49-091-850&quot;,&quot;Australia&quot;,&quot;No&quot;,&quot;TRUE&quot;,System.String[])"
                assertions="0" time="0.000000" status="Skipped"
                classname="Join.Form.Customer.Selenium.Features._99_ActivateProfileDetailsFeature">

            <skipped message="OneTimeSetUp: Ignored scenario"/>
        </testcase>
        <testcase
                name="ACTPROF_02_UpdateCOBDataInActivate(&quot;No-Exempt from withholding tax and profile complete on submit&quot;,&quot;Streamline intro,ASB Visa Debit&quot;,&quot;No&quot;,&quot;Exempt from withholding tax&quot;,&quot;111-111-111&quot;,&quot;Skip&quot;,&quot;Australia - X123GH78&quot;,&quot;No&quot;,&quot;Non-resident Withholding tax rate&quot;,&quot;111-111-111&quot;,&quot;New Zealand, Australia, India, Svalbard and Jan Mayen Islands&quot;,&quot;Australia - X123GH78&quot;,&quot;TRUE&quot;,System.String[])"
                assertions="0" time="0.000000" status="Skipped"
                classname="Join.Form.Customer.Selenium.Features._99_ActivateProfileDetailsFeature">

            <skipped message="OneTimeSetUp: Ignored scenario"/>
        </testcase>
        <testcase
                name="ACTPROF_02_UpdateCOBDataInActivate(&quot;NZTaxResident - 33% and profile complete on submit&quot;,&quot;Streamline intro,ASB Visa Debit&quot;,&quot;Yes&quot;,&quot;33%&quot;,&quot;Skip&quot;,&quot;Skip&quot;,&quot;Skip&quot;,&quot;Yes&quot;,&quot;33%&quot;,&quot;111-111-111&quot;,&quot;New Zealand&quot;,&quot;Australia - X123GH78&quot;,&quot;TRUE&quot;,null)"
                assertions="0" time="0.000000" status="Skipped"
                classname="Join.Form.Customer.Selenium.Features._99_ActivateProfileDetailsFeature">

            <skipped message="OneTimeSetUp: Ignored scenario"/>
        </testcase>
        <testcase
                name="ACTPROF_02_UpdateCOBDataInActivate(&quot;NZTaxResident - Exempt and profile complete on submit&quot;,&quot;Streamline intro,ASB Visa Debit&quot;,&quot;Yes&quot;,&quot;Exempt from withholding tax&quot;,&quot;Skip&quot;,&quot;Skip&quot;,&quot;Skip&quot;,&quot;Yes&quot;,&quot;Exempt from withholding tax&quot;,&quot;Skip&quot;,&quot;New Zealand&quot;,&quot;Australia - X123GH78, India - 9856GFT8, Argentina - X123GH78, Svalbard and Jan Mayen Islands - GT7646HG&quot;,&quot;TRUE&quot;,null)"
                assertions="0" time="0.000000" status="Skipped"
                classname="Join.Form.Customer.Selenium.Features._99_ActivateProfileDetailsFeature">

            <skipped message="OneTimeSetUp: Ignored scenario"/>
        </testcase>
        <testcase
                name="ACTPROF_02_UpdateCOBDataInActivate(&quot;NZTaxResident, Citizenship and profile incomplete&quot;,&quot;Streamline intro&quot;,&quot;Yes&quot;,&quot;Skip&quot;,&quot;Skip&quot;,&quot;New Zealand, Australia, India, Svalbard and Jan Mayen Islands&quot;,&quot;Skip&quot;,&quot;Yes&quot;,&quot;17.5%&quot;,&quot;49-091-850&quot;,&quot;New Zealand, Australia, India, Svalbard and Jan Mayen Islands&quot;,&quot;United States&quot;,&quot;TRUE&quot;,null)"
                assertions="0" time="0.000000" status="Skipped"
                classname="Join.Form.Customer.Selenium.Features._99_ActivateProfileDetailsFeature">

            <skipped message="OneTimeSetUp: Ignored scenario"/>
        </testcase>
        <testcase
                name="ACTPROF_02_UpdateCOBDataInActivate(&quot;Not NZTaxResident&#xA0; and profile incomplete&quot;,&quot;Streamline intro&quot;,&quot;No&quot;,&quot;Skip&quot;,&quot;Skip&quot;,&quot;Skip&quot;,&quot;Australia - X123GH78&quot;,&quot;Yes&quot;,&quot;33%&quot;,&quot;111-111-111&quot;,&quot;United States&quot;,&quot;Australia - X123GH78, India - 9856GFT8, Argentina - X123GH78, Svalbard and Jan Mayen Islands - GT7646HG&quot;,&quot;TRUE&quot;,null)"
                assertions="0" time="0.000000" status="Skipped"
                classname="Join.Form.Customer.Selenium.Features._99_ActivateProfileDetailsFeature">

            <skipped message="OneTimeSetUp: Ignored scenario"/>
        </testcase>
    </testsuite>
    <testsuite tests="3" time="0.046878" errors="0" failures="0" skipped="3" timestamp="2017-12-05 16:05:41Z"
               name="Join.Form.Customer.Selenium.dll.Join.Form.Customer.Selenium.Features._99_ActivateProfileDetailsFeature.ACTPROF_03_VerifyCitizenshipAndFTRAreMandatory.">
        <testcase
                name="ACTPROF_03_VerifyCitizenshipAndFTRAreMandatory(&quot;NZTaxResident, FTR and profile incomplete&quot;,&quot;Streamline intro,ASB Visa Debit&quot;,&quot;Yes&quot;,&quot;Skip&quot;,&quot;Skip&quot;,&quot;Skip&quot;,&quot;Australia - X123GH78, India - 9856GFT8, Argentina - X123GH78, Svalbard and Jan Mayen Islands - GT7646HG&quot;,&quot;Yes&quot;,&quot;Skip&quot;,&quot;Skip&quot;,&quot;Skip&quot;,&quot;Australia&quot;,&quot;FALSE&quot;,System.String[])"
                assertions="0" time="0.000000" status="Skipped"
                classname="Join.Form.Customer.Selenium.Features._99_ActivateProfileDetailsFeature">

            <skipped message="OneTimeSetUp: Ignored scenario"/>
        </testcase>
        <testcase
                name="ACTPROF_03_VerifyCitizenshipAndFTRAreMandatory(&quot;Not NZTaxResident&#xA0; and profile incomplete&quot;,&quot;Streamline intro&quot;,&quot;No&quot;,&quot;Skip&quot;,&quot;Skip&quot;,&quot;Skip&quot;,&quot;Australia - X123GH78&quot;,&quot;Yes&quot;,&quot;33%&quot;,&quot;111-111-111&quot;,&quot;Skip&quot;,&quot;Australia - X123GH78, India - 9856GFT8, Argentina - X123GH78, Svalbard and Jan Mayen Islands - GT7646HG&quot;,&quot;FALSE&quot;,System.String[])"
                assertions="0" time="0.000000" status="Skipped"
                classname="Join.Form.Customer.Selenium.Features._99_ActivateProfileDetailsFeature">

            <skipped message="OneTimeSetUp: Ignored scenario"/>
        </testcase>
        <testcase
                name="ACTPROF_03_VerifyCitizenshipAndFTRAreMandatory(&quot;NZTaxResident - 17.5% and profile incomplete&quot;,&quot;Streamline intro&quot;,&quot;Yes&quot;,&quot;17.5%&quot;,&quot;49-091-850&quot;,&quot;Skip&quot;,&quot;Skip&quot;,&quot;Yes&quot;,&quot;10.5%&quot;,&quot;35-901-981&quot;,&quot;New Zealand, Australia, India, Svalbard and Jan Mayen Islands&quot;,&quot;Skip&quot;,&quot;FALSE&quot;,System.String[])"
                assertions="0" time="0.000000" status="Skipped"
                classname="Join.Form.Customer.Selenium.Features._99_ActivateProfileDetailsFeature">

            <skipped message="OneTimeSetUp: Ignored scenario"/>
        </testcase>
    </testsuite>
    <testsuite tests="10" time="0.156218" errors="0" failures="0" skipped="10" timestamp="2017-12-05 16:05:41Z"
               name="Join.Form.Customer.Selenium.dll.Join.Form.Customer.Selenium.Features._99_ActivateProfileDetailsFeature.ACTPROF_04_CancelCOBDataUpdateInActivate.">
        <testcase
                name="ACTPROF_04_CancelCOBDataUpdateInActivate(&quot;NZTaxResident and profile incomplete&quot;,&quot;Streamline intro&quot;,&quot;Yes&quot;,&quot;Skip&quot;,&quot;Skip&quot;,&quot;Skip&quot;,&quot;Skip&quot;,&quot;Yes&quot;,&quot;33%&quot;,&quot;111-111-111&quot;,&quot;New Zealand&quot;,&quot;Australia&quot;,&quot;TRUE&quot;,System.String[])"
                assertions="0" time="0.000000" status="Skipped"
                classname="Join.Form.Customer.Selenium.Features._99_ActivateProfileDetailsFeature">

            <skipped message="OneTimeSetUp: Ignored scenario"/>
        </testcase>
        <testcase
                name="ACTPROF_04_CancelCOBDataUpdateInActivate(&quot;NZTaxResident - 33% and profile complete on submit&quot;,&quot;Streamline intro,ASB Visa Debit&quot;,&quot;Yes&quot;,&quot;33%&quot;,&quot;Skip&quot;,&quot;Skip&quot;,&quot;Skip&quot;,&quot;Yes&quot;,&quot;33%&quot;,&quot;111-111-111&quot;,&quot;New Zealand&quot;,&quot;Australia - X123GH78&quot;,&quot;TRUE&quot;,System.String[])"
                assertions="0" time="0.000000" status="Skipped"
                classname="Join.Form.Customer.Selenium.Features._99_ActivateProfileDetailsFeature">

            <skipped message="OneTimeSetUp: Ignored scenario"/>
        </testcase>
        <testcase
                name="ACTPROF_04_CancelCOBDataUpdateInActivate(&quot;NZTaxResident - 17.5% and profile incomplete&quot;,&quot;Streamline intro&quot;,&quot;Yes&quot;,&quot;17.5%&quot;,&quot;49-091-850&quot;,&quot;Skip&quot;,&quot;Skip&quot;,&quot;Yes&quot;,&quot;10.5%&quot;,&quot;35-901-981&quot;,&quot;New Zealand, Australia, India, Svalbard and Jan Mayen Islands&quot;,&quot;No&quot;,&quot;TRUE&quot;,System.String[])"
                assertions="0" time="0.000000" status="Skipped"
                classname="Join.Form.Customer.Selenium.Features._99_ActivateProfileDetailsFeature">

            <skipped message="OneTimeSetUp: Ignored scenario"/>
        </testcase>
        <testcase
                name="ACTPROF_04_CancelCOBDataUpdateInActivate(&quot;NZTaxResident - Exempt and profile complete on submit&quot;,&quot;Streamline intro,ASB Visa Debit&quot;,&quot;Yes&quot;,&quot;Exempt from withholding tax&quot;,&quot;Skip&quot;,&quot;Skip&quot;,&quot;Skip&quot;,&quot;Yes&quot;,&quot;Exempt from withholding tax&quot;,&quot;Skip&quot;,&quot;New Zealand&quot;,&quot;Australia - X123GH78, India - 9856GFT8, Argentina - X123GH78, Svalbard and Jan Mayen Islands - GT7646HG&quot;,&quot;TRUE&quot;,System.String[])"
                assertions="0" time="0.000000" status="Skipped"
                classname="Join.Form.Customer.Selenium.Features._99_ActivateProfileDetailsFeature">

            <skipped message="OneTimeSetUp: Ignored scenario"/>
        </testcase>
        <testcase
                name="ACTPROF_04_CancelCOBDataUpdateInActivate(&quot;NZTaxResident, Citizenship and profile incomplete&quot;,&quot;Streamline intro&quot;,&quot;Yes&quot;,&quot;Skip&quot;,&quot;Skip&quot;,&quot;New Zealand, Australia, India, Svalbard and Jan Mayen Islands&quot;,&quot;Skip&quot;,&quot;Yes&quot;,&quot;17.5%&quot;,&quot;49-091-850&quot;,&quot;New Zealand, Australia, India, Svalbard and Jan Mayen Islands&quot;,&quot;United States&quot;,&quot;TRUE&quot;,System.String[])"
                assertions="0" time="0.000000" status="Skipped"
                classname="Join.Form.Customer.Selenium.Features._99_ActivateProfileDetailsFeature">

            <skipped message="OneTimeSetUp: Ignored scenario"/>
        </testcase>
        <testcase
                name="ACTPROF_04_CancelCOBDataUpdateInActivate(&quot;NZTaxResident, FTR and profile incomplete&quot;,&quot;Streamline intro,ASB Visa Debit&quot;,&quot;Yes&quot;,&quot;Skip&quot;,&quot;Skip&quot;,&quot;Skip&quot;,&quot;Australia - X123GH78, India - 9856GFT8, Argentina - X123GH78, Svalbard and Jan Mayen Islands - GT7646HG&quot;,&quot;Yes&quot;,&quot;Skip&quot;,&quot;Skip&quot;,&quot;United States&quot;,&quot;Australia&quot;,&quot;TRUE&quot;,System.String[])"
                assertions="0" time="0.000000" status="Skipped"
                classname="Join.Form.Customer.Selenium.Features._99_ActivateProfileDetailsFeature">

            <skipped message="OneTimeSetUp: Ignored scenario"/>
        </testcase>
        <testcase
                name="ACTPROF_04_CancelCOBDataUpdateInActivate(&quot;Not NZTaxResident&#xA0; and profile incomplete&quot;,&quot;Streamline intro&quot;,&quot;No&quot;,&quot;Skip&quot;,&quot;Skip&quot;,&quot;Skip&quot;,&quot;Australia - X123GH78&quot;,&quot;Yes&quot;,&quot;33%&quot;,&quot;111-111-111&quot;,&quot;United States&quot;,&quot;Australia - X123GH78, India - 9856GFT8, Argentina - X123GH78, Svalbard and Jan Mayen Islands - GT7646HG&quot;,&quot;TRUE&quot;,System.String[])"
                assertions="0" time="0.000000" status="Skipped"
                classname="Join.Form.Customer.Selenium.Features._99_ActivateProfileDetailsFeature">

            <skipped message="OneTimeSetUp: Ignored scenario"/>
        </testcase>
        <testcase
                name="ACTPROF_04_CancelCOBDataUpdateInActivate(&quot;No-Approved Issuer Levy at 2% and profile complete on submit&quot;,&quot;Streamline intro,ASB Visa Debit&quot;,&quot;No&quot;,&quot;Approved Issuer Levy at 2%&quot;,&quot;Skip&quot;,&quot;Skip&quot;,&quot;Australia&quot;,&quot;No&quot;,&quot;Approved Issuer Levy at 2%&quot;,&quot;Skip&quot;,&quot;New Zealand&quot;,&quot;No&quot;,&quot;TRUE&quot;,System.String[])"
                assertions="0" time="0.000000" status="Skipped"
                classname="Join.Form.Customer.Selenium.Features._99_ActivateProfileDetailsFeature">

            <skipped message="OneTimeSetUp: Ignored scenario"/>
        </testcase>
        <testcase
                name="ACTPROF_04_CancelCOBDataUpdateInActivate(&quot;No-Non-resident Withholding tax rate and profile incomplete&quot;,&quot;Streamline intro&quot;,&quot;No&quot;,&quot;Non-resident Withholding tax rate&quot;,&quot;49-091-850&quot;,&quot;Skip&quot;,&quot;Australia - X123GH78&quot;,&quot;No&quot;,&quot;Exempt from withholding tax&quot;,&quot;49-091-850&quot;,&quot;Australia&quot;,&quot;Australia - X123GH78&quot;,&quot;TRUE&quot;,System.String[])"
                assertions="0" time="0.000000" status="Skipped"
                classname="Join.Form.Customer.Selenium.Features._99_ActivateProfileDetailsFeature">

            <skipped message="OneTimeSetUp: Ignored scenario"/>
        </testcase>
        <testcase
                name="ACTPROF_04_CancelCOBDataUpdateInActivate(&quot;No-Exempt from withholding tax and profile complete on submit&quot;,&quot;Streamline intro,ASB Visa Debit&quot;,&quot;No&quot;,&quot;Exempt from withholding tax&quot;,&quot;111-111-111&quot;,&quot;Skip&quot;,&quot;Australia - X123GH78&quot;,&quot;No&quot;,&quot;Non-resident Withholding tax rate&quot;,&quot;111-111-111&quot;,&quot;New Zealand, Australia, India, Svalbard and Jan Mayen Islands&quot;,&quot;Australia - X123GH78&quot;,&quot;TRUE&quot;,System.String[])"
                assertions="0" time="0.000000" status="Skipped"
                classname="Join.Form.Customer.Selenium.Features._99_ActivateProfileDetailsFeature">

            <skipped message="OneTimeSetUp: Ignored scenario"/>
        </testcase>
    </testsuite>
    <testsuite tests="2" time="0.006565" errors="0" failures="0" skipped="2" timestamp="2017-12-05 16:05:42Z"
               name="Join.Form.Customer.Selenium.dll.Join.Form.Customer.Selenium.Features._99_ActivateProfileDetailsFeature.ACTPROF_07_IRDNumberValidation.">
        <testcase
                name="ACTPROF_07_IRDNumberValidation(&quot;8D IRD - Prefix 0&quot;,&quot;049091850&quot;,&quot;is NOT&quot;,System.String[])"
                assertions="0" time="0.000000" status="Skipped"
                classname="Join.Form.Customer.Selenium.Features._99_ActivateProfileDetailsFeature">

            <skipped message="OneTimeSetUp: Ignored scenario"/>
        </testcase>
        <testcase
                name="ACTPROF_07_IRDNumberValidation(&quot;8D IRD - Prefix 00&quot;,&quot;0049091850&quot;,&quot;is&quot;,System.String[])"
                assertions="0" time="0.000000" status="Skipped"
                classname="Join.Form.Customer.Selenium.Features._99_ActivateProfileDetailsFeature">

            <skipped message="OneTimeSetUp: Ignored scenario"/>
        </testcase>
    </testsuite>


</testsuites>
