<?xml version="1.0" encoding="utf-8" standalone="no"?>
<test-run id="2" testcasecount="611" result="Failed" total="156" passed="61" failed="48" inconclusive="2" skipped="45" asserts="4147" engine-version="3.0.5813.39036" clr-version="4.0.30319.42000" start-time="2017-12-05 13:04:46Z" end-time="2017-12-05 16:05:42Z" duration="10855.699937">
  <command-line><![CDATA["D:\FeaturesUIAutomationTest\Join.Form.Customer\Features Test\NunitRunner\nunit3-console.exe"  --result=D:\FeaturesUIAutomationTestResults\Join.Form.Customer\FeaturesTest\3.0.0-meta2017120601\2017-12-06-02-04\TestResult.xml Join.Form.Customer.Selenium.dll --where cat=~'(?i)integration']]></command-line>
  <filter>
    <cat re="1">(?i)integration</cat>
  </filter>
  <test-suite type="assembly" id="0-1701" name="Join.Form.Customer.Selenium.dll" fullname="D:\FeaturesUIAutomationTest\Join.Form.Customer\Features Test\Join.Form.Customer.Selenium.dll" runstate="Runnable" testcasecount="611" result="Failed" site="Child" start-time="2017-12-05 13:04:46Z" end-time="2017-12-05 16:05:42Z" duration="10855.123136" total="156" passed="61" failed="48" warnings="0" inconclusive="2" skipped="45" asserts="4147">
    <environment framework-version="3.6.0.0" clr-version="4.0.30319.42000" os-version="Microsoft Windows NT 6.3.9600.0" platform="Win32NT" cwd="D:\FeaturesUIAutomationTest\Join.Form.Customer\Features Test" machine-name="WINATCA4795" user="zOctopusDEV2" user-domain="BRANCH" culture="en-NZ" uiculture="en-US" os-architecture="x64" />
    <settings>
      <setting name="WorkDirectory" value="D:\FeaturesUIAutomationTest\Join.Form.Customer\Features Test" />
      <setting name="NumberOfTestWorkers" value="2" />
    </settings>
    <properties>
      <property name="ParallelScope" value="None" />
      <property name="_PID" value="3444" />
      <property name="_APPDOMAIN" value="test-domain-" />
    </properties>
    <failure>
      <message><![CDATA[One or more child tests had errors]]></message>
    </failure>
    <test-suite type="TestSuite" id="0-1702" name="Join" fullname="Join" runstate="Runnable" testcasecount="611" result="Failed" site="Child" start-time="2017-12-05 13:04:46Z" end-time="2017-12-05 16:05:42Z" duration="10855.092675" total="156" passed="61" failed="48" warnings="0" inconclusive="2" skipped="45" asserts="4147">
      <properties />
      <failure>
        <message><![CDATA[One or more child tests had errors]]></message>
      </failure>
      <test-suite type="TestSuite" id="0-1703" name="Form" fullname="Join.Form" runstate="Runnable" testcasecount="611" result="Failed" site="Child" start-time="2017-12-05 13:04:46Z" end-time="2017-12-05 16:05:42Z" duration="10855.089551" total="156" passed="61" failed="48" warnings="0" inconclusive="2" skipped="45" asserts="4147">
        <properties />
        <failure>
          <message><![CDATA[One or more child tests had errors]]></message>
        </failure>
        <test-suite type="TestSuite" id="0-1704" name="Customer" fullname="Join.Form.Customer" runstate="Runnable" testcasecount="611" result="Failed" site="Child" start-time="2017-12-05 13:04:46Z" end-time="2017-12-05 16:05:42Z" duration="10855.084699" total="156" passed="61" failed="48" warnings="0" inconclusive="2" skipped="45" asserts="4147">
          <properties />
          <failure>
            <message><![CDATA[One or more child tests had errors]]></message>
          </failure>
          <test-suite type="TestSuite" id="0-1705" name="Selenium" fullname="Join.Form.Customer.Selenium" runstate="Runnable" testcasecount="611" result="Failed" site="Child" start-time="2017-12-05 13:04:46Z" end-time="2017-12-05 16:05:42Z" duration="10855.080697" total="156" passed="61" failed="48" warnings="0" inconclusive="2" skipped="45" asserts="4147">
            <properties />
            <failure>
              <message><![CDATA[One or more child tests had errors]]></message>
            </failure>
            <test-suite type="TestSuite" id="0-1706" name="Features" fullname="Join.Form.Customer.Selenium.Features" runstate="Runnable" testcasecount="611" result="Failed" site="Child" start-time="2017-12-05 13:04:46Z" end-time="2017-12-05 16:05:42Z" duration="10855.076701" total="156" passed="61" failed="48" warnings="0" inconclusive="2" skipped="45" asserts="4147">
              <properties />
              <failure>
                <message><![CDATA[One or more child tests had errors]]></message>
              </failure>
              <test-suite type="TestFixture" id="0-1343" name="_01_IntroductionPageFeature" fullname="Join.Form.Customer.Selenium.Features._01_IntroductionPageFeature" classname="Join.Form.Customer.Selenium.Features._01_IntroductionPageFeature" runstate="Runnable" testcasecount="18" result="Passed" start-time="2017-12-05 13:04:46Z" end-time="2017-12-05 13:05:23Z" duration="36.873161" total="1" passed="1" failed="0" warnings="0" inconclusive="0" skipped="0" asserts="23">
                <properties>
                  <property name="Description" value="01_IntroductionPage" />
                </properties>
                <test-case id="0-1357" name="INTRO_09_VerifyIntroductionPageForCleverKash" fullname="Join.Form.Customer.Selenium.Features._01_IntroductionPageFeature.INTRO_09_VerifyIntroductionPageForCleverKash" methodname="INTRO_09_VerifyIntroductionPageForCleverKash" classname="Join.Form.Customer.Selenium.Features._01_IntroductionPageFeature" runstate="Runnable" seed="1450477905" result="Passed" start-time="2017-12-05 13:04:47Z" end-time="2017-12-05 13:05:23Z" duration="36.377318" asserts="23">
                  <properties>
                    <property name="Description" value="INTRO_09 - Verify Introduction page for Clever Kash" />
                    <property name="Category" value="COB" />
                    <property name="Category" value="intro" />
                    <property name="Category" value="integration" />
                    <property name="Category" value="regression" />
                    <property name="Category" value="092016" />
                  </properties>
                  <output><![CDATA[Given I start my Streamline application
Navigating to URL: https://webappisamdev.asbbank.co.nz/public/join/asb/?grcDisabled=true
-> done: CommonSteps.GivenIStartMyStreamlineApplication() (0.7s)
Given I am in the Clever Kash Introduction page
Navigating to URL: https://webappisamdev.asbbank.co.nz/public/join/cleverkash/?grcDisabled=true
-> done: CommonSteps.GivenIAmInTheCleverKashIntroductionPage() (0.4s)
And I am in the Introduction page
12/6/2017 2:04:50 AMWaitForFeaturesPageLoad: Executing WaitForFrameAndSwitch
12/6/2017 2:04:51 AMWaitForFeaturesPageLoad: Done executing WaitForFrameAndSwitch
-> done: IntroductionPageSteps.GivenIAmInTheIntroductionPage() (20.2s)
Then the header image is displayed
-> done: IntroductionPageSteps.ThenTheHeaderImageIsDisplayed() (0.1s)
And the Introduction heading and info text is displayed
-> done: IntroductionPageSteps.ThenTheIntroductionHeadingAndInfoTextIsDisplayed() (0.1s)
And the It's easy to join section for Clever Kash is not displayed
-> done: IntroductionPageSteps.ThenTheItSEasyToJoinSectionForCleverKashIsNotDisplayed() (10.2s)
And the Before you start section is displayed
-> done: IntroductionPageSteps.ThenTheBeforeYouStartSectionIsDisplayed() (0.2s)
And the 'Over 18' tri-state controls has no default selection
-> done: IntroductionPageSteps.ThenTheTriStateControlsHasNoDefaultSelection("Over 18") (0.1s)
And the 'NZ Resident' tri-state controls has no default selection
-> done: IntroductionPageSteps.ThenTheTriStateControlsHasNoDefaultSelection("NZ Resident") (0.1s)
And the footer elements are displayed
-> done: IntroductionPageSteps.ThenTheFooterElementsAreDisplayed() (0.3s)
]]></output>
                </test-case>
              </test-suite>
              <test-suite type="TestFixture" id="0-1450" name="_02_ProductsPageFeature" fullname="Join.Form.Customer.Selenium.Features._02_ProductsPageFeature" classname="Join.Form.Customer.Selenium.Features._02_ProductsPageFeature" runstate="Runnable" testcasecount="8" result="Passed" start-time="2017-12-05 13:05:23Z" end-time="2017-12-05 13:05:44Z" duration="21.298182" total="1" passed="1" failed="0" warnings="0" inconclusive="0" skipped="0" asserts="18">
                <properties>
                  <property name="Description" value="02_ProductsPage" />
                </properties>
                <test-case id="0-1451" name="PRODUCTS_01_VerifyUI_SelectProductsPage" fullname="Join.Form.Customer.Selenium.Features._02_ProductsPageFeature.PRODUCTS_01_VerifyUI_SelectProductsPage" methodname="PRODUCTS_01_VerifyUI_SelectProductsPage" classname="Join.Form.Customer.Selenium.Features._02_ProductsPageFeature" runstate="Runnable" seed="1455191323" result="Passed" start-time="2017-12-05 13:05:23Z" end-time="2017-12-05 13:05:44Z" duration="21.294836" asserts="18">
                  <properties>
                    <property name="Description" value="PRODUCTS_01 - Verify UI - Select Products page" />
                    <property name="Category" value="COB" />
                    <property name="Category" value="products" />
                    <property name="Category" value="ui" />
                    <property name="Category" value="regression" />
                    <property name="Category" value="smoke" />
                    <property name="Category" value="integration" />
                    <property name="Category" value="072016" />
                  </properties>
                  <output><![CDATA[Given I start my Streamline application
Navigating to URL: https://webappisamdev.asbbank.co.nz/public/join/asb/?grcDisabled=true
-> done: CommonSteps.GivenIStartMyStreamlineApplication() (0.5s)
Given I am in the Select Products page
12/6/2017 2:05:35 AMWaitForFeaturesPageLoad: Executing WaitForFrameAndSwitch
12/6/2017 2:05:35 AMWaitForFeaturesPageLoad: Done executing WaitForFrameAndSwitch
-> done: ProductsPageSteps.GivenIAmInTheSelectProductsPage() (14.7s)
Then the Streamline transaction account details are displayed
-> done: ProductsPageSteps.ThenTheStreamlineTransactionAccountDetailsAreDisplayed() (0.2s)
And the 'ASB Visa Debit Streamline Intro' details are displayed with preselected checkbox
-> done: ProductsPageSteps.ThenTheIsPreselected("ASB Visa Debit St...") (0.2s)
And the 'FastSaver' account details are displayed with an unselected checkbox
Unable to find product 'FastSaver' in page or product 'FastSaver' is not selected
-> done: ProductsPageSteps.ThenTheAccountDetailsAreDisplayedWithAnUnselectedCheckbox("FastSaver") (1.2s)
And the 'Savings On Call' account details are displayed with an unselected checkbox
Unable to find product 'Savings On Call' in page or product 'Savings On Call' is not selected
-> done: ProductsPageSteps.ThenTheAccountDetailsAreDisplayedWithAnUnselectedCheckbox("Savings On Call") (1.2s)
And the products disclaimer is displayed
-> done: ProductsPageSteps.ThenTheProductsDisclaimerIsDisplayed() (0.1s)
]]></output>
                </test-case>
              </test-suite>
              <test-suite type="TestFixture" id="0-1412" name="_03_PersonalDetailsFeature" fullname="Join.Form.Customer.Selenium.Features._03_PersonalDetailsFeature" classname="Join.Form.Customer.Selenium.Features._03_PersonalDetailsFeature" runstate="Runnable" testcasecount="35" result="Passed" start-time="2017-12-05 13:05:44Z" end-time="2017-12-05 13:06:49Z" duration="65.181189" total="2" passed="2" failed="0" warnings="0" inconclusive="0" skipped="0" asserts="4">
                <properties>
                  <property name="Description" value="03_PersonalDetails" />
                </properties>
                <test-case id="0-1428" name="PDETAILS_14_SearchAndSelectStandardAddress" fullname="Join.Form.Customer.Selenium.Features._03_PersonalDetailsFeature.PDETAILS_14_SearchAndSelectStandardAddress" methodname="PDETAILS_14_SearchAndSelectStandardAddress" classname="Join.Form.Customer.Selenium.Features._03_PersonalDetailsFeature" runstate="Runnable" seed="1884307219" result="Passed" start-time="2017-12-05 13:05:44Z" end-time="2017-12-05 13:06:20Z" duration="36.098346" asserts="2">
                  <properties>
                    <property name="Description" value="PDETAILS_14 - Search and select standard address" />
                    <property name="Category" value="COB" />
                    <property name="Category" value="personaldetails" />
                    <property name="Category" value="regression" />
                    <property name="Category" value="smoke" />
                    <property name="Category" value="ui" />
                    <property name="Category" value="integration" />
                    <property name="Category" value="072016" />
                  </properties>
                  <output><![CDATA[Given I start my Streamline application
Navigating to URL: https://webappisamdev.asbbank.co.nz/public/join/asb/?grcDisabled=true
-> done: CommonSteps.GivenIStartMyStreamlineApplication() (0.8s)
Given I am in the Personal Details page
12/6/2017 2:05:56 AMWaitForFeaturesPageLoad: Executing WaitForFrameAndSwitch
12/6/2017 2:05:56 AMWaitForFeaturesPageLoad: Done executing WaitForFrameAndSwitch
Unable to find product 'Savings On Call' in page or product 'Savings On Call' is not selected
Unable to find product 'FastSaver' in page or product 'FastSaver' is not selected
-> done: PersonalDetailsSteps.GivenIAmInThePersonalDetailsPage() (13.1s)
When I search and select '12 Lake Road, Kaitaia' as 'Standard' address
-> done: PersonalDetailsSteps.WhenISearchAndSelectAsAddress("12 Lake Road, Kai...", "Standard") (18.4s)
Then my 'Standard' address is displayed
-> done: PersonalDetailsSteps.ThenMyAddressIsDisplayed("Standard") (0.3s)
]]></output>
                </test-case>
                <test-case id="0-1429" name="PDETAILS_15_SearchAndSelectRuralDeliveryAddress" fullname="Join.Form.Customer.Selenium.Features._03_PersonalDetailsFeature.PDETAILS_15_SearchAndSelectRuralDeliveryAddress" methodname="PDETAILS_15_SearchAndSelectRuralDeliveryAddress" classname="Join.Form.Customer.Selenium.Features._03_PersonalDetailsFeature" runstate="Runnable" seed="1599318963" result="Passed" start-time="2017-12-05 13:06:20Z" end-time="2017-12-05 13:06:49Z" duration="29.043784" asserts="2">
                  <properties>
                    <property name="Description" value="PDETAILS_15 - Search and select rural delivery address" />
                    <property name="Category" value="COB" />
                    <property name="Category" value="personaldetails" />
                    <property name="Category" value="regression" />
                    <property name="Category" value="ui" />
                    <property name="Category" value="integration" />
                    <property name="Category" value="072016" />
                  </properties>
                  <output><![CDATA[Given I start my Streamline application
Navigating to URL: https://webappisamdev.asbbank.co.nz/public/join/asb/?grcDisabled=true
-> done: CommonSteps.GivenIStartMyStreamlineApplication() (0.5s)
Given I am in the Personal Details page
12/6/2017 2:06:32 AMWaitForFeaturesPageLoad: Executing WaitForFrameAndSwitch
12/6/2017 2:06:32 AMWaitForFeaturesPageLoad: Done executing WaitForFrameAndSwitch
Unable to find product 'Savings On Call' in page or product 'Savings On Call' is not selected
Unable to find product 'FastSaver' in page or product 'FastSaver' is not selected
-> done: PersonalDetailsSteps.GivenIAmInThePersonalDetailsPage() (13.2s)
When I search and select '21 Greens Road, RD 1, Kaiapoi' as 'Rural Delivery' address
-> done: PersonalDetailsSteps.WhenISearchAndSelectAsAddress("21 Greens Road, R...", "Rural Delivery") (14.0s)
Then my 'Rural Delivery' address is displayed
-> done: PersonalDetailsSteps.ThenMyAddressIsDisplayed("Rural Delivery") (0.2s)
]]></output>
                </test-case>
              </test-suite>
              <test-suite type="TestFixture" id="0-1520" name="_04_TaxDetailsFeature" fullname="Join.Form.Customer.Selenium.Features._04_TaxDetailsFeature" classname="Join.Form.Customer.Selenium.Features._04_TaxDetailsFeature" runstate="Runnable" testcasecount="95" result="Passed" start-time="2017-12-05 13:06:50Z" end-time="2017-12-05 13:07:33Z" duration="43.767088" total="1" passed="1" failed="0" warnings="0" inconclusive="0" skipped="0" asserts="30">
                <properties>
                  <property name="Description" value="04_TaxDetails" />
                </properties>
                <test-case id="0-1619" name="TAXINFO_27_TINNumberAddCoTR" fullname="Join.Form.Customer.Selenium.Features._04_TaxDetailsFeature.TAXINFO_27_TINNumberAddCoTR" methodname="TAXINFO_27_TINNumberAddCoTR" classname="Join.Form.Customer.Selenium.Features._04_TaxDetailsFeature" runstate="Runnable" seed="1958679191" result="Passed" start-time="2017-12-05 13:06:50Z" end-time="2017-12-05 13:07:33Z" duration="43.756889" asserts="30">
                  <properties>
                    <property name="Description" value="TAXINFO_27 - TIN number Add CoTR" />
                    <property name="Category" value="112017" />
                    <property name="Category" value="taxdetails" />
                    <property name="Category" value="ui" />
                    <property name="Category" value="smoke" />
                    <property name="Category" value="regression" />
                    <property name="Category" value="integration" />
                    <property name="Category" value="securitytest" />
                  </properties>
                  <output><![CDATA[Given I start my Streamline application
Navigating to URL: https://webappisamdev.asbbank.co.nz/public/join/asb/?grcDisabled=true
-> done: CommonSteps.GivenIStartMyStreamlineApplication() (0.7s)
And I am in the Personal Details page
12/6/2017 2:07:01 AMWaitForFeaturesPageLoad: Executing WaitForFrameAndSwitch
12/6/2017 2:07:02 AMWaitForFeaturesPageLoad: Done executing WaitForFrameAndSwitch
Unable to find product 'Savings On Call' in page or product 'Savings On Call' is not selected
Unable to find product 'FastSaver' in page or product 'FastSaver' is not selected
-> done: PersonalDetailsSteps.GivenIAmInThePersonalDetailsPage() (13.3s)
Given I enter all required details in the Personal details page and clicks on Next button:
  --- table step argument ---
  | Title | FirstName  | MiddleName | LastName | DateOfBirth   | Email             | MobileNumber   | CountriesCitizenship | PreferredIdType |
  | Miss  | Automation |            | FYICOB   | 16 March 1978 | cob2016@asb.co.nz | 021-1234567890 | New Zealand          | Other           |
-> done: PersonalDetailsSteps.WhenIEnterAllRequiredDetailsForPersonalDetailsPage(<table>) (17.8s)
Then the Tax Details page is displayed
-> done: AdditionalPersonalDetailsSteps.GivenIAmInTheTaxInformationPage() (0.0s)
When I select 'Yes' in the Are you currently a New Zealand tax resident question
-> done: AdditionalPersonalDetailsSteps.WhenISelectInTheAreYouANewZealandTaxResidentQuestion("Yes") (0.2s)
And I select 'Yes' in the Foreign tax resident question
-> done: AdditionalPersonalDetailsSteps.WhenISelectInTheForeignTaxResidentQuestion("Yes") (0.2s)
And I click Add a country button
-> done: AdditionalPersonalDetailsSteps.WhenIClickAddACountryButton() (0.2s)
Then the add CoTR takeover 'is' displayed
-> done: AdditionalPersonalDetailsSteps.ThenTheAddCoTRTakeoverDisplayed("is") (0.2s)
When I select the country 'Australia' in the Countries where you have Foreign Tax Residence dropdown
-> done: AdditionalPersonalDetailsSteps.WhenISelectTheCountryInTheCountriesWhereYouHaveForeignTaxResidenceDropdown("Australia") (0.3s)
Then the Foreign Tax Number field 'is' displayed
-> done: AdditionalPersonalDetailsSteps.ThenTheForeignTaxNumberFieldDisplayed("is") (0.1s)
And the Where can I find this number? link opens in a new window
-> done: AdditionalPersonalDetailsSteps.ThenTheWhereCanIFindThisNumberLinkOpensInANewWindow() (1.6s)
And the following blacklisted TINs are not accepted in Foreign Tax Number field
  --- table step argument ---
  | tin         |
  | n/a         |
  | na          |
  | n.a         |
  | n.a.        |
  | n a         |
  | tbd         |
  | t.b.d       |
  | t.b.d.      |
  | t b d       |
  | tbc         |
  | t.b.c       |
  | t.b.c.      |
  | t b c       |
  | unknown     |
  | -           |
  | --          |
  | ---         |
  | ----        |
  | -----       |
  | none        |
  | non         |
  | don't know  |
  | do not know |
  | <>          |
-> done: AdditionalPersonalDetailsSteps.ThenTheFollowingBlacklistedTINsAreNotAcceptedInForeignTaxNumberField(<table>) (5.9s)
]]></output>
                </test-case>
              </test-suite>
              <test-suite type="TestFixture" id="0-1102" name="_05_ASBLoginPageFeature" fullname="Join.Form.Customer.Selenium.Features._05_ASBLoginPageFeature" classname="Join.Form.Customer.Selenium.Features._05_ASBLoginPageFeature" runstate="Runnable" testcasecount="133" result="Passed" start-time="2017-12-05 13:07:33Z" end-time="2017-12-05 13:09:39Z" duration="125.644918" total="4" passed="4" failed="0" warnings="0" inconclusive="0" skipped="0" asserts="26">
                <properties>
                  <property name="Description" value="05_ASBLoginPage" />
                </properties>
                <test-suite type="ParameterizedMethod" id="0-1108" name="LOGIN_02_VerifyUsernameGeneration" fullname="Join.Form.Customer.Selenium.Features._05_ASBLoginPageFeature.LOGIN_02_VerifyUsernameGeneration" classname="Join.Form.Customer.Selenium.Features._05_ASBLoginPageFeature" runstate="Runnable" testcasecount="4" result="Passed" start-time="2017-12-05 13:07:33Z" end-time="2017-12-05 13:09:39Z" duration="125.639586" total="4" passed="4" failed="0" warnings="0" inconclusive="0" skipped="0" asserts="26">
                  <properties>
                    <property name="Description" value="LOGIN_02 - Verify username generation" />
                    <property name="Category" value="COB" />
                    <property name="Category" value="asblogin" />
                    <property name="Category" value="integration" />
                    <property name="Category" value="072016" />
                  </properties>
                  <test-case id="0-1104" name="LOGIN_02_VerifyUsernameGeneration(&quot;Update all&quot;,&quot;new First&quot;,&quot;new Last&quot;,&quot;true&quot;,null)" fullname="Join.Form.Customer.Selenium.Features._05_ASBLoginPageFeature.LOGIN_02_VerifyUsernameGeneration(&quot;Update all&quot;,&quot;new First&quot;,&quot;new Last&quot;,&quot;true&quot;,null)" methodname="LOGIN_02_VerifyUsernameGeneration" classname="Join.Form.Customer.Selenium.Features._05_ASBLoginPageFeature" runstate="Runnable" seed="1770100670" result="Passed" start-time="2017-12-05 13:07:33Z" end-time="2017-12-05 13:08:07Z" duration="33.797700" asserts="7">
                    <properties>
                      <property name="Category" value="regression" />
                      <property name="Category" value="smoke" />
                    </properties>
                    <output><![CDATA[Given I start my Streamline application
Navigating to URL: https://webappisamdev.asbbank.co.nz/public/join/asb/?grcDisabled=true
-> done: CommonSteps.GivenIStartMyStreamlineApplication() (0.9s)
And I am in the Personal Details page
12/6/2017 2:07:45 AMWaitForFeaturesPageLoad: Executing WaitForFrameAndSwitch
12/6/2017 2:07:45 AMWaitForFeaturesPageLoad: Done executing WaitForFrameAndSwitch
Unable to find product 'Savings On Call' in page or product 'Savings On Call' is not selected
Unable to find product 'FastSaver' in page or product 'FastSaver' is not selected
-> done: PersonalDetailsSteps.GivenIAmInThePersonalDetailsPage() (13.1s)
And I enter all required details in the Personal details page and clicks on Next button:
  --- table step argument ---
  | Title | FirstName | MiddleName | LastName | DateOfBirth   | Email             | MobileNumber   | CountriesCitizenship | PreferredIdType |
  | Miss  | Mary      | Middle     | Thomas   | 16 March 1978 | cob2016@asb.co.nz | 021-1234567890 | New Zealand          | Other           |
-> done: PersonalDetailsSteps.WhenIEnterAllRequiredDetailsForPersonalDetailsPage(<table>) (12.4s)
And I enter mandatory Tax Information for NZ citizen and clicks on Next button
-> done: AdditionalPersonalDetailsSteps.GivenIEnterMandatoryTaxInformationForNZCitizen() (0.6s)
Given I am in the ASB Login page
-> done: ASBLoginPageSteps.GivenIAmInTheASBLoginPage() (0.8s)
And the generated username is displayed
-> done: ASBLoginPageSteps.GivenTheGeneratedUsernameIsDisplayed() (0.5s)
When I click on 'Previous' button
-> done: CommonSteps.WhenIClickOnButton("Previous") (0.1s)
And I click on 'Previous' button
-> done: CommonSteps.WhenIClickOnButton("Previous") (0.2s)
And the 'Personal Details' screen of Join ASB page is displayed
-> done: CommonSteps.ThenTheScreenOfJoinASBPageIsDisplayed("Personal Details") (0.1s)
And I enter my Firstname as 'new First' and Lastname as 'new Last'
-> done: PersonalDetailsSteps.WhenIEnterMyFirstnameAsAndLastnameAs("new First", "new Last") (1.6s)
And I click on 'Next' button
-> done: CommonSteps.WhenIClickOnButton("Next") (0.1s)
And I click on 'Next' button
-> done: CommonSteps.WhenIClickOnButton("Next") (0.1s)
And the 'ASB Login' screen of Join ASB page is displayed
-> done: CommonSteps.ThenTheScreenOfJoinASBPageIsDisplayed("ASB Login") (0.1s)
Then I expect my username to be 'true'
-> done: ASBLoginPageSteps.ThenIExpectMyUsernameToBe(True) (0.3s)
]]></output>
                  </test-case>
                  <test-case id="0-1105" name="LOGIN_02_VerifyUsernameGeneration(&quot;No change&quot;,&quot;same&quot;,&quot;same&quot;,&quot;false&quot;,null)" fullname="Join.Form.Customer.Selenium.Features._05_ASBLoginPageFeature.LOGIN_02_VerifyUsernameGeneration(&quot;No change&quot;,&quot;same&quot;,&quot;same&quot;,&quot;false&quot;,null)" methodname="LOGIN_02_VerifyUsernameGeneration" classname="Join.Form.Customer.Selenium.Features._05_ASBLoginPageFeature" runstate="Runnable" seed="490706246" result="Passed" start-time="2017-12-05 13:08:07Z" end-time="2017-12-05 13:08:36Z" duration="28.387725" asserts="5">
                    <properties>
                      <property name="Category" value="regression" />
                    </properties>
                    <output><![CDATA[Given I start my Streamline application
Navigating to URL: https://webappisamdev.asbbank.co.nz/public/join/asb/?grcDisabled=true
-> done: CommonSteps.GivenIStartMyStreamlineApplication() (0.5s)
And I am in the Personal Details page
12/6/2017 2:08:19 AMWaitForFeaturesPageLoad: Executing WaitForFrameAndSwitch
12/6/2017 2:08:19 AMWaitForFeaturesPageLoad: Done executing WaitForFrameAndSwitch
Unable to find product 'Savings On Call' in page or product 'Savings On Call' is not selected
Unable to find product 'FastSaver' in page or product 'FastSaver' is not selected
-> done: PersonalDetailsSteps.GivenIAmInThePersonalDetailsPage() (13.1s)
And I enter all required details in the Personal details page and clicks on Next button:
  --- table step argument ---
  | Title | FirstName | MiddleName | LastName | DateOfBirth   | Email             | MobileNumber   | CountriesCitizenship | PreferredIdType |
  | Miss  | Mary      | Middle     | Thomas   | 16 March 1978 | cob2016@asb.co.nz | 021-1234567890 | New Zealand          | Other           |
-> done: PersonalDetailsSteps.WhenIEnterAllRequiredDetailsForPersonalDetailsPage(<table>) (11.9s)
And I enter mandatory Tax Information for NZ citizen and clicks on Next button
-> done: AdditionalPersonalDetailsSteps.GivenIEnterMandatoryTaxInformationForNZCitizen() (0.5s)
Given I am in the ASB Login page
-> done: ASBLoginPageSteps.GivenIAmInTheASBLoginPage() (0.3s)
And the generated username is displayed
-> done: ASBLoginPageSteps.GivenTheGeneratedUsernameIsDisplayed() (0.3s)
When I click on 'Previous' button
-> done: CommonSteps.WhenIClickOnButton("Previous") (0.1s)
And I click on 'Previous' button
-> done: CommonSteps.WhenIClickOnButton("Previous") (0.2s)
And the 'Personal Details' screen of Join ASB page is displayed
-> done: CommonSteps.ThenTheScreenOfJoinASBPageIsDisplayed("Personal Details") (0.0s)
And I enter my Firstname as 'same' and Lastname as 'same'
-> done: PersonalDetailsSteps.WhenIEnterMyFirstnameAsAndLastnameAs("same", "same") (0.0s)
And I click on 'Next' button
-> done: CommonSteps.WhenIClickOnButton("Next") (0.1s)
And I click on 'Next' button
-> done: CommonSteps.WhenIClickOnButton("Next") (0.1s)
And the 'ASB Login' screen of Join ASB page is displayed
-> done: CommonSteps.ThenTheScreenOfJoinASBPageIsDisplayed("ASB Login") (0.0s)
Then I expect my username to be 'false'
-> done: ASBLoginPageSteps.ThenIExpectMyUsernameToBe(False) (0.1s)
]]></output>
                  </test-case>
                  <test-case id="0-1106" name="LOGIN_02_VerifyUsernameGeneration(&quot;Update Firstname&quot;,&quot;new First&quot;,&quot;same&quot;,&quot;true&quot;,null)" fullname="Join.Form.Customer.Selenium.Features._05_ASBLoginPageFeature.LOGIN_02_VerifyUsernameGeneration(&quot;Update Firstname&quot;,&quot;new First&quot;,&quot;same&quot;,&quot;true&quot;,null)" methodname="LOGIN_02_VerifyUsernameGeneration" classname="Join.Form.Customer.Selenium.Features._05_ASBLoginPageFeature" runstate="Runnable" seed="694715736" result="Passed" start-time="2017-12-05 13:08:36Z" end-time="2017-12-05 13:09:07Z" duration="31.917775" asserts="7">
                    <properties>
                      <property name="Category" value="regression" />
                    </properties>
                    <output><![CDATA[Given I start my Streamline application
Navigating to URL: https://webappisamdev.asbbank.co.nz/public/join/asb/?grcDisabled=true
-> done: CommonSteps.GivenIStartMyStreamlineApplication() (0.7s)
And I am in the Personal Details page
12/6/2017 2:08:47 AMWaitForFeaturesPageLoad: Executing WaitForFrameAndSwitch
12/6/2017 2:08:47 AMWaitForFeaturesPageLoad: Done executing WaitForFrameAndSwitch
Unable to find product 'Savings On Call' in page or product 'Savings On Call' is not selected
Unable to find product 'FastSaver' in page or product 'FastSaver' is not selected
-> done: PersonalDetailsSteps.GivenIAmInThePersonalDetailsPage() (13.1s)
And I enter all required details in the Personal details page and clicks on Next button:
  --- table step argument ---
  | Title | FirstName | MiddleName | LastName | DateOfBirth   | Email             | MobileNumber   | CountriesCitizenship | PreferredIdType |
  | Miss  | Mary      | Middle     | Thomas   | 16 March 1978 | cob2016@asb.co.nz | 021-1234567890 | New Zealand          | Other           |
-> done: PersonalDetailsSteps.WhenIEnterAllRequiredDetailsForPersonalDetailsPage(<table>) (12.0s)
And I enter mandatory Tax Information for NZ citizen and clicks on Next button
-> done: AdditionalPersonalDetailsSteps.GivenIEnterMandatoryTaxInformationForNZCitizen() (0.6s)
Given I am in the ASB Login page
-> done: ASBLoginPageSteps.GivenIAmInTheASBLoginPage() (0.2s)
And the generated username is displayed
-> done: ASBLoginPageSteps.GivenTheGeneratedUsernameIsDisplayed() (0.2s)
When I click on 'Previous' button
-> done: CommonSteps.WhenIClickOnButton("Previous") (0.1s)
And I click on 'Previous' button
-> done: CommonSteps.WhenIClickOnButton("Previous") (0.2s)
And the 'Personal Details' screen of Join ASB page is displayed
-> done: CommonSteps.ThenTheScreenOfJoinASBPageIsDisplayed("Personal Details") (0.1s)
And I enter my Firstname as 'new First' and Lastname as 'same'
-> done: PersonalDetailsSteps.WhenIEnterMyFirstnameAsAndLastnameAs("new First", "same") (0.9s)
And I click on 'Next' button
-> done: CommonSteps.WhenIClickOnButton("Next") (0.1s)
And I click on 'Next' button
-> done: CommonSteps.WhenIClickOnButton("Next") (0.1s)
And the 'ASB Login' screen of Join ASB page is displayed
-> done: CommonSteps.ThenTheScreenOfJoinASBPageIsDisplayed("ASB Login") (0.1s)
Then I expect my username to be 'true'
-> done: ASBLoginPageSteps.ThenIExpectMyUsernameToBe(True) (0.2s)
]]></output>
                  </test-case>
                  <test-case id="0-1107" name="LOGIN_02_VerifyUsernameGeneration(&quot;Update Lastname&quot;,&quot;same&quot;,&quot;new Last&quot;,&quot;true&quot;,null)" fullname="Join.Form.Customer.Selenium.Features._05_ASBLoginPageFeature.LOGIN_02_VerifyUsernameGeneration(&quot;Update Lastname&quot;,&quot;same&quot;,&quot;new Last&quot;,&quot;true&quot;,null)" methodname="LOGIN_02_VerifyUsernameGeneration" classname="Join.Form.Customer.Selenium.Features._05_ASBLoginPageFeature" runstate="Runnable" seed="1795413575" result="Passed" start-time="2017-12-05 13:09:07Z" end-time="2017-12-05 13:09:39Z" duration="31.492808" asserts="7">
                    <properties>
                      <property name="Category" value="regression" />
                    </properties>
                    <output><![CDATA[Given I start my Streamline application
Navigating to URL: https://webappisamdev.asbbank.co.nz/public/join/asb/?grcDisabled=true
-> done: CommonSteps.GivenIStartMyStreamlineApplication() (0.6s)
And I am in the Personal Details page
12/6/2017 2:09:19 AMWaitForFeaturesPageLoad: Executing WaitForFrameAndSwitch
12/6/2017 2:09:19 AMWaitForFeaturesPageLoad: Done executing WaitForFrameAndSwitch
Unable to find product 'Savings On Call' in page or product 'Savings On Call' is not selected
Unable to find product 'FastSaver' in page or product 'FastSaver' is not selected
-> done: PersonalDetailsSteps.GivenIAmInThePersonalDetailsPage() (13.0s)
And I enter all required details in the Personal details page and clicks on Next button:
  --- table step argument ---
  | Title | FirstName | MiddleName | LastName | DateOfBirth   | Email             | MobileNumber   | CountriesCitizenship | PreferredIdType |
  | Miss  | Mary      | Middle     | Thomas   | 16 March 1978 | cob2016@asb.co.nz | 021-1234567890 | New Zealand          | Other           |
-> done: PersonalDetailsSteps.WhenIEnterAllRequiredDetailsForPersonalDetailsPage(<table>) (11.8s)
And I enter mandatory Tax Information for NZ citizen and clicks on Next button
-> done: AdditionalPersonalDetailsSteps.GivenIEnterMandatoryTaxInformationForNZCitizen() (0.6s)
Given I am in the ASB Login page
-> done: ASBLoginPageSteps.GivenIAmInTheASBLoginPage() (0.2s)
And the generated username is displayed
-> done: ASBLoginPageSteps.GivenTheGeneratedUsernameIsDisplayed() (0.2s)
When I click on 'Previous' button
-> done: CommonSteps.WhenIClickOnButton("Previous") (0.1s)
And I click on 'Previous' button
-> done: CommonSteps.WhenIClickOnButton("Previous") (0.2s)
And the 'Personal Details' screen of Join ASB page is displayed
-> done: CommonSteps.ThenTheScreenOfJoinASBPageIsDisplayed("Personal Details") (0.1s)
And I enter my Firstname as 'same' and Lastname as 'new Last'
-> done: PersonalDetailsSteps.WhenIEnterMyFirstnameAsAndLastnameAs("same", "new Last") (1.1s)
And I click on 'Next' button
-> done: CommonSteps.WhenIClickOnButton("Next") (0.1s)
And I click on 'Next' button
-> done: CommonSteps.WhenIClickOnButton("Next") (0.1s)
And the 'ASB Login' screen of Join ASB page is displayed
-> done: CommonSteps.ThenTheScreenOfJoinASBPageIsDisplayed("ASB Login") (0.2s)
Then I expect my username to be 'true'
-> done: ASBLoginPageSteps.ThenIExpectMyUsernameToBe(True) (0.3s)
]]></output>
                  </test-case>
                </test-suite>
              </test-suite>
              <test-suite type="TestFixture" id="0-1472" name="_06_SummaryPageFeature" fullname="Join.Form.Customer.Selenium.Features._06_SummaryPageFeature" classname="Join.Form.Customer.Selenium.Features._06_SummaryPageFeature" runstate="Runnable" testcasecount="42" result="Failed" site="Child" start-time="2017-12-05 13:09:39Z" end-time="2017-12-05 13:15:48Z" duration="368.912917" total="1" passed="0" failed="1" warnings="0" inconclusive="0" skipped="0" asserts="2">
                <properties>
                  <property name="Description" value="06_SummaryPage" />
                </properties>
                <failure>
                  <message><![CDATA[One or more child tests had errors]]></message>
                </failure>
                <test-case id="0-1497" name="SUMMARY_09_VerifyThePageBehaviourWhenTheUserClicksOnConfirmButton" fullname="Join.Form.Customer.Selenium.Features._06_SummaryPageFeature.SUMMARY_09_VerifyThePageBehaviourWhenTheUserClicksOnConfirmButton" methodname="SUMMARY_09_VerifyThePageBehaviourWhenTheUserClicksOnConfirmButton" classname="Join.Form.Customer.Selenium.Features._06_SummaryPageFeature" runstate="Runnable" seed="1989704163" result="Failed" label="Error" start-time="2017-12-05 13:09:39Z" end-time="2017-12-05 13:15:48Z" duration="368.893912" asserts="2">
                  <properties>
                    <property name="Description" value="SUMMARY_09 - Verify the page behaviour when the user clicks on Confirm button" />
                    <property name="Category" value="COB" />
                    <property name="Category" value="summary" />
                    <property name="Category" value="integration" />
                    <property name="Category" value="072016" />
                    <property name="Category" value="112017" />
                  </properties>
                  <failure>
                    <message><![CDATA[System.Exception : no such element: Unable to locate element: {"method":"css selector","selector":"#loggingYouIn"}
  (Session info: chrome=60.0.3112.78)
  (Driver info: chromedriver=2.29.461591 (62ebf098771772160f391d75e589dc567915b233),platform=Windows NT 6.3.9600 x86_64)
  ----> OpenQA.Selenium.NoSuchElementException : no such element: Unable to locate element: {"method":"css selector","selector":"#loggingYouIn"}
  (Session info: chrome=60.0.3112.78)
  (Driver info: chromedriver=2.29.461591 (62ebf098771772160f391d75e589dc567915b233),platform=Windows NT 6.3.9600 x86_64)]]></message>
                    <stack-trace><![CDATA[   at ASB.Test.Automation.Utils.Retry.Retry.Execute(Func`1 function, Int32 retryInterval, Int32 retryCount, String exceptionMessage)
   at Join.Form.Customer.Selenium.StepDefinitions.ConfirmationPageSteps.ThenTheLoggingYouInProgressPageIsDisplayed()
   at TechTalk.SpecFlow.Bindings.BindingInvoker.InvokeBinding(IBinding binding, IContextManager contextManager, Object[] arguments, ITestTracer testTracer, TimeSpan& duration)
   at TechTalk.SpecFlow.Infrastructure.TestExecutionEngine.ExecuteStepMatch(BindingMatch match, Object[] arguments)
   at TechTalk.SpecFlow.Infrastructure.TestExecutionEngine.ExecuteStep(StepInstance stepInstance)
   at TechTalk.SpecFlow.Infrastructure.TestExecutionEngine.OnAfterLastStep()
   at Join.Form.Customer.Selenium.Features._06_SummaryPageFeature.ScenarioCleanup()
   at Join.Form.Customer.Selenium.Features._06_SummaryPageFeature.SUMMARY_09_VerifyThePageBehaviourWhenTheUserClicksOnConfirmButton()
--NoSuchElementException
   at OpenQA.Selenium.Remote.RemoteWebDriver.UnpackAndThrowOnError(Response errorResponse)
   at OpenQA.Selenium.Remote.RemoteWebDriver.Execute(String driverCommandToExecute, Dictionary`2 parameters)
   at OpenQA.Selenium.Remote.RemoteWebDriver.FindElement(String mechanism, String value)
   at Join.Form.Customer.Selenium.Pages.FeaturesPage.IsPageActive(String pageName, IWebDriver driver)
   at Join.Form.Customer.Selenium.StepDefinitions.ConfirmationPageSteps.<ThenTheLoggingYouInProgressPageIsDisplayed>b__9_0()
   at ASB.Test.Automation.Utils.Retry.Retry.Execute(Func`1 function, Int32 retryInterval, Int32 retryCount, String exceptionMessage)]]></stack-trace>
                  </failure>
                  <output><![CDATA[Given I start my Streamline application
Navigating to URL: https://webappisamdev.asbbank.co.nz/public/join/asb/?grcDisabled=true
-> done: CommonSteps.GivenIStartMyStreamlineApplication() (0.6s)
And I am in the Personal Details page
12/6/2017 2:09:51 AMWaitForFeaturesPageLoad: Executing WaitForFrameAndSwitch
12/6/2017 2:09:51 AMWaitForFeaturesPageLoad: Done executing WaitForFrameAndSwitch
Unable to find product 'Savings On Call' in page or product 'Savings On Call' is not selected
Unable to find product 'FastSaver' in page or product 'FastSaver' is not selected
-> done: PersonalDetailsSteps.GivenIAmInThePersonalDetailsPage() (13.1s)
And I enter all required details in the Personal details page and clicks on Next button:
  --- table step argument ---
  | Title | FirstName  | MiddleName | LastName | DateOfBirth   | Email             | MobileNumber   | CountriesCitizenship | PreferredIdType |
  | Miss  | Automation | Middle     | RANDOM   | 16 March 1978 | cob2016@asb.co.nz | 021-1234567890 | New Zealand          | Other           |
-> done: PersonalDetailsSteps.WhenIEnterAllRequiredDetailsForPersonalDetailsPage(<table>) (12.8s)
And I enter mandatory Tax Information for NZ citizen and clicks on Next button
-> done: AdditionalPersonalDetailsSteps.GivenIEnterMandatoryTaxInformationForNZCitizen() (0.5s)
And I enter 'Kiwi77nz' password and 'MyCode01' verbal password in the ASB Login page and clicks on Next button
-> done: ASBLoginPageSteps.WhenIEnterPasswordAndVerbalPasswordInTheASBLoginPageAndClicksOnNextButton("Kiwi77nz", "MyCode01") (1.2s)
Given I am in the Summary page
-> done: SummaryPageSteps.GivenIAmInTheSummaryPage() (0.1s)
When I 'mark' the I agree to the Terms and Conditions checkbox
-> done: SummaryPageSteps.WhenITheIAgreeCheckbox("mark") (1.1s)
And I 'mark' the I agree to the Background Address verification checkbox
-> done: SummaryPageSteps.WhenITheIAgreeToTheBackgroundAddressVerificationCheckbox("mark") (1.1s)
And I click on 'Confirm' button
-> done: CommonSteps.WhenIClickOnButton("Confirm") (0.1s)
Then the 'Processing' screen of Join ASB page is displayed
-> done: CommonSteps.ThenTheScreenOfJoinASBPageIsDisplayed("Processing") (0.0s)
And the Logging you in progress page is displayed
-> error: no such element: Unable to locate element: {"method":"css selector","selector":"#loggingYouIn"}
  (Session info: chrome=60.0.3112.78)
  (Driver info: chromedriver=2.29.461591 (62ebf098771772160f391d75e589dc567915b233),platform=Windows NT 6.3.9600 x86_64)
And the Activation page is displayed
-> skipped because of previous errors
]]></output>
                </test-case>
              </test-suite>
              <test-suite type="TestFixture" id="0-1251" name="_07_ConfirmationFeature" fullname="Join.Form.Customer.Selenium.Features._07_ConfirmationFeature" classname="Join.Form.Customer.Selenium.Features._07_ConfirmationFeature" runstate="Runnable" testcasecount="12" result="Failed" site="Child" start-time="2017-12-05 13:15:48Z" end-time="2017-12-05 13:20:44Z" duration="295.639593" total="6" passed="5" failed="1" warnings="0" inconclusive="0" skipped="0" asserts="107">
                <properties>
                  <property name="Description" value="07_Confirmation" />
                </properties>
                <failure>
                  <message><![CDATA[One or more child tests had errors]]></message>
                </failure>
                <test-case id="0-1252" name="CNFM_01_VerifyConfirmationScreen_BadCustomerCheckBlock" fullname="Join.Form.Customer.Selenium.Features._07_ConfirmationFeature.CNFM_01_VerifyConfirmationScreen_BadCustomerCheckBlock" methodname="CNFM_01_VerifyConfirmationScreen_BadCustomerCheckBlock" classname="Join.Form.Customer.Selenium.Features._07_ConfirmationFeature" runstate="Runnable" seed="1772304776" result="Passed" start-time="2017-12-05 13:15:48Z" end-time="2017-12-05 13:16:32Z" duration="44.275422" asserts="19">
                  <properties>
                    <property name="Description" value="CNFM_01 - Verify Confirmation screen - Bad Customer check (block)" />
                    <property name="Category" value="COB" />
                    <property name="Category" value="confirmation" />
                    <property name="Category" value="regression" />
                    <property name="Category" value="integration" />
                    <property name="Category" value="072016" />
                  </properties>
                  <output><![CDATA[Given I start my Streamline application
Navigating to URL: https://webappisamdev.asbbank.co.nz/public/join/asb/?grcDisabled=true
-> done: CommonSteps.GivenIStartMyStreamlineApplication() (0.6s)
Given I select the following products: 'Streamline intro, ASB Visa Debit Streamline Intro'
12/6/2017 2:16:00 AMWaitForFeaturesPageLoad: Executing WaitForFrameAndSwitch
12/6/2017 2:16:00 AMWaitForFeaturesPageLoad: Done executing WaitForFrameAndSwitch
Unable to find product 'FastSaver' in page or product 'FastSaver' is not selected
Unable to find product 'Savings On Call' in page or product 'Savings On Call' is not selected
Unable to find product 'Savings On Call' in page or product 'Savings On Call' is not selected
Unable to find product 'FastSaver' in page or product 'FastSaver' is not selected
-> done: ProductsPageSteps.WhenIChangeMySelectedProductsTo("Streamline intro,...") (15.1s)
And I enter all required details and navigate to Summary page
  --- table step argument ---
  | Title | FirstName | MiddleName | LastName | DateOfBirth | Email             | MobileNumber | CountriesCitizenship | PreferredIdType | Password | VerbalPassword |
  | Mr    | Michael   | Sam        | Wayne    | 1 June 1983 | cob2016@asb.co.nz | 021-RANDOM   | New Zealand          | Other           | Kiwi77nz | MyCode01       |
Given I enter mandatory Tax Information for NZ citizen and clicks on Next button
-> done: AdditionalPersonalDetailsSteps.GivenIEnterMandatoryTaxInformationForNZCitizen() (0.6s)
-> done: PersonalDetailsSteps.GivenIEnterAllRequiredDetailsAndNavigateToSummaryPage(<table>) (15.7s)
When I confirm details on the Summary page
UniqueId: 
Title: Mr
FirstName: Michael
MiddleName: Sam
LastName: Wayne
Email: cob2016@asb.co.nz
Gender: 
DateOfBirth: 6/1/1983 12:00:00 AM
DateCreated: 
LastReviewDate: 
Cals: 
IsIndividual: 
NzCitizen: 
NzResidence: 
HighValueCustomer: 
StaffMember: 
AmlVerified: 
VipCustomer: 
Addresses: System.Collections.Generic.List`1[ASB.Selenium.DataModel.Customer.Address]
AddressInformation: ASB.Selenium.DataModel.Customer.AddressInformation
CompanyName: 
CompanyType: 
CompanySubType: 
CustomerTypeCode: 
IrdNumber: 
TaxClass: 
TaxClassDate: 
IsNzTaxResident: True
NonResidentCountryCode: 
IsForeignTaxResident: False
ForeignTaxResidencyStatus: 
IsProfileEnhanced: 
Phones: System.Collections.Generic.List`1[ASB.Selenium.DataModel.Customer.Phone]
NextOfKin: 
EmploymentDetails: 
LinkedCustomers: 
AccountRelationships: 
IdType: 
Fatca: ASB.Selenium.DataModel.Customer.Fatca
CitizenshipCountryCodes: 
CitizenshipCountryNames: System.Collections.Generic.List`1[System.String]
ForeignTaxResidenceTypes: System.Collections.Generic.List`1[ASB.Selenium.DataModel.Customer.ForeignTaxResidenceTypes]
OnboardingDetail: ASB.Selenium.DataModel.Customer.OnboardingDetail
AddressVerificationStatus: 
IdVerificationStatus: 
PreferredIdType: Other
IsProfileComplete: True
DaysRemaining: 0
OnboardingStatus: 
NewAccounts: System.Collections.Generic.List`1[ASB.Selenium.DataModel.Customer.Accounts]
FailedAccounts: System.Collections.Generic.List`1[ASB.Selenium.DataModel.Customer.Accounts]
OnboardingSource: JoinASB
CustomerCreated: 
LoginCreated: 
RegisteredForNetcode: 
AccountsCreated: 
CustomerAccessToken: 
VerificationPassword: MyCode01
LoginDetail: ASB.Selenium.DataModel.Customer.Login
CustomerType: 
Cif: 
Username: mway04899
UsernameApi: 
Password: Kiwi77nz
PublicKey: 
AcceptedTermsAndConditions: 
BackgroundCheckConsent: 
PreferredIdType: 
-> done: SummaryPageSteps.WhenIConfirmDetailsOnTheSummaryPage() (2.9s)
Then System Unavailable screen is displayed
-> done: ConfirmationPageSteps.ThenSystemUnavailableScreenIsDisplayed("is") (1.6s)
And a message advising me of difficulties signing me up online and to contact ASB is displayed
-> done: ConfirmationPageSteps.ThenAMessageAdvisingMeOfDifficultiesSigningMeUpOnlineAndToContactASBIsDisplayed("is") (0.0s)
And the Confirmation page for duplicate 'bad' customer with open products is displayed
Unable to find FNC Login section!
-> done: ConfirmationPageSteps.ThenTheConfirmationPageForCustomerIsDisplayed("bad") (2.2s)
And the 'Find a branch' button opens in a new window
-> done: CommonSteps.ThenTheButtonOpensInANewWindow("Find a branch") (2.6s)
]]></output>
                </test-case>
                <test-suite type="ParameterizedMethod" id="0-1257" name="CNFM_02_ExistingCustomerCheck_DifferentOpenProducts" fullname="Join.Form.Customer.Selenium.Features._07_ConfirmationFeature.CNFM_02_ExistingCustomerCheck_DifferentOpenProducts" classname="Join.Form.Customer.Selenium.Features._07_ConfirmationFeature" runstate="Runnable" testcasecount="4" result="Passed" start-time="2017-12-05 13:16:32Z" end-time="2017-12-05 13:19:24Z" duration="171.524849" total="4" passed="4" failed="0" warnings="0" inconclusive="0" skipped="0" asserts="60">
                  <properties>
                    <property name="Description" value="CNFM_02 - Existing Customer check - Different Open Products" />
                    <property name="Category" value="COB" />
                    <property name="Category" value="confirmation" />
                    <property name="Category" value="offline" />
                    <property name="Category" value="integration" />
                    <property name="Category" value="regression" />
                    <property name="Category" value="072016" />
                  </properties>
                  <test-case id="0-1253" name="CNFM_02_ExistingCustomerCheck_DifferentOpenProducts(&quot;Open Good&quot;,&quot;Mr&quot;,&quot;Good&quot;,&quot;Sam&quot;,&quot;Man&quot;,&quot;1 January 1980&quot;,System.String[])" fullname="Join.Form.Customer.Selenium.Features._07_ConfirmationFeature.CNFM_02_ExistingCustomerCheck_DifferentOpenProducts(&quot;Open Good&quot;,&quot;Mr&quot;,&quot;Good&quot;,&quot;Sam&quot;,&quot;Man&quot;,&quot;1 January 1980&quot;,System.String[])" methodname="CNFM_02_ExistingCustomerCheck_DifferentOpenProducts" classname="Join.Form.Customer.Selenium.Features._07_ConfirmationFeature" runstate="Runnable" seed="1007119260" result="Passed" start-time="2017-12-05 13:16:32Z" end-time="2017-12-05 13:17:12Z" duration="39.893371" asserts="15">
                    <properties />
                    <output><![CDATA[Given I start my Streamline application
Navigating to URL: https://webappisamdev.asbbank.co.nz/public/join/asb/?grcDisabled=true
-> done: CommonSteps.GivenIStartMyStreamlineApplication() (1.1s)
Given I select the following products: 'Streamline intro,ASB Visa Debit Streamline Intro'
12/6/2017 2:16:45 AMWaitForFeaturesPageLoad: Executing WaitForFrameAndSwitch
12/6/2017 2:16:45 AMWaitForFeaturesPageLoad: Done executing WaitForFrameAndSwitch
Unable to find product 'FastSaver' in page or product 'FastSaver' is not selected
Unable to find product 'Savings On Call' in page or product 'Savings On Call' is not selected
Unable to find product 'Savings On Call' in page or product 'Savings On Call' is not selected
Unable to find product 'FastSaver' in page or product 'FastSaver' is not selected
-> done: ProductsPageSteps.WhenIChangeMySelectedProductsTo("Streamline intro,...") (15.1s)
And I enter personal and login details Mr,Good,Sam,Man,1 January 1980,cob2016@asb.co.nz,021-RANDOM,New Zealand,Other,Kiwi77nz,verbal123,false
Given I enter mandatory Tax Information for NZ citizen and clicks on Next button
-> done: AdditionalPersonalDetailsSteps.GivenIEnterMandatoryTaxInformationForNZCitizen() (0.6s)
-> done: PersonalDetailsSteps.GivenIEnterPersonalAndLoginDetails("Mr", "Good", "Sam", "Man", "1 January 1980", "cob2016@asb.co.nz", "021-RANDOM", "New Zealand", "Other", "Kiwi77nz", "verbal123", "false") (16.1s)
When I confirm details on the Summary page
UniqueId: 
Title: Mr
FirstName: Good
MiddleName: Sam
LastName: Man
Email: cob2016@asb.co.nz
Gender: 
DateOfBirth: 1/1/1980 12:00:00 AM
DateCreated: 
LastReviewDate: 
Cals: 
IsIndividual: 
NzCitizen: 
NzResidence: 
HighValueCustomer: 
StaffMember: 
AmlVerified: 
VipCustomer: 
Addresses: System.Collections.Generic.List`1[ASB.Selenium.DataModel.Customer.Address]
AddressInformation: ASB.Selenium.DataModel.Customer.AddressInformation
CompanyName: 
CompanyType: 
CompanySubType: 
CustomerTypeCode: 
IrdNumber: 
TaxClass: 
TaxClassDate: 
IsNzTaxResident: True
NonResidentCountryCode: 
IsForeignTaxResident: False
ForeignTaxResidencyStatus: 
IsProfileEnhanced: 
Phones: System.Collections.Generic.List`1[ASB.Selenium.DataModel.Customer.Phone]
NextOfKin: 
EmploymentDetails: 
LinkedCustomers: 
AccountRelationships: 
IdType: 
Fatca: ASB.Selenium.DataModel.Customer.Fatca
CitizenshipCountryCodes: 
CitizenshipCountryNames: System.Collections.Generic.List`1[System.String]
ForeignTaxResidenceTypes: System.Collections.Generic.List`1[ASB.Selenium.DataModel.Customer.ForeignTaxResidenceTypes]
OnboardingDetail: ASB.Selenium.DataModel.Customer.OnboardingDetail
AddressVerificationStatus: 
IdVerificationStatus: 
PreferredIdType: Other
IsProfileComplete: True
DaysRemaining: 0
OnboardingStatus: 
NewAccounts: System.Collections.Generic.List`1[ASB.Selenium.DataModel.Customer.Accounts]
FailedAccounts: System.Collections.Generic.List`1[ASB.Selenium.DataModel.Customer.Accounts]
OnboardingSource: JoinASB
CustomerCreated: 
LoginCreated: 
RegisteredForNetcode: 
AccountsCreated: 
CustomerAccessToken: 
VerificationPassword: verbal123
LoginDetail: ASB.Selenium.DataModel.Customer.Login
CustomerType: 
Cif: 
Username: gman59781
UsernameApi: 
Password: Kiwi77nz
PublicKey: 
AcceptedTermsAndConditions: 
BackgroundCheckConsent: 
PreferredIdType: 
-> done: SummaryPageSteps.WhenIConfirmDetailsOnTheSummaryPage() (2.9s)
Then the Confirmation page for duplicate 'good' customer with open products is displayed
-> done: ConfirmationPageSteps.ThenTheConfirmationPageForCustomerIsDisplayed("good") (1.5s)
]]></output>
                  </test-case>
                  <test-case id="0-1254" name="CNFM_02_ExistingCustomerCheck_DifferentOpenProducts(&quot;Closed Bad&quot;,&quot;Mrs&quot;,&quot;Butcher&quot;,&quot;Close&quot;,&quot;Wolf&quot;,&quot;1 January 1980&quot;,System.String[])" fullname="Join.Form.Customer.Selenium.Features._07_ConfirmationFeature.CNFM_02_ExistingCustomerCheck_DifferentOpenProducts(&quot;Closed Bad&quot;,&quot;Mrs&quot;,&quot;Butcher&quot;,&quot;Close&quot;,&quot;Wolf&quot;,&quot;1 January 1980&quot;,System.String[])" methodname="CNFM_02_ExistingCustomerCheck_DifferentOpenProducts" classname="Join.Form.Customer.Selenium.Features._07_ConfirmationFeature" runstate="Runnable" seed="1462432196" result="Passed" start-time="2017-12-05 13:17:12Z" end-time="2017-12-05 13:17:59Z" duration="46.352003" asserts="15">
                    <properties />
                    <output><![CDATA[Given I start my Streamline application
Navigating to URL: https://webappisamdev.asbbank.co.nz/public/join/asb/?grcDisabled=true
-> done: CommonSteps.GivenIStartMyStreamlineApplication() (1.0s)
Given I select the following products: 'Streamline intro,ASB Visa Debit Streamline Intro'
12/6/2017 2:17:24 AMWaitForFeaturesPageLoad: Executing WaitForFrameAndSwitch
12/6/2017 2:17:24 AMWaitForFeaturesPageLoad: Done executing WaitForFrameAndSwitch
Unable to find product 'FastSaver' in page or product 'FastSaver' is not selected
Unable to find product 'Savings On Call' in page or product 'Savings On Call' is not selected
Unable to find product 'Savings On Call' in page or product 'Savings On Call' is not selected
Unable to find product 'FastSaver' in page or product 'FastSaver' is not selected
-> done: ProductsPageSteps.WhenIChangeMySelectedProductsTo("Streamline intro,...") (15.1s)
And I enter personal and login details Mrs,Butcher,Close,Wolf,1 January 1980,cob2016@asb.co.nz,021-RANDOM,New Zealand,Other,Kiwi77nz,verbal123,false
Given I enter mandatory Tax Information for NZ citizen and clicks on Next button
-> done: AdditionalPersonalDetailsSteps.GivenIEnterMandatoryTaxInformationForNZCitizen() (0.6s)
-> done: PersonalDetailsSteps.GivenIEnterPersonalAndLoginDetails("Mrs", "Butcher", "Close", "Wolf", "1 January 1980", "cob2016@asb.co.nz", "021-RANDOM", "New Zealand", "Other", "Kiwi77nz", "verbal123", "false") (21.6s)
When I confirm details on the Summary page
UniqueId: 
Title: Mrs
FirstName: Butcher
MiddleName: Close
LastName: Wolf
Email: cob2016@asb.co.nz
Gender: 
DateOfBirth: 1/1/1980 12:00:00 AM
DateCreated: 
LastReviewDate: 
Cals: 
IsIndividual: 
NzCitizen: 
NzResidence: 
HighValueCustomer: 
StaffMember: 
AmlVerified: 
VipCustomer: 
Addresses: System.Collections.Generic.List`1[ASB.Selenium.DataModel.Customer.Address]
AddressInformation: ASB.Selenium.DataModel.Customer.AddressInformation
CompanyName: 
CompanyType: 
CompanySubType: 
CustomerTypeCode: 
IrdNumber: 
TaxClass: 
TaxClassDate: 
IsNzTaxResident: True
NonResidentCountryCode: 
IsForeignTaxResident: False
ForeignTaxResidencyStatus: 
IsProfileEnhanced: 
Phones: System.Collections.Generic.List`1[ASB.Selenium.DataModel.Customer.Phone]
NextOfKin: 
EmploymentDetails: 
LinkedCustomers: 
AccountRelationships: 
IdType: 
Fatca: ASB.Selenium.DataModel.Customer.Fatca
CitizenshipCountryCodes: 
CitizenshipCountryNames: System.Collections.Generic.List`1[System.String]
ForeignTaxResidenceTypes: System.Collections.Generic.List`1[ASB.Selenium.DataModel.Customer.ForeignTaxResidenceTypes]
OnboardingDetail: ASB.Selenium.DataModel.Customer.OnboardingDetail
AddressVerificationStatus: 
IdVerificationStatus: 
PreferredIdType: Other
IsProfileComplete: True
DaysRemaining: 0
OnboardingStatus: 
NewAccounts: System.Collections.Generic.List`1[ASB.Selenium.DataModel.Customer.Accounts]
FailedAccounts: System.Collections.Generic.List`1[ASB.Selenium.DataModel.Customer.Accounts]
OnboardingSource: JoinASB
CustomerCreated: 
LoginCreated: 
RegisteredForNetcode: 
AccountsCreated: 
CustomerAccessToken: 
VerificationPassword: verbal123
LoginDetail: ASB.Selenium.DataModel.Customer.Login
CustomerType: 
Cif: 
Username: bwol42678
UsernameApi: 
Password: Kiwi77nz
PublicKey: 
AcceptedTermsAndConditions: 
BackgroundCheckConsent: 
PreferredIdType: 
-> done: SummaryPageSteps.WhenIConfirmDetailsOnTheSummaryPage() (2.8s)
Then the Confirmation page for duplicate 'good' customer with open products is displayed
-> done: ConfirmationPageSteps.ThenTheConfirmationPageForCustomerIsDisplayed("good") (2.3s)
]]></output>
                  </test-case>
                  <test-case id="0-1255" name="CNFM_02_ExistingCustomerCheck_DifferentOpenProducts(&quot;Transactional Only&quot;,&quot;Ms&quot;,&quot;Hamel&quot;,&quot;Ineunt&quot;,&quot;GIPSYWEED&quot;,&quot;29 October 1958&quot;,System.String[])" fullname="Join.Form.Customer.Selenium.Features._07_ConfirmationFeature.CNFM_02_ExistingCustomerCheck_DifferentOpenProducts(&quot;Transactional Only&quot;,&quot;Ms&quot;,&quot;Hamel&quot;,&quot;Ineunt&quot;,&quot;GIPSYWEED&quot;,&quot;29 October 1958&quot;,System.String[])" methodname="CNFM_02_ExistingCustomerCheck_DifferentOpenProducts" classname="Join.Form.Customer.Selenium.Features._07_ConfirmationFeature" runstate="Runnable" seed="2078913997" result="Passed" start-time="2017-12-05 13:17:59Z" end-time="2017-12-05 13:18:45Z" duration="46.985783" asserts="15">
                    <properties />
                    <output><![CDATA[Given I start my Streamline application
Navigating to URL: https://webappisamdev.asbbank.co.nz/public/join/asb/?grcDisabled=true
-> done: CommonSteps.GivenIStartMyStreamlineApplication() (0.8s)
Given I select the following products: 'Streamline intro,ASB Visa Debit Streamline Intro'
12/6/2017 2:18:10 AMWaitForFeaturesPageLoad: Executing WaitForFrameAndSwitch
12/6/2017 2:18:10 AMWaitForFeaturesPageLoad: Done executing WaitForFrameAndSwitch
Unable to find product 'FastSaver' in page or product 'FastSaver' is not selected
Unable to find product 'Savings On Call' in page or product 'Savings On Call' is not selected
Unable to find product 'Savings On Call' in page or product 'Savings On Call' is not selected
Unable to find product 'FastSaver' in page or product 'FastSaver' is not selected
-> done: ProductsPageSteps.WhenIChangeMySelectedProductsTo("Streamline intro,...") (15.1s)
And I enter personal and login details Ms,Hamel,Ineunt,GIPSYWEED,29 October 1958,cob2016@asb.co.nz,021-RANDOM,New Zealand,Other,Kiwi77nz,verbal123,false
Given I enter mandatory Tax Information for NZ citizen and clicks on Next button
-> done: AdditionalPersonalDetailsSteps.GivenIEnterMandatoryTaxInformationForNZCitizen() (0.7s)
-> done: PersonalDetailsSteps.GivenIEnterPersonalAndLoginDetails("Ms", "Hamel", "Ineunt", "GIPSYWEED", "29 October 1958", "cob2016@asb.co.nz", "021-RANDOM", "New Zealand", "Other", "Kiwi77nz", "verbal123", "false") (23.8s)
When I confirm details on the Summary page
UniqueId: 
Title: Ms
FirstName: Hamel
MiddleName: Ineunt
LastName: GIPSYWEED
Email: cob2016@asb.co.nz
Gender: 
DateOfBirth: 10/29/1958 12:00:00 AM
DateCreated: 
LastReviewDate: 
Cals: 
IsIndividual: 
NzCitizen: 
NzResidence: 
HighValueCustomer: 
StaffMember: 
AmlVerified: 
VipCustomer: 
Addresses: System.Collections.Generic.List`1[ASB.Selenium.DataModel.Customer.Address]
AddressInformation: ASB.Selenium.DataModel.Customer.AddressInformation
CompanyName: 
CompanyType: 
CompanySubType: 
CustomerTypeCode: 
IrdNumber: 
TaxClass: 
TaxClassDate: 
IsNzTaxResident: True
NonResidentCountryCode: 
IsForeignTaxResident: False
ForeignTaxResidencyStatus: 
IsProfileEnhanced: 
Phones: System.Collections.Generic.List`1[ASB.Selenium.DataModel.Customer.Phone]
NextOfKin: 
EmploymentDetails: 
LinkedCustomers: 
AccountRelationships: 
IdType: 
Fatca: ASB.Selenium.DataModel.Customer.Fatca
CitizenshipCountryCodes: 
CitizenshipCountryNames: System.Collections.Generic.List`1[System.String]
ForeignTaxResidenceTypes: System.Collections.Generic.List`1[ASB.Selenium.DataModel.Customer.ForeignTaxResidenceTypes]
OnboardingDetail: ASB.Selenium.DataModel.Customer.OnboardingDetail
AddressVerificationStatus: 
IdVerificationStatus: 
PreferredIdType: Other
IsProfileComplete: True
DaysRemaining: 0
OnboardingStatus: 
NewAccounts: System.Collections.Generic.List`1[ASB.Selenium.DataModel.Customer.Accounts]
FailedAccounts: System.Collections.Generic.List`1[ASB.Selenium.DataModel.Customer.Accounts]
OnboardingSource: JoinASB
CustomerCreated: 
LoginCreated: 
RegisteredForNetcode: 
AccountsCreated: 
CustomerAccessToken: 
VerificationPassword: verbal123
LoginDetail: ASB.Selenium.DataModel.Customer.Login
CustomerType: 
Cif: 
Username: hgip78046
UsernameApi: 
Password: Kiwi77nz
PublicKey: 
AcceptedTermsAndConditions: 
BackgroundCheckConsent: 
PreferredIdType: 
-> done: SummaryPageSteps.WhenIConfirmDetailsOnTheSummaryPage() (2.8s)
Then the Confirmation page for duplicate 'good' customer with open products is displayed
-> done: ConfirmationPageSteps.ThenTheConfirmationPageForCustomerIsDisplayed("good") (1.3s)
]]></output>
                  </test-case>
                  <test-case id="0-1256" name="CNFM_02_ExistingCustomerCheck_DifferentOpenProducts(&quot;KiwiSaver Only&quot;,&quot;Miss&quot;,&quot;RANDOM&quot;,&quot;&quot;,&quot;Kiwisaver&quot;,&quot;4 July 1985&quot;,System.String[])" fullname="Join.Form.Customer.Selenium.Features._07_ConfirmationFeature.CNFM_02_ExistingCustomerCheck_DifferentOpenProducts(&quot;KiwiSaver Only&quot;,&quot;Miss&quot;,&quot;RANDOM&quot;,&quot;&quot;,&quot;Kiwisaver&quot;,&quot;4 July 1985&quot;,System.String[])" methodname="CNFM_02_ExistingCustomerCheck_DifferentOpenProducts" classname="Join.Form.Customer.Selenium.Features._07_ConfirmationFeature" runstate="Runnable" seed="122700013" result="Passed" start-time="2017-12-05 13:18:46Z" end-time="2017-12-05 13:19:24Z" duration="38.232799" asserts="15">
                    <properties />
                    <output><![CDATA[Given I start my Streamline application
Navigating to URL: https://webappisamdev.asbbank.co.nz/public/join/asb/?grcDisabled=true
-> done: CommonSteps.GivenIStartMyStreamlineApplication() (0.6s)
Given I select the following products: 'Streamline intro,ASB Visa Debit Streamline Intro'
12/6/2017 2:18:58 AMWaitForFeaturesPageLoad: Executing WaitForFrameAndSwitch
12/6/2017 2:18:58 AMWaitForFeaturesPageLoad: Done executing WaitForFrameAndSwitch
Unable to find product 'FastSaver' in page or product 'FastSaver' is not selected
Unable to find product 'Savings On Call' in page or product 'Savings On Call' is not selected
Unable to find product 'Savings On Call' in page or product 'Savings On Call' is not selected
Unable to find product 'FastSaver' in page or product 'FastSaver' is not selected
-> done: ProductsPageSteps.WhenIChangeMySelectedProductsTo("Streamline intro,...") (15.2s)
And I enter personal and login details Miss,RANDOM,,Kiwisaver,4 July 1985,cob2016@asb.co.nz,021-RANDOM,New Zealand,Other,Kiwi77nz,verbal123,false
Given I enter mandatory Tax Information for NZ citizen and clicks on Next button
-> done: AdditionalPersonalDetailsSteps.GivenIEnterMandatoryTaxInformationForNZCitizen() (0.5s)
-> done: PersonalDetailsSteps.GivenIEnterPersonalAndLoginDetails("Miss", "RANDOM", "", "Kiwisaver", "4 July 1985", "cob2016@asb.co.nz", "021-RANDOM", "New Zealand", "Other", "Kiwi77nz", "verbal123", "false") (15.1s)
When I confirm details on the Summary page
UniqueId: 
Title: Miss
FirstName: RANDOM
MiddleName: 
LastName: Kiwisaver
Email: cob2016@asb.co.nz
Gender: 
DateOfBirth: 7/4/1985 12:00:00 AM
DateCreated: 
LastReviewDate: 
Cals: 
IsIndividual: 
NzCitizen: 
NzResidence: 
HighValueCustomer: 
StaffMember: 
AmlVerified: 
VipCustomer: 
Addresses: System.Collections.Generic.List`1[ASB.Selenium.DataModel.Customer.Address]
AddressInformation: ASB.Selenium.DataModel.Customer.AddressInformation
CompanyName: 
CompanyType: 
CompanySubType: 
CustomerTypeCode: 
IrdNumber: 
TaxClass: 
TaxClassDate: 
IsNzTaxResident: True
NonResidentCountryCode: 
IsForeignTaxResident: False
ForeignTaxResidencyStatus: 
IsProfileEnhanced: 
Phones: System.Collections.Generic.List`1[ASB.Selenium.DataModel.Customer.Phone]
NextOfKin: 
EmploymentDetails: 
LinkedCustomers: 
AccountRelationships: 
IdType: 
Fatca: ASB.Selenium.DataModel.Customer.Fatca
CitizenshipCountryCodes: 
CitizenshipCountryNames: System.Collections.Generic.List`1[System.String]
ForeignTaxResidenceTypes: System.Collections.Generic.List`1[ASB.Selenium.DataModel.Customer.ForeignTaxResidenceTypes]
OnboardingDetail: ASB.Selenium.DataModel.Customer.OnboardingDetail
AddressVerificationStatus: 
IdVerificationStatus: 
PreferredIdType: Other
IsProfileComplete: True
DaysRemaining: 0
OnboardingStatus: 
NewAccounts: System.Collections.Generic.List`1[ASB.Selenium.DataModel.Customer.Accounts]
FailedAccounts: System.Collections.Generic.List`1[ASB.Selenium.DataModel.Customer.Accounts]
OnboardingSource: JoinASB
CustomerCreated: 
LoginCreated: 
RegisteredForNetcode: 
AccountsCreated: 
CustomerAccessToken: 
VerificationPassword: verbal123
LoginDetail: ASB.Selenium.DataModel.Customer.Login
CustomerType: 
Cif: 
Username: mkiw25093
UsernameApi: 
Password: Kiwi77nz
PublicKey: 
AcceptedTermsAndConditions: 
BackgroundCheckConsent: 
PreferredIdType: 
-> done: SummaryPageSteps.WhenIConfirmDetailsOnTheSummaryPage() (2.9s)
Then the Confirmation page for duplicate 'good' customer with open products is displayed
-> done: ConfirmationPageSteps.ThenTheConfirmationPageForCustomerIsDisplayed("good") (0.9s)
]]></output>
                  </test-case>
                </test-suite>
                <test-case id="0-1261" name="CNFM_04_ExistingCustomerCheck_FNCOpenApplyRedirect" fullname="Join.Form.Customer.Selenium.Features._07_ConfirmationFeature.CNFM_04_ExistingCustomerCheck_FNCOpenApplyRedirect" methodname="CNFM_04_ExistingCustomerCheck_FNCOpenApplyRedirect" classname="Join.Form.Customer.Selenium.Features._07_ConfirmationFeature" runstate="Runnable" seed="1548180637" result="Failed" label="Error" start-time="2017-12-05 13:19:24Z" end-time="2017-12-05 13:20:44Z" duration="79.765700" asserts="28">
                  <properties>
                    <property name="Description" value="CNFM_04 - Existing Customer check - FNC Open &amp; Apply Redirect" />
                    <property name="Category" value="COB" />
                    <property name="Category" value="confirmation" />
                    <property name="Category" value="regression" />
                    <property name="Category" value="integration" />
                    <property name="Category" value="072016" />
                  </properties>
                  <failure>
                    <message><![CDATA[System.Exception : no such element: Unable to locate element: {"method":"xpath","selector":"//div[@class='noOutline' and contains(text(),'Open an Account')]"}
  (Session info: chrome=60.0.3112.78)
  (Driver info: chromedriver=2.29.461591 (62ebf098771772160f391d75e589dc567915b233),platform=Windows NT 6.3.9600 x86_64)
  ----> OpenQA.Selenium.NoSuchElementException : no such element: Unable to locate element: {"method":"xpath","selector":"//div[@class='noOutline' and contains(text(),'Open an Account')]"}
  (Session info: chrome=60.0.3112.78)
  (Driver info: chromedriver=2.29.461591 (62ebf098771772160f391d75e589dc567915b233),platform=Windows NT 6.3.9600 x86_64)]]></message>
                    <stack-trace><![CDATA[   at ASB.Test.Automation.Utils.Retry.Retry.Execute(Func`1 function, Int32 retryInterval, Int32 retryCount, String exceptionMessage)
   at Join.Form.Customer.Selenium.StepDefinitions.ConfirmationPageSteps.ThenFNCOpenApplyPageIsDisplayedOnClickOfLoginButton()
   at TechTalk.SpecFlow.Bindings.BindingInvoker.InvokeBinding(IBinding binding, IContextManager contextManager, Object[] arguments, ITestTracer testTracer, TimeSpan& duration)
   at TechTalk.SpecFlow.Infrastructure.TestExecutionEngine.ExecuteStepMatch(BindingMatch match, Object[] arguments)
   at TechTalk.SpecFlow.Infrastructure.TestExecutionEngine.ExecuteStep(StepInstance stepInstance)
   at TechTalk.SpecFlow.Infrastructure.TestExecutionEngine.OnAfterLastStep()
   at Join.Form.Customer.Selenium.Features._07_ConfirmationFeature.ScenarioCleanup()
   at Join.Form.Customer.Selenium.Features._07_ConfirmationFeature.CNFM_04_ExistingCustomerCheck_FNCOpenApplyRedirect()
--NoSuchElementException
   at OpenQA.Selenium.Remote.RemoteWebDriver.UnpackAndThrowOnError(Response errorResponse)
   at OpenQA.Selenium.Remote.RemoteWebDriver.Execute(String driverCommandToExecute, Dictionary`2 parameters)
   at OpenQA.Selenium.Remote.RemoteWebDriver.FindElement(String mechanism, String value)
   at Join.Form.Customer.Selenium.StepDefinitions.ConfirmationPageSteps.<ThenFNCOpenApplyPageIsDisplayedOnClickOfLoginButton>b__14_0()
   at ASB.Test.Automation.Utils.Retry.Retry.Execute(Func`1 function, Int32 retryInterval, Int32 retryCount, String exceptionMessage)]]></stack-trace>
                  </failure>
                  <output><![CDATA[Given I start my Streamline application
Navigating to URL: https://webappisamdev.asbbank.co.nz/public/join/asb/?grcDisabled=true
-> done: CommonSteps.GivenIStartMyStreamlineApplication() (0.7s)
Given I am an existing ASB customer
Navigating to URL: https://webappisamdev.asbbank.co.nz/public/join/asb/?grcDisabled=true&fncJunctionNumber=104
-> done: CommonSteps.GivenIAmAnExistingASBCustomer() (0.4s)
And I select the following products: 'Streamline intro,ASB Visa Debit Streamline Intro,Savings On Call,FastSaver'
12/6/2017 2:19:36 AMWaitForFeaturesPageLoad: Executing WaitForFrameAndSwitch
12/6/2017 2:19:36 AMWaitForFeaturesPageLoad: Done executing WaitForFrameAndSwitch
Unable to find product 'Savings On Call' in page or product 'Savings On Call' is not selected
Unable to find product 'FastSaver' in page or product 'FastSaver' is not selected
-> done: ProductsPageSteps.WhenIChangeMySelectedProductsTo("Streamline intro,...") (19.2s)
And I enter all required details and navigate to Summary page
  --- table step argument ---
  | Title | FirstName | MiddleName | LastName | DateOfBirth    | Email             | MobileNumber | CountriesCitizenship | PreferredIdType | Password | VerbalPassword |
  | Miss  | Butcher   | Close      | Wolf     | 1 January 1980 | cob2016@asb.co.nz | 021-RANDOM   | New Zealand          | Other           | Kiwi77nz | MyCode01       |
Given I enter mandatory Tax Information for NZ citizen and clicks on Next button
-> done: AdditionalPersonalDetailsSteps.GivenIEnterMandatoryTaxInformationForNZCitizen() (0.5s)
-> done: PersonalDetailsSteps.GivenIEnterAllRequiredDetailsAndNavigateToSummaryPage(<table>) (15.2s)
When I confirm details on the Summary page
UniqueId: 
Title: Miss
FirstName: Butcher
MiddleName: Close
LastName: Wolf
Email: cob2016@asb.co.nz
Gender: 
DateOfBirth: 1/1/1980 12:00:00 AM
DateCreated: 
LastReviewDate: 
Cals: 
IsIndividual: 
NzCitizen: 
NzResidence: 
HighValueCustomer: 
StaffMember: 
AmlVerified: 
VipCustomer: 
Addresses: System.Collections.Generic.List`1[ASB.Selenium.DataModel.Customer.Address]
AddressInformation: ASB.Selenium.DataModel.Customer.AddressInformation
CompanyName: 
CompanyType: 
CompanySubType: 
CustomerTypeCode: 
IrdNumber: 
TaxClass: 
TaxClassDate: 
IsNzTaxResident: True
NonResidentCountryCode: 
IsForeignTaxResident: False
ForeignTaxResidencyStatus: 
IsProfileEnhanced: 
Phones: System.Collections.Generic.List`1[ASB.Selenium.DataModel.Customer.Phone]
NextOfKin: 
EmploymentDetails: 
LinkedCustomers: 
AccountRelationships: 
IdType: 
Fatca: ASB.Selenium.DataModel.Customer.Fatca
CitizenshipCountryCodes: 
CitizenshipCountryNames: System.Collections.Generic.List`1[System.String]
ForeignTaxResidenceTypes: System.Collections.Generic.List`1[ASB.Selenium.DataModel.Customer.ForeignTaxResidenceTypes]
OnboardingDetail: ASB.Selenium.DataModel.Customer.OnboardingDetail
AddressVerificationStatus: 
IdVerificationStatus: 
PreferredIdType: Other
IsProfileComplete: True
DaysRemaining: 0
OnboardingStatus: 
NewAccounts: System.Collections.Generic.List`1[ASB.Selenium.DataModel.Customer.Accounts]
FailedAccounts: System.Collections.Generic.List`1[ASB.Selenium.DataModel.Customer.Accounts]
OnboardingSource: JoinASB
CustomerCreated: 
LoginCreated: 
RegisteredForNetcode: 
AccountsCreated: 
CustomerAccessToken: 
VerificationPassword: MyCode01
LoginDetail: ASB.Selenium.DataModel.Customer.Login
CustomerType: 
Cif: 
Username: bwol86927
UsernameApi: 
Password: Kiwi77nz
PublicKey: 
AcceptedTermsAndConditions: 
BackgroundCheckConsent: 
PreferredIdType: 
-> done: SummaryPageSteps.WhenIConfirmDetailsOnTheSummaryPage() (2.9s)
Then the Confirmation page for duplicate 'good' customer with open products is displayed
-> done: ConfirmationPageSteps.ThenTheConfirmationPageForCustomerIsDisplayed("good") (1.0s)
And the FNC Login section is displayed
-> done: ConfirmationPageSteps.ThenTheFNCLoginSectionIsDisplayed() (0.3s)
And the 'Having trouble logging in?' button opens in a new window
-> done: CommonSteps.ThenTheButtonOpensInANewWindow("Having trouble lo...") (2.7s)
And the 'register for internet banking' link opens in a new window
-> done: CommonSteps.ThenTheLinkOpensInANewWindow("register for inte...") (3.7s)
And the 'Find a branch' button opens in a new window
-> done: CommonSteps.ThenTheButtonOpensInANewWindow("Find a branch") (3.0s)
And FNC Open & Apply page is displayed after login
-> error: no such element: Unable to locate element: {"method":"xpath","selector":"//div[@class='noOutline' and contains(text(),'Open an Account')]"}
  (Session info: chrome=60.0.3112.78)
  (Driver info: chromedriver=2.29.461591 (62ebf098771772160f391d75e589dc567915b233),platform=Windows NT 6.3.9600 x86_64)
]]></output>
                </test-case>
              </test-suite>
              <test-suite type="TestFixture" id="0-1045" name="_08_ActivateSummaryFeature" fullname="Join.Form.Customer.Selenium.Features._08_ActivateSummaryFeature" classname="Join.Form.Customer.Selenium.Features._08_ActivateSummaryFeature" runstate="Runnable" testcasecount="51" result="Failed" site="Child" start-time="2017-12-05 13:20:44Z" end-time="2017-12-05 15:00:34Z" duration="5990.129365" total="48" passed="26" failed="22" warnings="0" inconclusive="0" skipped="0" asserts="1175">
                <properties>
                  <property name="Description" value="08_ActivateSummary" />
                </properties>
                <failure>
                  <message><![CDATA[One or more child tests had errors]]></message>
                </failure>
                <test-case id="0-1046" name="ACTSUM_01_VerifyThatCustomerSetupSubmissionIsSuccessful_WelcomeMessage" fullname="Join.Form.Customer.Selenium.Features._08_ActivateSummaryFeature.ACTSUM_01_VerifyThatCustomerSetupSubmissionIsSuccessful_WelcomeMessage" methodname="ACTSUM_01_VerifyThatCustomerSetupSubmissionIsSuccessful_WelcomeMessage" classname="Join.Form.Customer.Selenium.Features._08_ActivateSummaryFeature" runstate="Runnable" seed="1076050223" result="Passed" start-time="2017-12-05 13:20:44Z" end-time="2017-12-05 13:22:33Z" duration="109.474667" asserts="16">
                  <properties>
                    <property name="Description" value="ACTSUM_01 - Verify that customer setup submission is successful - Welcome message" />
                    <property name="Category" value="COB" />
                    <property name="Category" value="activatesummary" />
                    <property name="Category" value="regression" />
                    <property name="Category" value="online" />
                    <property name="Category" value="integration" />
                    <property name="Category" value="eidv" />
                    <property name="Category" value="072016" />
                    <property name="Category" value="securitypatch" />
                    <property name="Category" value="112017" />
                  </properties>
                  <output><![CDATA[Given I start my Streamline application
Navigating to URL: https://webappisamdev.asbbank.co.nz/public/join/asb/?grcDisabled=true
-> done: CommonSteps.GivenIStartMyStreamlineApplication() (0.7s)
Given I select the following products: 'Streamline intro'
12/6/2017 2:20:55 AMWaitForFeaturesPageLoad: Executing WaitForFrameAndSwitch
12/6/2017 2:20:55 AMWaitForFeaturesPageLoad: Done executing WaitForFrameAndSwitch
Unable to find product 'FastSaver' in page or product 'FastSaver' is not selected
Unable to find product 'Savings On Call' in page or product 'Savings On Call' is not selected
Unable to find product 'ASB Visa Debit Streamline Intro' in page or product 'ASB Visa Debit Streamline Intro' is not selected
Unable to find product 'Savings On Call' in page or product 'Savings On Call' is not selected
Unable to find product 'FastSaver' in page or product 'FastSaver' is not selected
-> done: ProductsPageSteps.WhenIChangeMySelectedProductsTo("Streamline intro") (17.2s)
And I enter all required details and navigate to Summary page
  --- table step argument ---
  | Title | FirstName  | MiddleName | LastName | DateOfBirth | Email             | MobileNumber | CountriesCitizenship | PreferredIdType | Password | VerbalPassword |
  | Miss  | Automation | RANDOM     | FYICOB   | RANDOM      | cob2016@asb.co.nz | 021-RANDOM   | New Zealand          | Other           | Kiwi77nz | MyCode01       |
Given I enter mandatory Tax Information for NZ citizen and clicks on Next button
-> done: AdditionalPersonalDetailsSteps.GivenIEnterMandatoryTaxInformationForNZCitizen() (0.5s)
-> done: PersonalDetailsSteps.GivenIEnterAllRequiredDetailsAndNavigateToSummaryPage(<table>) (18.9s)
When I confirm details on the Summary page
UniqueId: 
Title: Miss
FirstName: Automation
MiddleName: COB-fwaol
LastName: FYICOB
Email: cob2016@asb.co.nz
Gender: 
DateOfBirth: 10/7/1976 12:00:00 AM
DateCreated: 
LastReviewDate: 
Cals: 
IsIndividual: 
NzCitizen: 
NzResidence: 
HighValueCustomer: 
StaffMember: 
AmlVerified: 
VipCustomer: 
[...]
                    <properties />
                    <reason>
                      <message><![CDATA[OneTimeSetUp: Ignored scenario]]></message>
                    </reason>
                  </test-case>
                  <test-case id="0-1029" name="ACTPROF_04_CancelCOBDataUpdateInActivate(&quot;NZTaxResident - 17.5% and profile incomplete&quot;,&quot;Streamline intro&quot;,&quot;Yes&quot;,&quot;17.5%&quot;,&quot;49-091-850&quot;,&quot;Skip&quot;,&quot;Skip&quot;,&quot;Yes&quot;,&quot;10.5%&quot;,&quot;35-901-981&quot;,&quot;New Zealand, Australia, India, Svalbard and Jan Mayen Islands&quot;,&quot;No&quot;,&quot;TRUE&quot;,System.String[])" fullname="Join.Form.Customer.Selenium.Features._99_ActivateProfileDetailsFeature.ACTPROF_04_CancelCOBDataUpdateInActivate(&quot;NZTaxResident - 17.5% and profile incomplete&quot;,&quot;Streamline intro&quot;,&quot;Yes&quot;,&quot;17.5%&quot;,&quot;49-091-850&quot;,&quot;Skip&quot;,&quot;Skip&quot;,&quot;Yes&quot;,&quot;10.5%&quot;,&quot;35-901-981&quot;,&quot;New Zealand, Australia, India, Svalbard and Jan Mayen Islands&quot;,&quot;No&quot;,&quot;TRUE&quot;,System.String[])" methodname="ACTPROF_04_CancelCOBDataUpdateInActivate" classname="Join.Form.Customer.Selenium.Features._99_ActivateProfileDetailsFeature" runstate="Runnable" seed="1296911143" result="Skipped" label="Ignored" site="Parent" start-time="0001-01-01 00:00:00Z" end-time="0001-01-01 00:00:00Z" duration="0.000000" asserts="0">
                    <properties />
                    <reason>
                      <message><![CDATA[OneTimeSetUp: Ignored scenario]]></message>
                    </reason>
                  </test-case>
                  <test-case id="0-1030" name="ACTPROF_04_CancelCOBDataUpdateInActivate(&quot;NZTaxResident - Exempt and profile complete on submit&quot;,&quot;Streamline intro,ASB Visa Debit&quot;,&quot;Yes&quot;,&quot;Exempt from withholding tax&quot;,&quot;Skip&quot;,&quot;Skip&quot;,&quot;Skip&quot;,&quot;Yes&quot;,&quot;Exempt from withholding tax&quot;,&quot;Skip&quot;,&quot;New Zealand&quot;,&quot;Australia - X123GH78, India - 9856GFT8, Argentina - X123GH78, Svalbard and Jan Mayen Islands - GT7646HG&quot;,&quot;TRUE&quot;,System.String[])" fullname="Join.Form.Customer.Selenium.Features._99_ActivateProfileDetailsFeature.ACTPROF_04_CancelCOBDataUpdateInActivate(&quot;NZTaxResident - Exempt and profile complete on submit&quot;,&quot;Streamline intro,ASB Visa Debit&quot;,&quot;Yes&quot;,&quot;Exempt from withholding tax&quot;,&quot;Skip&quot;,&quot;Skip&quot;,&quot;Skip&quot;,&quot;Yes&quot;,&quot;Exempt from withholding tax&quot;,&quot;Skip&quot;,&quot;New Zealand&quot;,&quot;Australia - X123GH78, India - 9856GFT8, Argentina - X123GH78, Svalbard and Jan Mayen Islands - GT7646HG&quot;,&quot;TRUE&quot;,System.String[])" methodname="ACTPROF_04_CancelCOBDataUpdateInActivate" classname="Join.Form.Customer.Selenium.Features._99_ActivateProfileDetailsFeature" runstate="Runnable" seed="2117962168" result="Skipped" label="Ignored" site="Parent" start-time="0001-01-01 00:00:00Z" end-time="0001-01-01 00:00:00Z" duration="0.000000" asserts="0">
                    <properties />
                    <reason>
                      <message><![CDATA[OneTimeSetUp: Ignored scenario]]></message>
                    </reason>
                  </test-case>
                  <test-case id="0-1031" name="ACTPROF_04_CancelCOBDataUpdateInActivate(&quot;NZTaxResident, Citizenship and profile incomplete&quot;,&quot;Streamline intro&quot;,&quot;Yes&quot;,&quot;Skip&quot;,&quot;Skip&quot;,&quot;New Zealand, Australia, India, Svalbard and Jan Mayen Islands&quot;,&quot;Skip&quot;,&quot;Yes&quot;,&quot;17.5%&quot;,&quot;49-091-850&quot;,&quot;New Zealand, Australia, India, Svalbard and Jan Mayen Islands&quot;,&quot;United States&quot;,&quot;TRUE&quot;,System.String[])" fullname="Join.Form.Customer.Selenium.Features._99_ActivateProfileDetailsFeature.ACTPROF_04_CancelCOBDataUpdateInActivate(&quot;NZTaxResident, Citizenship and profile incomplete&quot;,&quot;Streamline intro&quot;,&quot;Yes&quot;,&quot;Skip&quot;,&quot;Skip&quot;,&quot;New Zealand, Australia, India, Svalbard and Jan Mayen Islands&quot;,&quot;Skip&quot;,&quot;Yes&quot;,&quot;17.5%&quot;,&quot;49-091-850&quot;,&quot;New Zealand, Australia, India, Svalbard and Jan Mayen Islands&quot;,&quot;United States&quot;,&quot;TRUE&quot;,System.String[])" methodname="ACTPROF_04_CancelCOBDataUpdateInActivate" classname="Join.Form.Customer.Selenium.Features._99_ActivateProfileDetailsFeature" runstate="Runnable" seed="1983053759" result="Skipped" label="Ignored" site="Parent" start-time="0001-01-01 00:00:00Z" end-time="0001-01-01 00:00:00Z" duration="0.000000" asserts="0">
                    <properties />
                    <reason>
                      <message><![CDATA[OneTimeSetUp: Ignored scenario]]></message>
                    </reason>
                  </test-case>
                  <test-case id="0-1032" name="ACTPROF_04_CancelCOBDataUpdateInActivate(&quot;NZTaxResident, FTR and profile incomplete&quot;,&quot;Streamline intro,ASB Visa Debit&quot;,&quot;Yes&quot;,&quot;Skip&quot;,&quot;Skip&quot;,&quot;Skip&quot;,&quot;Australia - X123GH78, India - 9856GFT8, Argentina - X123GH78, Svalbard and Jan Mayen Islands - GT7646HG&quot;,&quot;Yes&quot;,&quot;Skip&quot;,&quot;Skip&quot;,&quot;United States&quot;,&quot;Australia&quot;,&quot;TRUE&quot;,System.String[])" fullname="Join.Form.Customer.Selenium.Features._99_ActivateProfileDetailsFeature.ACTPROF_04_CancelCOBDataUpdateInActivate(&quot;NZTaxResident, FTR and profile incomplete&quot;,&quot;Streamline intro,ASB Visa Debit&quot;,&quot;Yes&quot;,&quot;Skip&quot;,&quot;Skip&quot;,&quot;Skip&quot;,&quot;Australia - X123GH78, India - 9856GFT8, Argentina - X123GH78, Svalbard and Jan Mayen Islands - GT7646HG&quot;,&quot;Yes&quot;,&quot;Skip&quot;,&quot;Skip&quot;,&quot;United States&quot;,&quot;Australia&quot;,&quot;TRUE&quot;,System.String[])" methodname="ACTPROF_04_CancelCOBDataUpdateInActivate" classname="Join.Form.Customer.Selenium.Features._99_ActivateProfileDetailsFeature" runstate="Runnable" seed="934156592" result="Skipped" label="Ignored" site="Parent" start-time="0001-01-01 00:00:00Z" end-time="0001-01-01 00:00:00Z" duration="0.000000" asserts="0">
                    <properties />
                    <reason>
                      <message><![CDATA[OneTimeSetUp: Ignored scenario]]></message>
                    </reason>
                  </test-case>
                  <test-case id="0-1033" name="ACTPROF_04_CancelCOBDataUpdateInActivate(&quot;Not NZTaxResident  and profile incomplete&quot;,&quot;Streamline intro&quot;,&quot;No&quot;,&quot;Skip&quot;,&quot;Skip&quot;,&quot;Skip&quot;,&quot;Australia - X123GH78&quot;,&quot;Yes&quot;,&quot;33%&quot;,&quot;111-111-111&quot;,&quot;United States&quot;,&quot;Australia - X123GH78, India - 9856GFT8, Argentina - X123GH78, Svalbard and Jan Mayen Islands - GT7646HG&quot;,&quot;TRUE&quot;,System.String[])" fullname="Join.Form.Customer.Selenium.Features._99_ActivateProfileDetailsFeature.ACTPROF_04_CancelCOBDataUpdateInActivate(&quot;Not NZTaxResident  and profile incomplete&quot;,&quot;Streamline intro&quot;,&quot;No&quot;,&quot;Skip&quot;,&quot;Skip&quot;,&quot;Skip&quot;,&quot;Australia - X123GH78&quot;,&quot;Yes&quot;,&quot;33%&quot;,&quot;111-111-111&quot;,&quot;United States&quot;,&quot;Australia - X123GH78, India - 9856GFT8, Argentina - X123GH78, Svalbard and Jan Mayen Islands - GT7646HG&quot;,&quot;TRUE&quot;,System.String[])" methodname="ACTPROF_04_CancelCOBDataUpdateInActivate" classname="Join.Form.Customer.Selenium.Features._99_ActivateProfileDetailsFeature" runstate="Runnable" seed="1026679469" result="Skipped" label="Ignored" site="Parent" start-time="0001-01-01 00:00:00Z" end-time="0001-01-01 00:00:00Z" duration="0.000000" asserts="0">
                    <properties />
                    <reason>
                      <message><![CDATA[OneTimeSetUp: Ignored scenario]]></message>
                    </reason>
                  </test-case>
                  <test-case id="0-1034" name="ACTPROF_04_CancelCOBDataUpdateInActivate(&quot;No-Approved Issuer Levy at 2% and profile complete on submit&quot;,&quot;Streamline intro,ASB Visa Debit&quot;,&quot;No&quot;,&quot;Approved Issuer Levy at 2%&quot;,&quot;Skip&quot;,&quot;Skip&quot;,&quot;Australia&quot;,&quot;No&quot;,&quot;Approved Issuer Levy at 2%&quot;,&quot;Skip&quot;,&quot;New Zealand&quot;,&quot;No&quot;,&quot;TRUE&quot;,System.String[])" fullname="Join.Form.Customer.Selenium.Features._99_ActivateProfileDetailsFeature.ACTPROF_04_CancelCOBDataUpdateInActivate(&quot;No-Approved Issuer Levy at 2% and profile complete on submit&quot;,&quot;Streamline intro,ASB Visa Debit&quot;,&quot;No&quot;,&quot;Approved Issuer Levy at 2%&quot;,&quot;Skip&quot;,&quot;Skip&quot;,&quot;Australia&quot;,&quot;No&quot;,&quot;Approved Issuer Levy at 2%&quot;,&quot;Skip&quot;,&quot;New Zealand&quot;,&quot;No&quot;,&quot;TRUE&quot;,System.String[])" methodname="ACTPROF_04_CancelCOBDataUpdateInActivate" classname="Join.Form.Customer.Selenium.Features._99_ActivateProfileDetailsFeature" runstate="Runnable" seed="499563095" result="Skipped" label="Ignored" site="Parent" start-time="0001-01-01 00:00:00Z" end-time="0001-01-01 00:00:00Z" duration="0.000000" asserts="0">
                    <properties />
                    <reason>
                      <message><![CDATA[OneTimeSetUp: Ignored scenario]]></message>
                    </reason>
                  </test-case>
                  <test-case id="0-1035" name="ACTPROF_04_CancelCOBDataUpdateInActivate(&quot;No-Non-resident Withholding tax rate and profile incomplete&quot;,&quot;Streamline intro&quot;,&quot;No&quot;,&quot;Non-resident Withholding tax rate&quot;,&quot;49-091-850&quot;,&quot;Skip&quot;,&quot;Australia - X123GH78&quot;,&quot;No&quot;,&quot;Exempt from withholding tax&quot;,&quot;49-091-850&quot;,&quot;Australia&quot;,&quot;Australia - X123GH78&quot;,&quot;TRUE&quot;,System.String[])" fullname="Join.Form.Customer.Selenium.Features._99_ActivateProfileDetailsFeature.ACTPROF_04_CancelCOBDataUpdateInActivate(&quot;No-Non-resident Withholding tax rate and profile incomplete&quot;,&quot;Streamline intro&quot;,&quot;No&quot;,&quot;Non-resident Withholding tax rate&quot;,&quot;49-091-850&quot;,&quot;Skip&quot;,&quot;Australia - X123GH78&quot;,&quot;No&quot;,&quot;Exempt from withholding tax&quot;,&quot;49-091-850&quot;,&quot;Australia&quot;,&quot;Australia - X123GH78&quot;,&quot;TRUE&quot;,System.String[])" methodname="ACTPROF_04_CancelCOBDataUpdateInActivate" classname="Join.Form.Customer.Selenium.Features._99_ActivateProfileDetailsFeature" runstate="Runnable" seed="644604349" result="Skipped" label="Ignored" site="Parent" start-time="0001-01-01 00:00:00Z" end-time="0001-01-01 00:00:00Z" duration="0.000000" asserts="0">
                    <properties />
                    <reason>
                      <message><![CDATA[OneTimeSetUp: Ignored scenario]]></message>
                    </reason>
                  </test-case>
                  <test-case id="0-1036" name="ACTPROF_04_CancelCOBDataUpdateInActivate(&quot;No-Exempt from withholding tax and profile complete on submit&quot;,&quot;Streamline intro,ASB Visa Debit&quot;,&quot;No&quot;,&quot;Exempt from withholding tax&quot;,&quot;111-111-111&quot;,&quot;Skip&quot;,&quot;Australia - X123GH78&quot;,&quot;No&quot;,&quot;Non-resident Withholding tax rate&quot;,&quot;111-111-111&quot;,&quot;New Zealand, Australia, India, Svalbard and Jan Mayen Islands&quot;,&quot;Australia - X123GH78&quot;,&quot;TRUE&quot;,System.String[])" fullname="Join.Form.Customer.Selenium.Features._99_ActivateProfileDetailsFeature.ACTPROF_04_CancelCOBDataUpdateInActivate(&quot;No-Exempt from withholding tax and profile complete on submit&quot;,&quot;Streamline intro,ASB Visa Debit&quot;,&quot;No&quot;,&quot;Exempt from withholding tax&quot;,&quot;111-111-111&quot;,&quot;Skip&quot;,&quot;Australia - X123GH78&quot;,&quot;No&quot;,&quot;Non-resident Withholding tax rate&quot;,&quot;111-111-111&quot;,&quot;New Zealand, Australia, India, Svalbard and Jan Mayen Islands&quot;,&quot;Australia - X123GH78&quot;,&quot;TRUE&quot;,System.String[])" methodname="ACTPROF_04_CancelCOBDataUpdateInActivate" classname="Join.Form.Customer.Selenium.Features._99_ActivateProfileDetailsFeature" runstate="Runnable" seed="766714755" result="Skipped" label="Ignored" site="Parent" start-time="0001-01-01 00:00:00Z" end-time="0001-01-01 00:00:00Z" duration="0.000000" asserts="0">
                    <properties />
                    <reason>
                      <message><![CDATA[OneTimeSetUp: Ignored scenario]]></message>
                    </reason>
                  </test-case>
                </test-suite>
                <test-case id="0-1038" name="ACTPROF_05_SourceOfWealthVerification_Non_HighRiskCountry" fullname="Join.Form.Customer.Selenium.Features._99_ActivateProfileDetailsFeature.ACTPROF_05_SourceOfWealthVerification_Non_HighRiskCountry" methodname="ACTPROF_05_SourceOfWealthVerification_Non_HighRiskCountry" classname="Join.Form.Customer.Selenium.Features._99_ActivateProfileDetailsFeature" runstate="Ignored" seed="1351552313" result="Skipped" label="Ignored" start-time="2017-12-05 16:05:42Z" end-time="2017-12-05 16:05:42Z" duration="0.000929" asserts="0">
                  <properties>
                    <property name="Description" value="ACTPROF_05 - Source of wealth verification - Non-high risk country" />
                    <property name="_SKIPREASON" value="Ignored scenario" />
                    <property name="Category" value="activateprofile" />
                    <property name="Category" value="COB" />
                    <property name="Category" value="integration" />
                    <property name="Category" value="082016" />
                    <property name="Category" value="eidv" />
                    <property name="Category" value="obsolete" />
                  </properties>
                  <reason>
                    <message><![CDATA[Ignored scenario]]></message>
                  </reason>
                </test-case>
                <test-case id="0-1039" name="ACTPROF_06_SourceOfWealthVerification_HighRiskCountry" fullname="Join.Form.Customer.Selenium.Features._99_ActivateProfileDetailsFeature.ACTPROF_06_SourceOfWealthVerification_HighRiskCountry" methodname="ACTPROF_06_SourceOfWealthVerification_HighRiskCountry" classname="Join.Form.Customer.Selenium.Features._99_ActivateProfileDetailsFeature" runstate="Ignored" seed="276126409" result="Skipped" label="Ignored" start-time="2017-12-05 16:05:42Z" end-time="2017-12-05 16:05:42Z" duration="0.000027" asserts="0">
                  <properties>
                    <property name="Description" value="ACTPROF_06 - Source of wealth verification - High risk country" />
                    <property name="_SKIPREASON" value="Ignored scenario" />
                    <property name="Category" value="activateprofile" />
                    <property name="Category" value="COB" />
                    <property name="Category" value="integration" />
                    <property name="Category" value="082016" />
                    <property name="Category" value="eidv" />
                    <property name="Category" value="regression" />
                    <property name="Category" value="obsolete" />
                  </properties>
                  <reason>
                    <message><![CDATA[Ignored scenario]]></message>
                  </reason>
                </test-case>
                <test-suite type="ParameterizedMethod" id="0-1042" name="ACTPROF_07_IRDNumberValidation" fullname="Join.Form.Customer.Selenium.Features._99_ActivateProfileDetailsFeature.ACTPROF_07_IRDNumberValidation" classname="Join.Form.Customer.Selenium.Features._99_ActivateProfileDetailsFeature" runstate="Ignored" testcasecount="2" result="Skipped" label="Ignored" site="SetUp" start-time="2017-12-05 16:05:42Z" end-time="2017-12-05 16:05:42Z" duration="0.006565" total="2" passed="0" failed="0" warnings="0" inconclusive="0" skipped="2" asserts="0">
                  <properties>
                    <property name="Description" value="ACTPROF_07 - IRD number validation" />
                    <property name="_SKIPREASON" value="Ignored scenario" />
                    <property name="Category" value="activateprofile" />
                    <property name="Category" value="COB" />
                    <property name="Category" value="integration" />
                    <property name="Category" value="082016" />
                    <property name="Category" value="obsolete" />
                  </properties>
                  <reason>
                    <message><![CDATA[Ignored scenario]]></message>
                  </reason>
                  <test-case id="0-1040" name="ACTPROF_07_IRDNumberValidation(&quot;8D IRD - Prefix 0&quot;,&quot;049091850&quot;,&quot;is NOT&quot;,System.String[])" fullname="Join.Form.Customer.Selenium.Features._99_ActivateProfileDetailsFeature.ACTPROF_07_IRDNumberValidation(&quot;8D IRD - Prefix 0&quot;,&quot;049091850&quot;,&quot;is NOT&quot;,System.String[])" methodname="ACTPROF_07_IRDNumberValidation" classname="Join.Form.Customer.Selenium.Features._99_ActivateProfileDetailsFeature" runstate="Runnable" seed="18788860" result="Skipped" label="Ignored" site="Parent" start-time="0001-01-01 00:00:00Z" end-time="0001-01-01 00:00:00Z" duration="0.000000" asserts="0">
                    <properties />
                    <reason>
                      <message><![CDATA[OneTimeSetUp: Ignored scenario]]></message>
                    </reason>
                  </test-case>
                  <test-case id="0-1041" name="ACTPROF_07_IRDNumberValidation(&quot;8D IRD - Prefix 00&quot;,&quot;0049091850&quot;,&quot;is&quot;,System.String[])" fullname="Join.Form.Customer.Selenium.Features._99_ActivateProfileDetailsFeature.ACTPROF_07_IRDNumberValidation(&quot;8D IRD - Prefix 00&quot;,&quot;0049091850&quot;,&quot;is&quot;,System.String[])" methodname="ACTPROF_07_IRDNumberValidation" classname="Join.Form.Customer.Selenium.Features._99_ActivateProfileDetailsFeature" runstate="Runnable" seed="1186961259" result="Skipped" label="Ignored" site="Parent" start-time="0001-01-01 00:00:00Z" end-time="0001-01-01 00:00:00Z" duration="0.000000" asserts="0">
                    <properties />
                    <reason>
                      <message><![CDATA[OneTimeSetUp: Ignored scenario]]></message>
                    </reason>
                  </test-case>
                </test-suite>
              </test-suite>
            </test-suite>
          </test-suite>
        </test-suite>
      </test-suite>
    </test-suite>
  </test-suite>
</test-run>